373 439 2448 22834-22839 22880-22893 22897-22905
373 439 2449 22779-22793 22797-22834 22836-22928
373 439 2450 22761-22782 22793-22798 22826 22864-22878 22896-22937
373 439 2451 22746-22762 22912-22942
373 439 2452 22715-22718 22729-22751 22915-22945
373 439 2453 22707-22730 22912-22946
373 439 2454 22688-22690 22702-22708 22900-22944
373 439 2455 22683-22703 22890-22939
373 439 2456 22669-22685 22866-22901
373 439 2457 22664-22671 22861-22882
373 439 2458 22658-22667 22831-22862
373 439 2459 22655-22662 22790-22802 22808-22831 22849-22857
373 439 2460 22652-22657 22771-22791 22802-22810 22824-22826
373 439 2461 22640-22655 22754-22773
373 439 2462 22641-22653 22734-22762
373 439 2463 22642-22651 22728-22736
373 439 2464 22643-22651 22699 22712-22728
373 439 2465 22644-22662 22676-22683 22695-22714
373 439 2466 22645-22679 22682-22696
373 439 2467 22646-22655 22668-22671
373 518 1415 23248
373 518 1416 23245
373 518 1417 23246
373 518 1423 23252 23256
373 518 1424 23253
767 2432 1702 27148
767 2432 1703 27148-27149
767 2432 1704 27149
1003 4701 1663 592662-592663
1003 4701 1664 592664
1003 4701 1665 592662 592665
1003 4701 1668 592664 592667
1003 4701 1670 592668
1003 4701 1671 592669
1003 4701 1672 592668-592669
1003 4701 1673 592669
1028 1727 3230 77378-77379
1028 1727 3231 77378-77379
1028 4807 3246 78123
1028 4807 3247 78123-78124
1028 4807 3248 78124-78126
1028 4807 3249 78125 78127
1028 4807 3250 78128
1028 4807 3251 78129
1028 4807 3252 78130
1028 4807 3253 78129 78131
1028 4807 3254 78130-78131
1028 4807 3255 78131-78132
1028 4807 3256 78132
1106 2005 2210 126485-126487
1106 2005 2211 126484-126489
1106 2005 2212 126483-126484 126490-126491
1106 2005 2213 126483-126484 126491-126492
1106 2005 2214 126483-126484 126492-126493
1106 2005 2215 126484 126493
1106 2005 2216 126484-126485 126493-126494
1106 2005 2217 126485-126486 126493-126494
1106 2005 2218 126487-126493
1106 2005 2219 126489-126492
1256 2822 2865 114062-114064
1256 2822 2866 114062-114063 114065
1256 2822 2867 114066
1256 2822 2868 114063 114067
1256 2822 2869 114063
1256 2822 2870 114068
1256 2822 2871 114064 114069
1256 2822 2873 114065 114070
1256 2822 2875 114066 114071
1256 2822 2876 114067 114071
1256 2822 2877 114068 114071
1256 2822 2878 114069-114071
1256 2822 2879 114070-114071
1365 2278 2792 412503-412504
1365 2278 2793 412503-412505
1365 2278 2794 412503 412506
1365 2278 2795 412507
1365 2278 2796 412504 412508
1365 2278 2797 412509
1365 2278 2798 412505
1365 2278 2799 412506
1365 2278 2800 412511
1365 2278 2801 412507 412512
1365 2278 2802 412508 412513
1365 2278 2803 412508
1365 2278 2804 412509
1365 2278 2805 412509-412510 412515
1365 2278 2806 412510 412516
1365 2278 2807 412511
1365 2278 2808 412511-412512 412517
1365 2278 2809 412512
1365 2278 2810 412513 412518
1365 2278 2811 412513-412514 412519
1365 2278 2812 412514-412515 412518-412519
1365 2278 2813 412515-412519
1365 2278 2814 412516-412519
1365 2278 2815 412517-412519
1643 2080 31 644626
1643 2080 32 644627
1643 2080 33 644627
1643 2080 34 644627-644628
1643 2080 35 644627-644628
1643 2080 36 644628-644629
1643 2080 37 644628-644629
1643 2080 38 644628-644630
1643 2080 39 644629-644630
1643 2080 40 644629-644631
1643 2080 41 644629-644631
1643 2080 42 644630-644632
1643 2080 43 644630 644632
1643 2080 44 644630 644633
1643 2080 45 644631 644633
1643 2080 46 644631
1643 2080 47 644631 644634
1643 2080 49 644632 644635
1643 2080 50 644632
1643 2080 51 644636
1643 2080 52 644633 644636
1643 2080 53 644633
1643 2080 54 644637
1643 2080 55 644634
1643 2080 56 644634 644638
1643 2080 58 644635 644639
1643 2080 59 644635
1643 2080 60 644640
1643 2080 61 644636
1643 2080 62 644641
1643 2080 63 644641
1643 2080 64 644637 644642
1643 2080 65 644642
1643 2080 66 644638
1643 2080 67 644643
1643 2080 68 644639
1643 2080 69 644639 644644
1643 2080 71 644640 644645
1643 2080 73 644641 644646
1643 2080 74 644646
1643 2080 75 644642
1643 2080 76 644642 644647
1643 2080 78 644643 644648
1643 2080 80 644644 644649
1643 2080 82 644645 644650
1643 2080 83 644650
1643 2080 84 644646
1643 2080 85 644646 644651
1643 2080 86 644651
1643 2080 87 644647
1643 2080 88 644652
1643 2080 89 644648
1643 2080 91 644649 644653
1643 2080 93 644650 644654
1643 2080 94 644650 644654
1643 2080 96 644651 644655
1643 2080 97 644655
1643 2080 99 644652 644656
1643 2080 100 644656
1643 2080 101 644653
1643 2080 102 644657
1643 2080 103 644657
1643 2080 104 644654
1643 2080 105 644658
1643 2080 106 644655 644658
1643 2080 107 644655
1643 2080 108 644656 644659
1643 2080 109 644656 644659
1643 2080 111 644657 644660
1643 2080 112 644657 644660
1643 2080 113 644658 644661
1643 2080 114 644658 644661
1643 2080 115 644659 644661
1643 2080 116 644659 644661-644662
1643 2080 117 644660 644662
1643 2080 118 644660 644662
1643 2080 119 644660-644663
1643 2080 120 644661-644663
1643 2080 121 644661-644663
1643 2080 122 644662-644664
1643 2080 123 644662-644664
1643 2080 124 644663-644664
1643 2080 125 644663-644664
1643 2080 126 644664-644665
1643 2080 127 644665
1643 2080 128 644665
1902 1806 860 457265-457268 457273-457286
1902 1806 861 457265-457281 457285-457291
1902 1806 862 457290-457301
1902 1806 863 457294-457305
1902 1806 864 457305-457308
1902 1806 865 457309-457312
1902 1806 866 457313-457328
1902 1806 867 457265-457268 457316-457321 457326-457332 457345
1902 1806 868 457266-457285 457331-457353
1902 1806 869 457275-457297 457350-457369
1902 1806 870 457290-457311 457357-457375
1902 1806 871 457311-457315 457374-457380
1902 1806 872 457315-457319 457380-457395
1902 1806 873 457319-457323 457383-457404
1902 1806 874 457323-457333 457336-457352 457398-457407
1902 1806 875 457327-457360 457375 457407-457410 457413-457439
1902 1806 876 457357-457380 457410-457417 457424-457429 457439-457443
1902 1806 877 457380-457383 457443-457457
1902 1806 878 457383-457386 457457-457460
1902 1806 879 457386-457394 457460-457464 457470-457482 457500-457512
1902 1806 880 457390-457408 457413-457422 457463-457472 457479-457489 457497-457517
1902 1806 881 457397-457416 457421-457431 457487-457499 457516-457520 457550-457567
1902 1806 882 457429-457455 457493-457496 457520-457531 457546-457571
1902 1806 883 457450-457458 457523-457574
1902 1806 884 457458-457461 457473-457477 457510-457516 457536-457547 457561-457579
1902 1806 885 457461-457465 457468-457485 457504-457519 457555-457585
1902 1806 886 457465-457469 457483-457491 457501-457506 457519-457523 457551-457566 457568-457598
1902 1806 887 457489-457503 457522-457559 457572-457601 457659
1902 1806 888 457496-457500 457526-457546 457548-457553 457575-457605 457619-457628 457656-457665
1902 1806 889 457581-457610 457612-457644 457651-457669 457687
1902 1806 890 457588-457675 457682-457691
1902 1806 891 457600-457695 457697-457709
1902 1806 892 457604-457661 457668-457715
1902 1806 893 457608-457619 457635-457658 457672-457706
1902 1806 894 457647-457649 457676-457683 457691-457701
2054 402 1660 235428-235429 235455-235463
2054 402 1661 235419-235431 235455-235464
2054 402 1662 235419-235430 235432-235434 235454-235466
2054 402 1663 235420-235429 235435-235436 235454 235467-235468
2054 402 1664 235422-235429 235437-235438 235453-235454 235468-235469
2054 402 1665 235423-235430 235439-235440 235453 235470-235471
2054 402 1666 235425-235432 235442-235451 235453 235472-235473
2054 402 1667 235426-235436 235473-235475
2054 402 1668 235431-235438 235475-235477
2054 402 1669 235439 235476-235478
2054 402 1670 235441 235478-235480
2054 402 1671 235442-235448 235474 235479-235483
2054 402 1672 235456 235473-235483
2054 402 1673 235457 235471-235483
2054 402 1674 235459 235469-235474 235479-235481
2054 402 1675 235460 235464-235472
2054 402 1676 235462-235470
2054 402 1677 235463-235468
2467 2178 25 460669-460687
2467 2178 26 460665-460671 460685-460692
2467 2178 27 460663-460666 460693-460699
2467 2178 28 460662-460665 460696-460704
2467 2178 29 460661-460664 460700-460706
2467 2178 30 460660-460664 460702-460706
2467 2178 31 460659-460664 460702-460706
2467 2178 32 460660-460667 460671-460672 460701-460706
2467 2178 33 460662-460677 460698-460704
2467 2178 34 460664-460668 460678-460683 460691-460702
2467 2178 35 460684-460692
2467 5408 25 461164-461183
2467 5408 26 461160-461164 461180-461185
2467 5408 27 461156-461161 461183-461186
2467 5408 28 461154-461157 461184-461186
2467 5408 29 461152-461156 461184-461186
2467 5408 30 461152-461155 461183-461185
2467 5408 31 461152-461155 461182-461184
2467 5408 32 461153-461156 461181-461183
2467 5408 33 461155-461158 461180-461182
2467 5408 34 461157-461162 461179-461180
2467 5408 35 461161-461167 461178-461179
2467 5408 36 461167-461171 461174-461178
2467 5408 37 461171-461176
2523 402 2300 236339-236344
2523 402 2301 236340-236349
2523 402 2302 236341-236351 236361-236366
2523 402 2303 236342-236353 236355-236362 236367-236368
2523 402 2304 236343-236346 236353-236355 236369-236370
2523 402 2305 236345-236346 236371-236372
2523 402 2306 236346-236347 236373-236374
2523 402 2307 236347-236348 236374-236376
2523 402 2308 236348-236349 236376-236378
2523 402 2309 236350-236351 236366 236378-236379
2523 402 2310 236351-236353 236357-236368 236379-236382 236386-236388
2523 402 2311 236352-236358 236369-236371 236381-236389
2523 402 2312 236353-236355 236371-236374 236382-236389
2523 402 2313 236374-236376 236383-236389
2523 402 2314 236376-236379 236384-236389
2523 402 2315 236378-236388
2523 402 2316 236381-236388
2523 402 2317 236383-236386
2523 1166 1584 237923
2523 1166 1585 237924
2523 1166 1586 237925
2523 1166 1587 237925-237926
2523 1166 1588 237926-237927
2523 1166 1589 237926-237928
2523 1166 1590 237927-237928
2523 1166 1591 237928-237929
2523 1166 1592 237928 237930
2523 1166 1593 237929 237931
2523 1166 1594 237929
2523 1166 1595 237930 237932
2523 1166 1596 237930 237933
2523 1166 1598 237931
2523 1166 1599 237935
2523 1166 1600 237932 237936
2523 1166 1602 237933
2523 1166 1603 237938
2523 1166 1604 237934
2523 1166 1605 237939
2523 1166 1606 237935 237940
2523 1166 1607 237940
2523 1166 1608 237936 237941
2523 1166 1610 237937 237942
2523 1166 1611 237938
2523 1166 1612 237938 237943
2523 1166 1613 237939
2523 1166 1614 237944
2523 1166 1615 237940 237945
2523 1166 1617 237941 237946
2523 1166 1619 237942 237947
2523 1166 1620 237948
2523 1166 1621 237943 237948
2523 1166 1622 237944 237949
2523 1166 1623 237950
2523 1166 1624 237945
2523 1166 1625 237951
2523 1166 1626 237946 237952
2523 1166 1627 237947 237953
2523 1166 1628 237947 237953
2523 1166 1629 237948 237954
2523 1166 1630 237949 237955
2523 1166 1631 237950 237956
2523 1166 1632 237950-237951 237956
2523 1166 1633 237951 237957
2523 1166 1634 237952 237958
2523 1166 1635 237953 237958
2523 1166 1636 237954 237959
2523 1166 1637 237954-237955 237960
2523 1166 1638 237955 237960
2523 1166 1639 237956 237961
2523 1166 1640 237957 237961-237962
2523 1166 1641 237957-237958 237962
2523 1166 1642 237958-237959
2523 1166 1643 237959-237960 237963
2523 1166 1644 237960-237961 237963
2523 1166 1645 237961-237963
2523 1166 1646 237962-237963
2523 1166 1647 237962-237963
2523 1166 1648 237963
2523 2054 625 236234
2523 2054 626 236232-236238
2523 2054 627 236233-236234 236240-236241
2523 2054 628 236234 236243
2523 2054 629 236235-236236 236244
2523 2054 630 236237 236246
2523 2054 631 236238-236239 236247
2523 2054 632 236240 236249
2523 2054 633 236242 236250
2523 2054 634 236244 236252
2523 2054 635 236245 236253
2523 2054 636 236247 236254-236255
2523 2054 637 236248 236256-236257
2523 2054 638 236250 236258
2523 2054 639 236251 236259
2523 2054 640 236253 236258-236260
2523 2054 641 236254-236259
2671 2949 3213 30032-30036
2671 2949 3214 30031-30038
2671 2949 3215 30030-30031 30038-30039
2671 2949 3216 30030-30031 30039-30040
2671 2949 3217 30029-30030 30040-30041
2671 2949 3218 30029-30030 30040-30041
2671 2949 3219 30030 30040-30041
2671 2949 3220 30030-30031 30040-30041
2671 2949 3221 30031-30032 30040-30041
2671 2949 3222 30032-30033 30039-30040
2671 2949 3223 30033-30039
2671 2949 3224 30034-30038
2831 4759 2900 135437-135438
2831 4759 2901 135437-135439
2831 4759 2902 135437-135438 135440
2831 4759 2903 135438 135441
2831 4759 2904 135438 135442
2831 4759 2905 135439 135442
2831 4759 2906 135440-135443
2831 4759 2907 135441-135443
2949 3054 1034 24455
2949 3054 1035 24456-24457
2949 3054 1036 24457-24460
2949 3054 1037 24459-24462
2949 3054 1038 24461-24464
2949 3054 1039 24462-24467
2949 3054 1040 24461-24468
2949 3054 1041 24462-24470
2949 3054 1042 24463-24470
2981 4723 2650 312364-312365
2981 4723 2651 312365-312366
3216 4486 3130 498813
3216 4486 3131 498813-498814
3216 4486 3132 498813-498814
3216 4486 3133 498813-498815
3216 4486 3134 498813-498815
3216 4486 3135 498813 498815
3216 4486 3136 498813 498816
3216 4486 3137 498813 498816
3216 4486 3138 498814 498816-498817
3216 4486 3139 498814 498817
3216 4486 3140 498814 498817-498818
3216 4486 3141 498814 498817-498818
3216 4486 3142 498815 498818-498819
3216 4486 3143 498815 498818-498819
3216 4486 3144 498815-498816 498818-498820
3216 4486 3145 498816-498820
3216 4486 3146 498816-498820
3216 4486 3147 498817-498821
3216 4486 3148 498817-498821
3216 4486 3149 498818-498821
3216 4486 3150 498819-498821
3216 4486 3151 498821
3433 2655 2661 314351-314353
3433 2655 2662 314352-314355
3433 2655 2663 314354-314356
3433 2655 2672 316402-316408 316437
3433 2655 2673 316401-316403 316409-316414 316434-316439
3433 2655 2674 316400-316401 316415-316419 316432-316437 316440-316441
3433 2655 2675 316398-316400 316420-316424 316430-316434 316442-316443
3433 2655 2676 316397-316398 316425-316432 316444-316445
3433 2655 2677 316395-316397 316429 316445-316447
3433 2655 2678 316393-316395 316409-316413 316441-316443 316447-316449
3433 2655 2679 316370-316381 316391-316393 316405-316411 316413-316418 316440-316446 316448-316450
3433 2655 2680 316369-316385 316389-316392 316402-316407 316419-316423 316438-316443 316446-316452
3433 2655 2681 316367-316390 316399-316403 316424-316428 316437-316440 316448-316454
3433 2655 2682 316367-316387 316397-316399 316428-316433 316435-316438 316450-316456
3433 2655 2683 316367-316371 316373-316386 316394-316397 316433-316437 316452-316458
3433 2655 2684 316379-316395 316454-316460
3433 2655 2685 316385-316390 316457-316462
3433 2655 2686 316459-316464
3433 2655 2687 316462-316466
3433 2655 2688 316464-316468
3939 4913 2486 249555
3939 4913 2487 249555
3939 4913 2501 249555
4146 3663 2418 548253-548254
4146 3663 2419 548254-548255
4146 3663 2420 548254-548255
4146 3663 2421 548255-548256
4556 5528 0 476550 476553
4556 5528 1 476551 476554
4556 5528 2 476551-476552 476554
4556 5528 3 476552 476555
4556 5528 4 476553 476556
4556 5528 5 476554 476557
4556 5528 6 476554 476557
4556 5528 7 476555 476558
4556 5528 8 476556 476559
4556 5528 9 476556 476559
4556 5528 10 476557 476560
4556 5528 11 476558 476561
4556 5528 12 476558 476561
4556 5528 13 476559 476562
4556 5528 14 476560 476563
4556 5528 15 476560 476563
4556 5528 16 476561 476564
4556 5528 17 476562 476564
4556 5528 18 476562 476565
4556 5528 19 476563 476566
4556 5528 20 476563 476566
4556 5528 21 476564 476567
4556 5528 22 476565 476567
4556 5528 23 476565 476568
4556 5528 24 476566 476569
4556 5528 25 476569
4556 5528 26 476567 476570
4556 5528 27 476568 476570
4556 5528 28 476568 476571
4556 5528 29 476569
4556 5528 30 476570 476572
4556 5528 31 476570
4556 5528 32 476571 476573
4556 5528 33 476571 476573
4556 5528 34 476572 476574
4556 5528 35 476572 476574
4556 5528 36 476575
4556 5528 37 476573 476575
4556 5528 39 476574 476576
4556 5528 41 476575 476577
4556 5528 42 476575
4556 5528 43 476576 476578
4556 5528 44 476576 476578
4556 5528 45 476577 476579
4556 5528 46 476577 476579
4556 5528 47 476580
4556 5528 48 476578 476580
4556 5528 50 476579 476581
4556 5528 52 476580 476582
4556 5528 53 476580
4556 5528 54 476581 476583
4556 5528 55 476581 476583
4556 5528 56 476582 476584
4556 5528 57 476582 476584
4556 5528 58 476585
4556 5528 59 476583 476585
4556 5528 60 476586
4556 5528 61 476584 476586
4556 5528 62 476587
4556 5528 63 476585 476588
4556 5528 64 476585 476588
4556 5528 65 476586 476589
4556 5528 66 476587 476590
4556 5528 67 476587 476590
4556 5528 68 476588 476591
4556 5528 69 476589 476591-476592
4556 5528 70 476589 476592
4556 5528 71 476590 476593
4556 5528 72 476591 476593
4556 5528 73 476591 476594
4556 5528 74 476592 476595
4556 5528 75 476592-476593 476595
4556 5528 76 476593 476596
4556 5528 77 476594 476597
4556 5528 78 476594 476597
4556 5528 79 476595 476598
4556 5528 80 476596 476598-476599
4556 5528 81 476596 476599
4556 5528 82 476597 476600
4556 5528 83 476598 476600
4556 5528 84 476598 476601
4556 5528 85 476599 476602
4556 5528 86 476599 476602
4556 5528 87 476600 476603
4556 5528 88 476600-476601 476604
4556 5528 89 476601 476604
4556 5528 90 476602 476605
4556 5528 91 476602 476605
4556 5528 92 476603 476606
4556 5528 93 476603 476607
4556 5528 94 476604 476607
4556 5528 95 476604-476605 476608
4556 5528 96 476605 476608
4556 5528 97 476606 476609
4556 5528 98 476606 476609-476610
4556 5528 99 476607 476610
4556 5528 100 476607 476611
4556 5528 101 476608 476611
4556 5528 102 476608-476609 476612
4556 5528 103 476609 476612
4556 5528 104 476610 476613
4556 5528 105 476610 476613-476614
4556 5528 106 476611 476614
4556 5528 107 476611-476612 476615
4556 5528 108 476612 476615
4556 5528 109 476613 476616
4556 5528 110 476613 476616-476617
4556 5528 111 476614 476617
4556 5528 112 476614 476618
4556 5528 113 476615 476618
4556 5528 114 476615-476616 476619
4556 5528 115 476616 476619
4556 5528 116 476616-476617 476620
4556 5528 117 476616-476617 476620-476621
4556 5528 118 476617 476621
4556 5528 119 476617-476618
4556 5528 120 476618 476622
4556 5528 121 476618-476619 476622
4556 5528 122 476619 476623
4556 5528 123 476619-476620 476623
4556 5528 124 476620 476623
4556 5528 125 476620-476621 476623-476624
4556 5528 126 476620-476621 476624
4556 5528 127 476621 476624
4556 5528 128 476621-476622 476624
4556 5528 129 476622 476625
4556 5528 130 476622 476625
4556 5528 131 476622 476625
4556 5528 132 476623 476626
4556 5528 133 476623 476626
4556 5528 134 476623 476626
4556 5528 135 476624 476627
4556 5528 136 476624 476627
4556 5528 137 476624 476627
4556 5528 138 476625 476627-476628
4556 5528 139 476625 476628
4556 5528 140 476625 476628
4556 5528 141 476626 476628
4556 5528 142 476626 476629
4556 5528 143 476626 476629
4556 5528 144 476627 476629
4556 5528 145 476627 476630
4556 5528 146 476627 476630
4556 5528 147 476628 476630
4556 5528 148 476628 476631
4556 5528 149 476628 476631
4556 5528 150 476628-476629 476631
4556 5528 151 476629 476632
4556 5528 152 476629 476632
4556 5528 153 476630 476632
4556 5528 154 476630 476633
4556 5528 155 476631 476633
4556 5528 156 476631
4556 5528 157 476632 476634
4556 5528 158 476632
4556 5528 159 476633 476635
4556 5528 160 476633
4556 5528 161 476634 476636
4556 5528 162 476634 476636
4556 5528 163 476635 476637
4556 5528 164 476635 476637
4556 5528 165 476636 476638
4556 5528 166 476636 476639
4556 5528 167 476639
4556 5528 168 476637 476640
4556 5528 169 476638 476640-476641
4556 5528 170 476638 476641
4556 5528 171 476639 476642
4556 5528 172 476640 476642
4556 5528 173 476640 476643
4556 5528 174 476641 476644
4556 5528 175 476641 476644
4556 5528 176 476642 476645
4556 5528 177 476643 476645
4556 5528 178 476643 476646
4556 5528 179 476644 476647
4556 5528 180 476644 476647
4556 5528 181 476645 476648
4556 5528 182 476646 476648
4556 5528 183 476646 476649
4556 5528 184 476647 476650
4556 5528 185 476647-476648 476650
4556 5528 186 476648 476651
4556 5528 187 476648-476649 476651
4556 5528 188 476649 476652
4556 5528 189 476649 476652
4556 5528 190 476649-476650 476653
4556 5528 191 476650
4556 5528 192 476650 476654
4556 5528 193 476650-476651 476654-476655
4556 5528 194 476651 476655
4556 5528 195 476651 476655
4556 5528 196 476651-476652 476655-476656
4556 5528 197 476652 476656
4556 5528 198 476652 476656
4556 5528 199 476652-476653 476656-476657
4556 5528 200 476653 476657
4556 5528 201 476653 476657
4556 5528 202 476653-476654 476657-476658
4556 5528 203 476654 476658
4556 5528 204 476654 476658
4556 5528 205 476654-476655 476658-476659
4556 5528 206 476655 476659
4556 5528 207 476655 476659
4556 5528 208 476655-476656 476659-476660
4556 5528 209 476656 476660
4556 5528 210 476656 476660
4556 5528 211 476657 476660-476661
4556 5528 212 476657 476661
4556 5528 213 476658 476661
4556 5528 214 476661-476662
4556 5528 215 476659 476662
4556 5528 216 476660 476662
4556 5528 217 476660
4556 5528 218 476661 476663
4556 5528 219 476662 476664
4556 5528 220 476662 476664
4556 5528 221 476663 476665
4556 5528 222 476663 476665
4556 5528 223 476664 476666
4556 5528 224 476664 476666
4556 5528 225 476665 476667
4556 5528 226 476665 476667
4556 5528 227 476666 476668
4556 5528 228 476666 476668
4556 5528 229 476667 476669
4556 5528 230 476667 476669
4556 5528 231 476667 476670
4556 5528 232 476668 476670
4556 5528 233 476668 476671
4556 5528 234 476671
4556 5528 235 476669 476672
4556 5528 236 476669 476672
4556 5528 237 476670 476672
4556 5528 238 476670 476673
4556 5528 239 476670 476673
4556 5528 240 476671 476673
4556 5528 241 476671 476674
4556 5528 242 476671 476674
4556 5528 243 476672 476674
4556 5528 244 476672 476675
4556 5528 245 476672 476675
4556 5528 246 476673 476675-476676
4556 5528 247 476673 476676
4556 5528 248 476673 476676-476677
4556 5528 249 476674 476677
4556 5528 250 476674 476677-476678
4556 5528 251 476678
4556 5528 252 476675 476678-476679
4556 5528 253 476679
4556 5528 254 476676 476679-476680
4556 5528 255 476677 476680
4556 5528 256 476678 476680-476681
4556 5528 257 476678 476681
4556 5528 258 476679 476681-476682
4556 5528 259 476680 476682
4556 5528 260 476683
4556 5528 261 476681 476683
4556 5528 262 476682 476684
4556 5528 263 476685
4556 5528 264 476683
4556 5528 265 476684 476686
4556 5528 266 476685 476687
4556 5528 267 476685
4556 5528 268 476686 476688
4556 5528 269 476687 476689
4556 5528 271 476688 476690
4556 5528 272 476689 476691
4556 5528 273 476689
4556 5528 274 476690 476692
4556 5528 275 476691 476693
4556 5528 276 476691
4556 5528 277 476692 476694
4556 5528 278 476693 476695
4556 5528 279 476693
4556 5528 280 476694 476696
4556 5528 281 476695 476697
4556 5528 282 476695
4556 5528 283 476696 476698
4556 5528 284 476697 476699
4556 5528 285 476697
4556 5528 286 476698 476700
4556 5528 287 476699-476700
4556 5528 288 476699
4556 5528 289 476701
4556 5528 290 476700
4556 5528 291 476702
4556 5528 292 476701
4556 5528 293 476703
4556 5528 294 476702
4556 5528 295 476704
4556 5528 296 476703
4556 5528 297 476705
4556 5528 298 476705
4556 5528 299 476704
4556 5528 300 476706
4556 5528 301 476705
4556 5528 302 476705 476707
4556 5528 303 476705 476707
4556 5528 305 476706 476708
4556 5528 306 476706 476708
4556 5528 308 476707
4556 5528 309 476707 476709
4556 5528 310 476707 476709
4556 5528 312 476708 476710
4556 5528 313 476708 476710
4556 5528 314 476710
4556 5528 315 476709
4556 5528 316 476709 476711
4556 5528 317 476709 476711
4556 5528 319 476710 476712
4556 5528 320 476710 476712
4556 5528 321 476710 476712
4556 5528 323 476711 476713
4556 5528 324 476711 476713
4556 5528 325 476711 476713
4556 5528 327 476712 476714
4556 5528 328 476712 476714
4556 5528 329 476712 476714-476715
4556 5528 330 476715
4556 5528 331 476713 476715-476716
4556 5528 332 476713 476716
4556 5528 333 476713 476716-476717
4556 5528 334 476717
4556 5528 335 476714 476717-476718
4556 5528 336 476714 476718
4556 5528 337 476714-476715 476718-476719
4556 5528 338 476715 476719
4556 5528 339 476715-476716 476719-476720
4556 5528 340 476716 476720
4556 5528 341 476716-476717 476720-476721
4556 5528 342 476717 476721
4556 5528 343 476718 476721-476722
4556 5528 344 476718 476722
4556 5528 345 476719 476722-476723
4556 5528 346 476719-476720 476723
4556 5528 347 476720 476723-476724
4556 5528 348 476720-476721 476724
4556 5528 349 476721 476725
4556 5528 350 476722 476725-476726
4556 5528 351 476722 476726
4556 5528 352 476723 476726-476727
4556 5528 353 476723-476724 476727
4556 5528 354 476724 476727-476728
4556 5528 355 476725 476728
4556 5528 356 476725-476726 476728-476729
4556 5528 357 476726 476729
4556 5528 358 476727 476730
4556 5528 359 476727 476730
4556 5528 360 476728 476731
4556 5528 361 476729 476732
4556 5528 362 476729 476732
4556 5528 363 476730 476733
4556 5528 364 476730-476731 476733-476734
4556 5528 365 476731 476734
4556 5528 366 476732 476735
4556 5528 367 476732 476735
4556 5528 368 476733
4556 5528 369 476734 476736
4556 5528 370 476734
4556 5528 371 476735 476737
4556 5528 372 476737
4556 5528 373 476736
4556 5528 374 476736 476738
4556 5528 375 476738
4556 5528 376 476737 476739
4556 5528 377 476737 476739
4556 5528 379 476738 476740
4556 5528 380 476740
4556 5528 381 476739
4556 5528 382 476739 476741
4556 5528 384 476740 476742
4556 5528 385 476740 476742
4556 5528 386 476741
4556 5528 387 476741 476743
4556 5528 388 476741 476743
4556 5528 390 476742 476744
4556 5528 391 476742 476744
4556 5528 392 476742 476744
4556 5528 393 476743 476745
4556 5528 394 476743 476745
4556 5528 395 476743 476745
4556 5528 397 476744 476746
4556 5528 398 476744 476746
4556 5528 399 476744 476746-476747
4556 5528 400 476745 476747
4556 5528 401 476745 476747-476748
4556 5528 402 476745 476748
4556 5528 403 476746 476748-476749
4556 5528 404 476746 476749
4556 5528 405 476746-476747 476749-476750
4556 5528 406 476746-476747 476750-476751
4556 5528 407 476747-476748 476750-476751
4556 5528 408 476747-476748 476751-476752
4556 5528 409 476748-476749 476751-476752
4556 5528 410 476749 476752-476753
4556 5528 411 476749-476750 476752-476753
4556 5528 412 476750-476751 476753-476754
4556 5528 413 476750-476751 476753-476754
4556 5528 414 476751-476755
4556 5528 415 476751-476755
4556 5528 416 476752-476756
4556 5528 417 476752-476756
4556 5528 418 476753-476757
4556 5528 419 476753-476757
4556 5528 420 476754-476758
4556 5528 421 476754-476758
4556 5528 422 476755-476759
4556 5528 423 476756-476759
4556 5528 424 476756-476760
4556 5528 425 476757-476760
4556 5528 426 476757-476761
4556 5528 427 476758-476761
4556 5528 428 476758-476762
4556 5528 429 476759-476762
4556 5528 430 476759-476763
4556 5528 431 476760-476763
4556 5528 432 476760-476764
4556 5528 433 476761-476764
4556 5528 434 476761-476765
4556 5528 435 476762-476765
4556 5528 436 476762-476765
4556 5528 437 476763-476766
4556 5528 438 476764-476766
4556 5528 439 476764-476767
4556 5528 440 476765-476767
4556 5528 441 476765-476768
4556 5528 442 476766-476768
4556 5528 443 476766-476769
4556 5528 444 476767-476769
4556 5528 445 476767-476770
4556 5528 446 476768-476770
4556 5528 447 476768-476770
4556 5528 448 476769-476771
4556 5528 449 476769-476771
4556 5528 450 476770-476772
4556 5528 451 476771-476772
4556 5528 452 476771-476773
4556 5528 453 476772-476773
4556 5528 454 476772-476773
4556 5528 455 476773-476774
4556 5528 456 476774
4556 5528 457 476774-476775
4556 5528 458 476775
4702 2820 843 656000-656001
4702 2820 844 656001-656003
4702 2820 845 656003-656005
4769 4937 3546 289551
4769 4937 3547 289551-289552
4769 4937 3548 289551-289552
4769 4937 3549 289551-289553
4769 4937 3550 289552-289553
4769 4937 3551 289552-289554
4769 4937 3552 289552-289554
4769 4937 3553 289553-289555
4769 4937 3554 289553 289555
4769 4937 3555 289553-289556
4769 4937 3556 289554 289556
4769 4937 3557 289554-289556
4769 4937 3558 289555-289557
4769 4937 3559 289555-289557
4769 4937 3560 289556-289557
4769 4937 3561 289556-289558
4769 4937 3562 289557-289558
4769 4937 3563 289557-289558
4769 4937 3564 289558
4876 4424 1667 228532-228533
4876 4424 1668 228533-228535
4876 4424 1669 228534-228536
4876 4424 1670 228535-228538 228546-228554
4876 4424 1671 228536-228556
4876 4424 1672 228538-228546 228555-228557
4876 4424 1673 228539 228542-228543 228557-228559
4876 4424 1674 228540 228559-228561 228569
4876 4424 1675 228541-228542 228560-228562 228567-228570
4876 4424 1676 228543 228562-228564 228566-228570
4876 4424 1677 228544 228563-228570
4876 4424 1678 228545-228546 228565 228568-228569
4876 4424 1679 228547 228568-228569
4876 4424 1680 228548-228549 228553-228554 228568-228569
4876 4424 1681 228550-228556 228568
4876 4424 1682 228551-228552 228555-228557 228567-228568
4876 4424 1683 228556-228559 228567
4876 4424 1684 228558-228561 228566-228567
4876 4424 1685 228560-228563 228566
4876 4424 1686 228562-228566
4876 4424 1687 228564-228565
4879 4702 1825 659685
4879 4702 1826 659684-659687
4879 4702 1827 659683-659684 659686-659687
4879 4702 1828 659683 659688
4879 4702 1829 659683 659688
4879 4702 1830 659683 659688-659689
4879 4702 1831 659683 659689
4879 4702 1832 659683 659689
4879 4702 1833 659683 659689
4879 4702 1834 659683 659689
4879 4702 1835 659683 659689
4879 4702 1836 659684 659688-659689
4879 4702 1837 659684-659685 659688
4879 4702 1838 659685-659688
4879 4702 1839 659686-659687
4888 3939 1860 251063-251067
4888 3939 1861 251061-251064 251069-251070
4888 3939 1862 251058-251062 251072-251073
4888 3939 1863 251057-251059 251075-251082
4888 3939 1864 251056-251057 251084-251087
4888 3939 1865 251055-251057 251089-251090
4888 3939 1866 251054-251056 251092
4888 3939 1867 251043-251047 251053-251055 251093-251094
4888 3939 1868 251043-251051 251053-251054 251095-251096
4888 3939 1869 251044-251053 251097
4888 3939 1870 251046-251048 251074-251075 251078-251090 251098-251099
4888 3939 1871 251047-251049 251071-251074 251091-251092 251100-251101
4888 3939 1872 251049-251050 251068-251072 251093-251094 251102
4888 3939 1873 251051-251052 251067-251069 251095-251096 251103-251104
4888 3939 1874 251052-251054 251066-251067 251097-251098 251105-251106
4888 3939 1875 251055-251056 251065-251066 251099-251100 251106-251107
4888 3939 1876 251057-251058 251063-251065 251101-251102 251108-251111
4888 3939 1877 251059-251060 251062-251064 251103-251104 251109-251113
4888 3939 1878 251061-251063 251105-251106 251111-251115
4888 3939 1879 251107-251109 251112-251117
4888 3939 1880 251109-251111 251113-251119
4888 3939 1881 251111-251121
4888 3939 1882 251112-251123
4888 3939 1883 251114-251124
4888 3939 1884 251115-251126
4888 3939 1885 251117-251128
4888 3939 1886 251118-251129
4888 3939 1887 251119-251129
4888 3939 1888 251121-251129
4888 3939 1889 251122-251129
4888 3939 1890 251124-251129
5074 5200 3412 330725-330727
5074 5200 3413 330725-330726 330728
5074 5200 3414 330725-330726
5074 5200 3415 330725-330726
5074 5200 3416 330726
5074 5200 3417 330726 330732
5074 5200 3418 330726 330733
5074 5200 3419 330726-330727 330734
5074 5200 3420 330727 330734
5074 5200 3421 330727 330735
5074 5200 3422 330728 330735
5074 5200 3423 330728 330735
5074 5200 3424 330729 330735-330736
5074 5200 3425 330729-330730 330735-330736
5074 5200 3426 330730-330731 330734-330736
5074 5200 3427 330731-330735
5074 5200 3428 330732-330735
5200 2305 2221 329124-329128
5200 2305 2222 329122-329124 329127-329130
5200 2305 2223 329121-329122 329129-329131
5200 2305 2224 329120 329131-329133
5200 2305 2225 329119 329132-329134
5200 2305 2226 329118 329133-329135
5200 2305 2227 329117-329118 329133-329135
5200 2305 2228 329117 329133-329136
5200 2305 2229 329117 329133-329136
5200 2305 2230 329133-329135
5200 2305 2231 329131-329135
5200 2305 2232 329126-329133
5200 2305 2233 329124-329130
5200 2305 2234 329122-329124
5409 2005 822 125514
5409 2005 823 125514-125515
5409 2005 824 125515-125516
5409 2005 825 125515-125517
5409 2005 826 125515-125517
5409 2005 827 125516-125518
5409 2005 828 125516-125519
5409 2005 829 125517 125519-125520
5409 2005 830 125517 125520
5409 2005 831 125518 125521
5409 2005 832 125518 125521-125522
5409 2005 833 125519 125522
5409 2005 834 125519-125520 125523
5409 2005 835 125520 125523-125524
5409 2005 836 125520-125521 125524
5409 2005 837 125521 125525
5409 2005 838 125522 125525
5409 2005 839 125522-125523 125526
5409 2005 840 125523-125524 125526
5409 2005 841 125524 125526-125527
5409 2005 842 125524-125528
5409 2005 843 125525-125528
5409 2005 844 125526-125528
5409 2005 845 125527-125529
5409 2005 846 125527-125529
5409 2005 847 125528-125529
5409 2005 848 125529
5528 4556 0 476550 476553
5528 4556 1 476550 476553
5528 4556 2 476551 476554
5528 4556 3 476551 476554
5528 4556 4 476551 476554
5528 4556 5 476552 476554-476555
5528 4556 6 476552 476555
5528 4556 7 476552 476555
5528 4556 8 476555
5528 4556 9 476556
5528 4556 10 476556
5528 4556 11 476555-476556
5528 4556 12 476557
5528 4556 14 476557
5528 4556 15 476558-476559
5528 4556 18 476560-476561
5528 4556 19 476562
5528 4556 20 476563
5528 4556 22 476563
5528 4556 23 476564
5528 4556 24 476565-476566
5528 4556 25 476567
5528 4556 26 476568
5528 4556 28 476568
5528 4556 29 476569
5528 4556 30 476570-476571
5528 4556 31 476572
5528 4556 32 476573
5528 4556 34 476573
5528 4556 35 476574
5528 4556 36 476575-476576
5528 4556 37 476577
5528 4556 38 476578
5528 4556 39 476579
5528 4556 41 476579
5528 4556 42 476580
5528 4556 43 476581-476582
5528 4556 44 476583
5528 4556 45 476584
5528 4556 47 476584
5528 4556 48 476585
5528 4556 49 476586-476587
5528 4556 50 476588
5528 4556 51 476589
5528 4556 53 476589
5528 4556 54 476590
5528 4556 55 476590-476592
5528 4556 56 476591 476593
5528 4556 57 476591-476592
5528 4556 58 476592
5528 4556 59 476592-476593
5528 4556 60 476593 476596
5528 4556 61 476593-476594 476597
5528 4556 62 476594 476597-476598
5528 4556 63 476594-476595 476598
5528 4556 64 476595 476599
5528 4556 65 476595-476596 476599
5528 4556 66 476596 476600
5528 4556 67 476596-476597 476600
5528 4556 68 476597 476601
5528 4556 69 476598 476601-476602
5528 4556 70 476598 476602
5528 4556 71 476599 476602-476603
5528 4556 72 476599 476603
5528 4556 73 476600 476603-476604
5528 4556 74 476600-476601 476604
5528 4556 75 476601 476604-476605
5528 4556 76 476601-476602 476605
5528 4556 77 476602 476606
5528 4556 78 476602-476603 476606
5528 4556 79 476603 476607
5528 4556 80 476603-476604 476607
5528 4556 81 476604 476607
5528 4556 82 476604-476605 476608
5528 4556 83 476605 476608
5528 4556 84 476605-476606 476609
5528 4556 85 476605-476606 476609
5528 4556 86 476606 476609
5528 4556 87 476606-476607 476610
5528 4556 88 476607 476610
5528 4556 89 476607 476610
5528 4556 90 476607-476608 476611
5528 4556 91 476608 476611
5528 4556 92 476608 476611
5528 4556 93 476608-476609 476612
5528 4556 94 476609 476612
5528 4556 95 476609 476612-476613
5528 4556 96 476610 476613
5528 4556 97 476610 476613
5528 4556 98 476610 476613-476614
5528 4556 99 476611 476614
5528 4556 100 476611 476614
5528 4556 101 476614-476615
5528 4556 102 476612 476615
5528 4556 103 476613 476615
5528 4556 104 476613 476615-476616
5528 4556 105 476614 476616
5528 4556 107 476615 476617
5528 4556 108 476618
5528 4556 109 476616 476618
5528 4556 110 476617 476619
5528 4556 111 476617 476619
5528 4556 112 476618 476620
5528 4556 114 476619 476621
5528 4556 115 476622
5528 4556 116 476620 476622
5528 4556 117 476621 476623
5528 4556 118 476621 476623
5528 4556 119 476622 476624
5528 4556 120 476625
5528 4556 121 476623 476626
5528 4556 122 476624 476626
5528 4556 123 476624 476627
5528 4556 124 476625 476628
5528 4556 125 476626 476628
5528 4556 126 476627 476629
5528 4556 127 476627 476630
5528 4556 128 476628 476631
5528 4556 129 476629 476631
5528 4556 130 476629 476632
5528 4556 131 476630 476633
5528 4556 132 476631 476633
5528 4556 133 476632 476634
5528 4556 134 476632 476635
5528 4556 135 476633
5528 4556 136 476634 476636
5528 4556 137 476634 476637
5528 4556 138 476635 476637
5528 4556 139 476635-476636 476638
5528 4556 140 476636
5528 4556 141 476636 476639
5528 4556 142 476636-476637 476640
5528 4556 143 476637 476640
5528 4556 144 476637 476641
5528 4556 145 476637-476638 476641
5528 4556 146 476638 476641-476642
5528 4556 147 476638 476642
5528 4556 148 476638-476639 476642
5528 4556 149 476639 476642-476643
5528 4556 150 476639 476643
5528 4556 151 476639-476640 476643
5528 4556 152 476640 476643-476644
5528 4556 153 476640-476641 476644
5528 4556 154 476641 476644
5528 4556 155 476641 476645
5528 4556 156 476641-476642 476645
5528 4556 157 476642 476645-476646
5528 4556 158 476642 476646
5528 4556 159 476642-476643 476646
5528 4556 160 476643 476646-476647
5528 4556 161 476643 476647
5528 4556 162 476643-476644 476647
5528 4556 163 476644 476647-476648
5528 4556 164 476644 476648
5528 4556 165 476645 476648
5528 4556 166 476645 476648-476649
5528 4556 167 476646 476649
5528 4556 168 476646 476649
5528 4556 169 476647 476650
5528 4556 170 476647 476650
5528 4556 171 476647-476648 476651
5528 4556 172 476648 476651
5528 4556 173 476648 476651-476652
5528 4556 174 476649 476652
5528 4556 175 476649 476652-476653
5528 4556 176 476650 476653
5528 4556 177 476650 476653
5528 4556 178 476651 476654
5528 4556 179 476651 476654
5528 4556 180 476652 476655
5528 4556 181 476652 476655
5528 4556 182 476653 476656
5528 4556 183 476653 476656
5528 4556 184 476654 476657
5528 4556 185 476654-476655 476657
5528 4556 186 476655 476658
5528 4556 187 476656 476658
5528 4556 188 476656 476659
5528 4556 189 476657 476660
5528 4556 190 476657 476660
5528 4556 191 476658 476661
5528 4556 192 476658-476659 476661
5528 4556 193 476659 476662
5528 4556 194 476660 476662
5528 4556 195 476660 476663
5528 4556 196 476661 476664
5528 4556 197 476661 476664
5528 4556 198 476662 476665
5528 4556 199 476662-476663 476665
5528 4556 200 476663 476666
5528 4556 201 476664 476667
5528 4556 202 476664 476667
5528 4556 203 476665 476668
5528 4556 204 476665-476666 476668
5528 4556 205 476666 476669
5528 4556 206 476667 476670
5528 4556 207 476667 476670
5528 4556 208 476668 476671
5528 4556 209 476668-476669 476671
5528 4556 210 476669 476672
5528 4556 211 476670 476673
5528 4556 212 476670 476673
5528 4556 213 476671 476674
5528 4556 214 476671 476674
5528 4556 215 476672 476675
5528 4556 216 476673 476675
5528 4556 217 476673 476676
5528 4556 218 476674 476677
5528 4556 219 476674 476677
5528 4556 220 476674-476675 476678
5528 4556 221 476675 476678
5528 4556 222 476675-476676 476679
5528 4556 223 476676 476679
5528 4556 224 476676 476680
5528 4556 225 476677 476680
5528 4556 226 476677 476680-476681
5528 4556 227 476677-476678 476681
5528 4556 228 476678 476681-476682
5528 4556 229 476678 476682
5528 4556 230 476679 476682
5528 4556 231 476679 476682-476683
5528 4556 232 476679-476680 476683
5528 4556 233 476680 476683-476684
5528 4556 234 476680 476684
5528 4556 235 476681 476684
5528 4556 236 476681 476684-476685
5528 4556 237 476681-476682 476685
5528 4556 238 476682 476685-476686
5528 4556 239 476682-476683 476686
5528 4556 240 476683 476686
5528 4556 241 476683 476686-476687
5528 4556 242 476684 476687
5528 4556 243 476684 476687-476688
5528 4556 244 476685 476688
5528 4556 245 476686 476688
5528 4556 246 476686 476688-476689
5528 4556 247 476687 476689
5528 4556 248 476687 476690
5528 4556 249 476688 476690
5528 4556 250 476689 476691
5528 4556 251 476689
5528 4556 252 476690 476692
5528 4556 253 476692
5528 4556 254 476691
5528 4556 255 476693
5528 4556 256 476692
5528 4556 257 476694
5528 4556 258 476693
5528 4556 259 476693 476695
5528 4556 260 476695
5528 4556 261 476694 476696
5528 4556 262 476696
5528 4556 263 476695
5528 4556 264 476697
5528 4556 265 476696
5528 4556 266 476698
5528 4556 267 476697
5528 4556 268 476697 476699
5528 4556 269 476699
5528 4556 270 476698
5528 4556 271 476698 476700
5528 4556 273 476699 476701
5528 4556 274 476699 476701
5528 4556 275 476699
5528 4556 276 476702
5528 4556 277 476700 476702
5528 4556 278 476700 476702
5528 4556 279 476700
5528 4556 280 476703
5528 4556 281 476701 476703
5528 4556 282 476701 476703
5528 4556 283 476701
5528 4556 284 476702 476704
5528 4556 285 476702 476704
5528 4556 286 476702 476704
5528 4556 287 476702
5528 4556 288 476703 476705
5528 4556 289 476705
5528 4556 290 476704-476705
5528 4556 292 476705
5528 4556 293 476707
5528 4556 295 476707-476708
5528 4556 296 476709
5528 4556 297 476708 476710
5528 4556 298 476709
5528 4556 299 476710
5528 4556 300 476712
5528 4556 301 476713
5528 4556 302 476712
5528 4556 303 476713
5528 4556 304 476714-476715
5528 4556 305 476716
5528 4556 306 476717
5528 4556 307 476716
5528 4556 308 476717
5528 4556 309 476718-476719
5528 4556 310 476720
5528 4556 311 476721
5528 4556 312 476720 476722
5528 4556 313 476721
5528 4556 314 476722
5528 4556 315 476724
5528 4556 316 476725
5528 4556 317 476726
5528 4556 318 476725
5528 4556 319 476726
5528 4556 320 476727
5528 4556 321 476729
5528 4556 322 476730
5528 4556 323 476729 476731
5528 4556 324 476730
5528 4556 325 476731
5528 4556 326 476731-476733
5528 4556 327 476732 476734
5528 4556 328 476732-476733 476735
5528 4556 329 476733 476736
5528 4556 330 476734
5528 4556 331 476734-476735
5528 4556 332 476735 476738
5528 4556 333 476735-476736 476739
5528 4556 334 476736 476740
5528 4556 335 476737 476740-476741
5528 4556 336 476737-476738 476741
5528 4556 337 476738 476741-476742
5528 4556 338 476738-476739 476742
5528 4556 339 476739 476743
5528 4556 340 476740 476743
5528 4556 341 476740-476741 476744
5528 4556 342 476741 476744
5528 4556 343 476741-476742 476745
5528 4556 344 476742 476745
5528 4556 345 476743 476746
5528 4556 346 476743 476746-476747
5528 4556 347 476744 476747
5528 4556 348 476744 476747-476748
5528 4556 349 476745 476748
5528 4556 350 476746 476749
5528 4556 351 476746 476749
5528 4556 352 476747 476750
5528 4556 353 476747 476750
5528 4556 354 476748 476751
5528 4556 355 476748 476751
5528 4556 356 476749 476752
5528 4556 357 476749 476752
5528 4556 358 476750 476753
5528 4556 359 476750-476751 476753
5528 4556 360 476751 476754
5528 4556 361 476752 476754-476755
5528 4556 362 476752 476755
5528 4556 363 476753 476756
5528 4556 364 476753 476756
5528 4556 365 476754 476757
5528 4556 366 476754 476757
5528 4556 367 476755 476758
5528 4556 368 476755 476758
5528 4556 369 476756 476759
5528 4556 370 476756-476757 476759
5528 4556 371 476757 476760
5528 4556 372 476758 476761
5528 4556 373 476758 476761
5528 4556 374 476759 476762
5528 4556 375 476759 476762
5528 4556 376 476759-476760
5528 4556 377 476760 476763
5528 4556 378 476760-476761 476763
5528 4556 379 476761 476764
5528 4556 380 476761 476764
5528 4556 381 476762 476765
5528 4556 382 476762 476765
5528 4556 383 476763 476766
5528 4556 384 476763 476766
5528 4556 385 476763 476766
5528 4556 386 476764 476767
5528 4556 387 476764 476767
5528 4556 388 476765 476768
5528 4556 389 476765 476768
5528 4556 390 476765 476768
5528 4556 391 476766 476769
5528 4556 392 476766 476769
5528 4556 393 476766-476767 476770
5528 4556 394 476767 476770
5528 4556 395 476767 476770
5528 4556 396 476767-476768 476771
5528 4556 397 476768 476771
5528 4556 398 476768 476771-476772
5528 4556 399 476768-476769 476772
5528 4556 400 476769 476772
5528 4556 401 476769 476772-476773
5528 4556 402 476769 476773
5528 4556 403 476770 476773
5528 4556 404 476770 476773
5528 4556 405 476770 476774
5528 4556 406 476770-476771 476774
5528 4556 407 476771 476774
5528 4556 408 476771 476774-476775
5528 4556 409 476771-476772 476775
5528 4556 410 476772 476775-476776
5528 4556 411 476772 476775-476776
5528 4556 412 476776
5528 4556 413 476773 476776-476777
5528 4556 414 476774 476776-476777
5528 4556 415 476774 476777
5528 4556 416 476775 476777-476778
5528 4556 417 476778
5528 4556 418 476776 476779
5528 4556 419 476777 476779
5528 4556 420 476777 476780
5528 4556 421 476778 476781
5528 4556 422 476779 476781
5528 4556 423 476779 476782
5528 4556 424 476780
5528 4556 425 476781 476783
5528 4556 426 476781 476784
5528 4556 427 476782 476784
5528 4556 428 476783 476785
5528 4556 429 476783 476786
5528 4556 430 476784 476786
5528 4556 431 476787
5528 4556 432 476785 476788
5528 4556 433 476786 476788
5528 4556 434 476789
5528 4556 435 476787 476790
5528 4556 436 476788 476790
5528 4556 437 476788 476791
5528 4556 438 476789 476792
5528 4556 439 476790 476792
5528 4556 440 476790 476793
5528 4556 441 476791 476794
5528 4556 442 476792 476795
5528 4556 443 476793 476795
5528 4556 444 476793 476796
5528 4556 445 476794 476797
5528 4556 446 476795 476797
5528 4556 447 476795 476798
5528 4556 448 476796 476799
5528 4556 449 476797 476799
5528 4556 450 476797 476800
5528 4556 451 476798 476801
5528 4556 452 476799
5528 4556 453 476802
5528 4556 454 476800 476803
5528 4556 455 476801 476804
5528 4556 456 476802 476804
5528 4556 457 476802 476805
5528 4556 458 476803 476805
5528 4556 459 476804 476806
5528 4556 460 476804 476806
5528 4556 461 476805 476807
5528 4556 462 476805
5528 4556 463 476806 476808
5528 4556 464 476806
5528 4556 465 476806 476809
5528 4556 466 476807
5528 4556 467 476807 476810
5528 4556 468 476807 476810
5528 4556 469 476808 476811
5528 4556 470 476808 476811
5528 4556 471 476808 476811
5528 4556 472 476809 476812
5528 4556 473 476809 476812
5528 4556 474 476809 476812
5528 4556 475 476810 476813
5528 4556 476 476810 476813
5528 4556 477 476810 476813
5528 4556 478 476811 476814
5528 4556 479 476811 476814
5528 4556 480 476811 476814
5528 4556 481 476812 476815
5528 4556 482 476812 476815
5528 4556 483 476812 476815
5528 4556 484 476813 476815-476816
5528 4556 485 476813 476816
5528 4556 486 476813 476816
5528 4556 487 476814 476816-476817
5528 4556 488 476814 476817
5528 4556 489 476817
5528 4556 490 476815 476817-476818
5528 4556 491 476818
5528 4556 492 476816 476818
5528 4556 494 476817 476819
5528 4556 495 476818 476820
5528 4556 496 476818 476820
5528 4556 497 476819 476821
5528 4556 498 476819 476821
5528 4556 499 476820 476822
5528 4556 501 476821 476823
5528 4556 503 476822 476824
5528 4556 505 476823 476825
5528 4556 506 476826
5528 4556 507 476824 476826
5528 4556 508 476825 476827
5528 4556 509 476825 476827
5528 4556 510 476826 476828
5528 4556 511 476826 476828
5528 4556 512 476827 476829
5528 4556 514 476828 476830
5528 4556 516 476829 476831
5528 4556 518 476830 476832
5528 4556 519 476833
5528 4556 520 476831
5528 4556 521 476834
5528 4556 522 476832 476835
5528 4556 523 476832-476833
5528 4556 524 476833 476836
5528 4556 525 476834 476837
5528 4556 526 476834 476837
5528 4556 527 476835 476838
5528 4556 528 476835 476838-476839
5528 4556 529 476836 476839
5528 4556 530 476837 476840
5528 4556 531 476837 476840
5528 4556 532 476838 476841
5528 4556 533 476838 476841-476842
5528 4556 534 476839 476842
5528 4556 535 476840
5528 4556 536 476840 476843
5528 4556 537 476841
5528 4556 538 476841 476844
5528 4556 539 476842
5528 4556 540 476842 476845
5528 4556 541 476843 476845
5528 4556 542 476843 476846
5528 4556 543 476844 476846
5528 4556 544 476844 476847
5528 4556 545 476845 476847
5528 4556 546 476845 476848
5528 4556 547 476846 476848
5528 4556 548 476846 476849
5528 4556 549 476847 476849-476850
5528 4556 550 476847 476850
5528 4556 551 476848 476851
5528 4556 552 476848 476851
5528 4556 553 476849 476852
5528 4556 554 476849 476852-476853
5528 4556 555 476850 476853
5528 4556 556 476850-476851 476854
5528 4556 557 476851 476854
5528 4556 558 476852 476855
5528 4556 559 476852 476856
5528 4556 560 476853 476856
5528 4556 561 476854 476857
5528 4556 562 476854 476857-476858
5528 4556 563 476855 476858
5528 4556 564 476855-476856 476859
5528 4556 565 476856 476859
5528 4556 566 476857 476860
5528 4556 567 476857 476860-476861
5528 4556 568 476858 476861
5528 4556 569 476858-476859
5528 4556 570 476859 476862
5528 4556 571 476860
5528 4556 572 476860 476863
5528 4556 573 476861 476863
5528 4556 574 476864
5528 4556 575 476862 476864
5528 4556 576 476862 476865
5528 4556 577 476863 476865
5528 4556 578 476863
5528 4556 579 476863 476866
5528 4556 580 476864 476866
5528 4556 581 476864 476867
5528 4556 582 476864 476867
5528 4556 583 476865 476867
5528 4556 584 476865 476868
5528 4556 585 476865 476868
5528 4556 586 476866 476869
5528 4556 587 476866 476869
5528 4556 588 476866 476869
5528 4556 589 476867 476870
5528 4556 590 476867 476870
5528 4556 591 476870
5528 4556 592 476868 476871
5528 4556 593 476868 476871
5528 4556 594 476869 476871
5528 4556 595 476869 476872
5528 4556 596 476869 476872
5528 4556 597 476870 476872-476873
5528 4556 598 476870 476873
5528 4556 599 476870 476873-476874
5528 4556 600 476871 476874
5528 4556 601 476871 476874-476875
5528 4556 602 476871 476875
5528 4556 603 476872 476875-476876
5528 4556 604 476872 476876
5528 4556 605 476872-476873 476876-476877
5528 4556 606 476873 476877
5528 4556 607 476873-476874 476877-476878
5528 4556 608 476874 476878
5528 4556 609 476874-476875 476878-476879
5528 4556 610 476875 476879
5528 4556 611 476875-476876 476879-476880
5528 4556 612 476876 476880
5528 4556 613 476877 476880-476881
5528 4556 614 476881
5528 4556 615 476878 476881-476882
5528 4556 616 476879 476882
5528 4556 617 476880 476882-476883
5528 4556 618 476880 476883
5528 4556 619 476881 476883-476884
5528 4556 620 476882 476884
5528 4556 621 476885
5528 4556 622 476883 476885
5528 4556 623 476884 476886
5528 4556 624 476887
5528 4556 625 476885
5528 4556 626 476886 476888
5528 4556 627 476887 476889
5528 4556 628 476887
5528 4556 629 476888 476890
5528 4556 630 476889 476891
5528 4556 632 476890 476892
5528 4556 633 476891 476893
5528 4556 635 476892 476894
5528 4556 636 476893
5528 4556 637 476895
5528 4556 638 476894 476896
5528 4556 640 476895 476897
5528 4556 641 476896 476898
5528 4556 642 476898
5528 4556 643 476897 476899
5528 4556 645 476898 476900
5528 4556 646 476899 476901
5528 4556 647 476899
5528 4556 648 476899-476900 476902
5528 4556 649 476900
5528 4556 650 476900 476903
5528 4556 651 476900-476901 476904
5528 4556 652 476901 476904
5528 4556 653 476901 476904
5528 4556 654 476901-476902 476905
5528 4556 655 476902 476905
5528 4556 656 476902 476905
5528 4556 657 476902-476903 476906
5528 4556 658 476903 476906
5528 4556 659 476903 476906
5528 4556 660 476903-476904 476907
5528 4556 661 476904 476907
5528 4556 662 476904 476907
5528 4556 663 476904-476905 476908
5528 4556 664 476905 476908
5528 4556 665 476905 476908
5528 4556 666 476905-476906 476909
5528 4556 667 476906 476909
5528 4556 668 476906 476909
5528 4556 669 476906-476907 476910
5528 4556 670 476907 476910
5528 4556 671 476907 476910
5528 4556 672 476907-476908 476911
5528 4556 673 476908 476911
5528 4556 674 476908 476911-476912
5528 4556 675 476908-476909 476912
5528 4556 676 476909 476912-476913
5528 4556 677 476909 476912-476913
5528 4556 678 476910 476913
5528 4556 679 476910 476913-476914
5528 4556 680 476910 476914
5528 4556 681 476911 476914-476915
5528 4556 682 476911 476915
5528 4556 683 476912 476915-476916
5528 4556 684 476912 476916
5528 4556 685 476913 476916-476917
5528 4556 686 476913 476917
5528 4556 687 476914 476917-476918
5528 4556 688 476914-476915 476918
5528 4556 689 476915 476918-476919
5528 4556 690 476915-476916 476919
5528 4556 691 476916 476919-476920
5528 4556 692 476916-476917 476920
5528 4556 693 476917 476921
5528 4556 694 476918 476921
5528 4556 695 476918 476922
5528 4556 696 476919 476922
5528 4556 697 476920 476923
5528 4556 698 476923
5528 4556 699 476921 476924
5528 4556 700 476922 476924
5528 4556 701 476923 476925
5528 4556 702 476923 476926
5528 4556 703 476924 476926
5528 4556 704 476925 476927
5528 4556 705 476928
5528 4556 706 476926 476929
5528 4556 707 476927 476929
5528 4556 708 476928 476930
5528 4556 709 476931
5528 4556 710 476929 476932
5528 4556 711 476930 476932
5528 4556 712 476931 476933
5528 4556 713 476932 476934
5528 4556 714 476932 476935
5528 4556 715 476933 476935
5528 4556 716 476934 476936
5528 4556 717 476935 476937
5528 4556 718 476935
5528 4556 719 476936 476938
5528 4556 720 476937 476939
5528 4556 722 476938 476940
5528 4556 723 476939 476941
5528 4556 724 476942
5528 4556 725 476940 476942
5528 4556 726 476941 476943
5528 4556 727 476942 476944
5528 4556 728 476942
5528 4556 729 476943 476945
5528 4556 730 476944 476946
5528 4556 732 476945 476947
5528 4556 733 476946 476948
5528 4556 735 476947 476949
5528 4556 736 476948 476950
5528 4556 738 476949 476951
5528 4556 739 476950 476952
5528 4556 740 476953
5528 4556 741 476951
5528 4556 742 476952 476954
5528 4556 743 476953 476955
5528 4556 745 476954 476956
5528 4556 746 476955 476957
5528 4556 748 476956 476958
5528 4556 749 476957 476959
5528 4556 751 476958 476960
5528 4556 752 476959 476961
5528 4556 753 476961
5528 4556 754 476960 476962
5528 4556 755 476961
5528 4556 756 476961 476963
5528 4556 757 476962 476964
5528 4556 758 476962
5528 4556 759 476963 476965
5528 4556 760 476966
5528 4556 761 476964
5528 4556 762 476967
5528 4556 763 476965 476968
5528 4556 764 476968
5528 4556 765 476966 476969
5528 4556 766 476967 476969
5528 4556 767 476967 476970
5528 4556 768 476968 476970
5528 4556 769 476968 476971
5528 4556 770 476969 476971
5528 4556 771 476969 476972
5528 4556 772 476970 476972
5528 4556 773 476970 476973
5528 4556 774 476971 476973
5528 4556 775 476971 476974
5528 4556 776 476972 476974
5528 4556 777 476972 476975
5528 4556 778 476973 476975
5528 4556 779 476973 476976
5528 4556 780 476974 476976
5528 4556 781 476974 476977
5528 4556 782 476975 476977
5528 4556 783 476975 476978
5528 4556 784 476976 476978
5528 4556 785 476976 476979
5528 4556 786 476977 476979
5528 4556 787 476977 476980
5528 4556 788 476978 476980
5528 4556 789 476978 476981
5528 4556 790 476979
5528 4556 791 476979 476982
5528 4556 792 476980
5528 4556 793 476983
5528 4556 794 476981
5528 4556 795 476984
5528 4556 796 476982 476985
5528 4556 797 476983 476985
5528 4556 798 476983 476986
5528 4556 799 476984 476986
5528 4556 800 476984 476987
5528 4556 801 476985 476987
5528 4556 802 476985 476988
5528 4556 803 476986 476988
5528 4556 804 476986 476989
5528 4556 805 476987 476989
5528 4556 806 476987 476990
5528 4556 807 476988 476990
5528 4556 808 476988 476991
5528 4556 809 476988-476989 476991
5528 4556 810 476989 476992
5528 4556 811 476989 476992
5528 4556 812 476990 476993
5528 4556 813 476990 476993
5528 4556 814 476990-476991 476993-476994
5528 4556 815 476991 476994
5528 4556 816 476991 476994
5528 4556 817 476992 476995
5528 4556 818 476992 476995
5528 4556 819 476992 476995
5528 4556 820 476993 476996
5528 4556 821 476993 476996
5528 4556 822 476993-476994 476996-476997
5528 4556 823 476994 476997
5528 4556 824 476994 476997
5528 4556 825 476995 476998
5528 4556 826 476995 476998
5528 4556 827 476995 476998
5528 4556 828 476996 476999
5528 4556 829 476996 476999
5528 4556 830 476996-476997 476999-477000
5528 4556 831 476997 477000
5528 4556 832 476997 477000
5528 4556 833 476998 477001
5528 4556 834 476998 477001
5528 4556 835 476998 477001
5528 4556 836 476999 477002
5528 4556 837 476999 477002
5528 4556 838 476999-477000 477002-477003
5528 4556 839 477000 477003
5528 4556 840 477000 477003
5528 4556 841 477001 477004
5528 4556 842 477001 477004
5528 4556 843 477001 477004
5528 4556 844 477002 477005
5528 4556 845 477002 477005
5528 4556 846 477003 477006
5528 4556 847 477003 477006
5528 4556 848 477003 477006
5528 4556 849 477004 477007
5528 4556 850 477004 477007
5528 4556 851 477004-477005 477007-477008
5528 4556 852 477005 477008
5528 4556 853 477005 477008
5528 4556 854 477006 477009
5528 4556 855 477006 477009
5528 4556 856 477009
5528 4556 857 477007 477010
5528 4556 858 477008 477010
5528 4556 859 477008 477011
5528 4556 860 477009 477011
5528 4556 862 477010 477012
5528 4556 863 477011 477013
5528 4556 864 477011 477013
5528 4556 865 477012 477014
5528 4556 867 477013 477015
5528 4556 869 477014 477016
5528 4556 870 477015 477017
5528 4556 871 477015 477017
5528 4556 872 477016 477018
5528 4556 874 477017 477019
5528 4556 876 477018 477020
5528 4556 877 477019 477021
5528 4556 878 477019 477021
5528 4556 879 477020 477022
5528 4556 881 477021 477023
5528 4556 883 477022 477024
5528 4556 884 477023 477025
5528 4556 885 477023 477025
5528 4556 886 477023 477026
5528 4556 887 477024
5528 4556 888 477024 477027
5528 4556 889 477024 477027-477028
5528 4556 890 477025 477028
5528 4556 891 477025 477028
5528 4556 892 477025 477028-477029
5528 4556 893 477026 477029
5528 4556 894 477026 477029
5528 4556 895 477026 477029-477030
5528 4556 896 477027 477030
5528 4556 897 477027 477030
5528 4556 898 477027 477031
5528 4556 899 477028 477031
5528 4556 900 477028 477031
5528 4556 901 477028-477029 477032
5528 4556 902 477029 477032
5528 4556 903 477029 477032-477033
5528 4556 904 477029-477030 477033
5528 4556 905 477030 477033-477034
5528 4556 906 477030 477034
5528 4556 907 477030-477031 477034-477035
5528 4556 908 477031 477035
5528 4556 909 477031 477035-477036
5528 4556 910 477031-477032 477036
5528 4556 911 477032 477036-477037
5528 4556 912 477032-477033 477037
5528 4556 913 477033 477037-477038
5528 4556 914 477033-477034 477038
5528 4556 915 477034 477038-477039
5528 4556 916 477034-477035 477039
5528 4556 917 477035 477039-477040
5528 4556 918 477035-477036 477040
5528 4556 919 477036 477040-477041
5528 4556 920 477036-477037 477041
5528 4556 921 477037 477041-477042
5528 4556 922 477037-477038 477042
5528 4556 923 477038 477042-477043
5528 4556 924 477038-477039 477043
5528 4556 925 477039 477043-477044
5528 4556 926 477040 477044
5528 4556 927 477044-477045
5528 4556 928 477045
5528 4556 929 477042 477045-477046
5528 4556 930 477043 477046
5528 4556 931 477044 477046-477047
5528 4556 932 477047
5528 4556 933 477047-477048
5528 4556 934 477046 477048
5528 4556 935 477047 477049
5528 4556 936 477048
5528 4556 938 477051
5528 4556 939 477050 477052
5528 4556 940 477051 477053
5528 4556 941 477052
5528 4556 942 477054
5528 4556 943 477055
5528 4556 944 477054
5528 4556 945 477056
5528 4556 946 477057
5528 4556 947 477056
5528 4556 948 477058
5528 4556 949 477059
5528 4556 950 477058
5528 4556 951 477059
5528 4556 952 477061
5528 4556 953 477060
5528 4556 954 477061
5528 4556 955 477063
5528 4556 956 477062
5528 4556 957 477063
5528 4556 958 477065
5528 4556 959 477064 477066
5528 4556 960 477065
5528 4556 961 477067
5528 4556 962 477066 477068
5528 4556 963 477067
5528 4556 964 477069
5528 4556 965 477068 477070
5528 4556 966 477069
5528 4556 967 477069 477071
5528 4556 968 477069-477070 477072
5528 4556 969 477070
5528 4556 970 477070 477073
5528 4556 971 477070-477071 477074
5528 4556 972 477071 477074-477075
5528 4556 973 477071 477075
5528 4556 974 477071-477072 477075-477076
5528 4556 975 477072 477076
5528 4556 976 477072 477076
5528 4556 977 477072-477073 477076-477077
5528 4556 978 477073 477077
5528 4556 979 477073 477077-477078
5528 4556 980 477073-477074 477078
5528 4556 981 477074 477078-477079
5528 4556 982 477074-477075 477079
5528 4556 983 477075 477079
5528 4556 984 477075-477076 477079-477080
5528 4556 985 477076 477080
5528 4556 986 477076 477080-477081
5528 4556 987 477076-477077 477081
5528 4556 988 477077 477081-477082
5528 4556 989 477077-477078 477082
5528 4556 990 477078 477082
5528 4556 991 477079 477082-477083
5528 4556 992 477079 477083-477084
5528 4556 993 477080 477083-477084
5528 4556 994 477081 477084-477085
5528 4556 995 477081 477084-477085
5528 4556 996 477082 477085-477086
5528 4556 997 477083 477085-477086
5528 4556 998 477083 477086-477087
5528 4556 999 477084 477087
5528 4556 1000 477085 477088
5528 4556 1001 477085 477088
5528 4556 1002 477086 477089
5528 4556 1003 477087 477090
5528 4556 1004 477088 477090
5528 4556 1005 477088 477091
5528 4556 1006 477089 477092
5528 4556 1007 477090 477093
5528 4556 1008 477091 477093
5528 4556 1009 477091 477094
5528 4556 1010 477092 477095
5528 4556 1011 477093 477096
5528 4556 1012 477093 477096
5528 4556 1013 477094 477097
5528 4556 1014 477095 477098
5528 4556 1015 477096 477098
5528 4556 1016 477096 477099
5528 4556 1017 477097 477099
5528 4556 1018 477098
5528 4556 1019 477100
5528 4556 1020 477099
5528 4556 1021 477099 477101
5528 4556 1022 477101
5528 4556 1023 477100
5528 4556 1024 477102
5528 4556 1025 477101
5528 4556 1026 477101 477103
5528 4556 1027 477102
5528 4556 1028 477102 477104
5528 4556 1029 477104
5528 4556 1030 477103
5528 4556 1031 477103 477105
5528 4556 1032 477103 477105
5528 4556 1034 477104 477106
5528 4556 1035 477104 477106
5528 4556 1036 477104
5528 4556 1037 477105 477107
5528 4556 1038 477105 477107
5528 4556 1039 477105 477107
5528 4556 1040 477108
5528 4556 1041 477106 477108
5528 4556 1042 477106 477108
5528 4556 1043 477106 477109
5528 4556 1044 477109
5528 4556 1045 477107 477110
5528 4556 1046 477107 477110
5528 4556 1047 477108 477110
5528 4556 1048 477108 477111
5528 4556 1049 477108 477111
5528 4556 1050 477109 477111
5528 4556 1051 477109 477112
5528 4556 1052 477109 477112
5528 4556 1053 477110 477112
5528 4556 1054 477110 477113
5528 4556 1055 477110 477113
5528 4556 1056 477111 477114
5528 4556 1057 477111 477114
5528 4556 1058 477112 477114
5528 4556 1059 477112 477115
5528 4556 1060 477112 477115
5528 4556 1061 477113 477115
5528 4556 1062 477113 477116
5528 4556 1063 477116
5528 4556 1064 477114 477117
5528 4556 1065 477115 477117
5528 4556 1066 477117
5528 4556 1067 477116 477118
5528 4556 1068 477118
5528 4556 1069 477117 477119
5528 4556 1071 477118 477120
5528 4556 1072 477119
5528 4556 1073 477121
5528 4556 1074 477120 477122
5528 4556 1076 477121 477123
5528 4556 1077 477122
5528 4556 1078 477122 477124
5528 4556 1079 477123 477125
5528 4556 1080 477125
5528 4556 1081 477124 477126
5528 4556 1082 477127
5528 4556 1083 477125 477128
5528 4556 1084 477126 477128
5528 4556 1085 477126-477127 477129
5528 4556 1086 477127 477130
5528 4556 1087 477127-477128 477131
5528 4556 1088 477128 477131
5528 4556 1089 477128-477129 477132
5528 4556 1090 477129 477133
5528 4556 1091 477129-477130
5528 4556 1092 477130 477134
5528 4556 1093 477130-477131 477135
5528 4556 1094 477131 477135-477136
5528 4556 1095 477131-477132 477136
5528 4556 1096 477132 477136-477137
5528 4556 1097 477132-477133 477137
5528 4556 1098 477133 477137-477138
5528 4556 1099 477133-477134 477138
5528 4556 1100 477134 477138-477139
5528 4556 1101 477134-477135 477139
5528 4556 1102 477135 477139-477140
5528 4556 1103 477135-477136 477140-477141
5528 4556 1104 477136 477140-477141
5528 4556 1105 477136-477137 477141-477142
5528 4556 1106 477137-477138 477141-477142
5528 4556 1107 477137-477138 477142-477143
5528 4556 1108 477138-477139 477142-477143
5528 4556 1109 477138-477139 477143-477144
5528 4556 1110 477139-477140 477144
5528 4556 1111 477139-477140 477144-477145
5528 4556 1112 477140-477141 477145
5528 4556 1113 477141 477145-477146
5528 4556 1114 477141-477142 477146
5528 4556 1115 477142 477146-477147
5528 4556 1116 477143 477147
5528 4556 1117 477143-477144 477147-477148
5528 4556 1118 477144 477148
5528 4556 1119 477145 477148-477149
5528 4556 1120 477145-477146 477149
5528 4556 1121 477146 477149-477150
5528 4556 1122 477147 477150
5528 4556 1123 477147-477148 477151
5528 4556 1124 477148 477151
5528 4556 1125 477149 477152
5528 4556 1126 477149-477150 477153
5528 4556 1127 477150 477153
5528 4556 1128 477151 477154
5528 4556 1129 477151-477152 477154
5528 4556 1130 477152
5528 4556 1131 477153 477155
5528 4556 1132 477153
5528 4556 1133 477154 477156
5528 4556 1134 477154 477156
5528 4556 1135 477155 477157
5528 4556 1136 477155 477157
5528 4556 1137 477158
5528 4556 1138 477156 477158
5528 4556 1140 477157 477159
5528 4556 1141 477157
5528 4556 1142 477158 477160
5528 4556 1143 477158 477160
5528 4556 1144 477159 477161
5528 4556 1145 477159 477161
5528 4556 1146 477162
5528 4556 1147 477160 477162
5528 4556 1149 477161 477163
5528 4556 1150 477161
5528 4556 1151 477162 477164
5528 4556 1152 477162 477164
5528 4556 1153 477163 477165
5528 4556 1154 477163 477165
5528 4556 1155 477166
5528 4556 1156 477164 477166
5528 4556 1158 477165 477167
5528 4556 1159 477165
5528 4556 1160 477166 477168
5528 4556 1161 477166 477168-477169
5528 4556 1162 477167 477169
5528 4556 1163 477167 477170
5528 4556 1164 477167 477170-477171
5528 4556 1165 477167 477171
5528 4556 1166 477168 477172
5528 4556 1167 477168 477172-477173
5528 4556 1168 477168-477169 477173
5528 4556 1169 477169 477173-477174
5528 4556 1170 477169-477170 477174
5528 4556 1171 477170 477174-477175
5528 4556 1172 477170-477171 477175
5528 4556 1173 477171 477175-477176
5528 4556 1174 477171-477172 477176
5528 4556 1175 477172 477176-477177
5528 4556 1176 477172-477173 477177
5528 4556 1177 477173 477177-477178
5528 4556 1178 477173-477174 477178
5528 4556 1179 477174 477178-477179
5528 4556 1180 477174-477175 477179
5528 4556 1181 477175 477179-477180
5528 4556 1182 477175-477176 477180
5528 4556 1183 477176 477180-477181
5528 4556 1184 477176-477177 477181
5528 4556 1185 477177 477181-477182
5528 4556 1186 477177-477178 477182
5528 4556 1187 477178 477182-477183
5528 4556 1188 477178-477179 477183
5528 4556 1189 477179 477183-477184
5528 4556 1190 477179-477180 477183-477184
5528 4556 1191 477180 477184
5528 4556 1192 477180-477181 477184-477185
5528 4556 1193 477181 477185
5528 4556 1194 477182 477185-477186
5528 4556 1195 477186
5528 4556 1196 477183 477186-477187
5528 4556 1197 477184 477187
5528 4556 1198 477185 477187-477188
5528 4556 1199 477185 477188
5528 4556 1200 477186 477188-477189
5528 4556 1201 477187 477189
5528 4556 1202 477190
5528 4556 1203 477188 477190
5528 4556 1204 477189 477191
5528 4556 1205 477190
5528 4556 1206 477192
5528 4556 1207 477191 477193
5528 4556 1208 477192
5528 4556 1209 477194
5528 4556 1210 477193
5528 4556 1211 477195
5528 4556 1212 477194 477196
5528 4556 1213 477195
5528 4556 1214 477197
5528 4556 1215 477196
5528 4556 1216 477198
5528 4556 1217 477197 477199
5528 4556 1218 477198
5528 4556 1219 477200
5528 4556 1220 477199
5528 4556 1221 477201
5528 4556 1222 477200 477202
5528 4556 1223 477201
5528 4556 1224 477201 477203
5528 4556 1225 477201
5528 4556 1226 477202 477204
5528 4556 1227 477202 477205
5528 4556 1228 477202 477205
5528 4556 1229 477203 477205
5528 4556 1230 477203 477206
5528 4556 1231 477203 477206
5528 4556 1232 477204 477206
5528 4556 1233 477204 477207
5528 4556 1234 477204 477207
5528 4556 1235 477205 477207-477208
5528 4556 1236 477205 477208
5528 4556 1237 477205 477208-477209
5528 4556 1238 477206 477209
5528 4556 1239 477206 477209-477210
5528 4556 1240 477206 477210
5528 4556 1241 477207 477210-477211
5528 4556 1242 477207 477211
5528 4556 1243 477207-477208 477211-477212
5528 4556 1244 477208 477212
5528 4556 1245 477208-477209 477212-477213
5528 4556 1246 477209 477213
5528 4556 1247 477209-477210 477213-477214
5528 4556 1248 477210 477214
5528 4556 1249 477211 477214-477215
5528 4556 1250 477211-477212 477215
5528 4556 1251 477212 477215-477216
5528 4556 1252 477212-477213 477216
5528 4556 1253 477213 477216-477217
5528 4556 1254 477213-477214 477217
5528 4556 1255 477214 477217-477218
5528 4556 1256 477214-477215 477218
5528 4556 1257 477215 477219
5528 4556 1258 477215-477216 477219
5528 4556 1259 477216 477220
5528 4556 1260 477216-477217 477220
5528 4556 1261 477217 477221
5528 4556 1262 477217-477218 477221-477222
5528 4556 1263 477218 477222
5528 4556 1264 477219 477222-477223
5528 4556 1265 477219 477223
5528 4556 1266 477220 477223-477224
5528 4556 1267 477220 477224
5528 4556 1268 477221 477224-477225
5528 4556 1269 477221 477225
5528 4556 1270 477222 477225-477226
5528 4556 1271 477222 477226
5528 4556 1272 477223 477226-477227
5528 4556 1273 477223-477224 477227
5528 4556 1274 477224 477227-477228
5528 4556 1275 477224-477225 477228
5528 4556 1276 477225 477228-477229
5528 4556 1277 477225-477226 477229
5528 4556 1278 477226 477229-477230
5528 4556 1279 477226-477227 477230
5528 4556 1280 477227 477230-477231
5528 4556 1281 477227-477228 477231
5528 4556 1282 477228 477232
5528 4556 1283 477229 477232
5528 4556 1284 477229 477233
5528 4556 1285 477230 477233-477234
5528 4556 1286 477231 477234
5528 4556 1287 477231 477234-477235
5528 4556 1288 477232 477235
5528 4556 1289 477233 477235-477236
5528 4556 1290 477233 477236
5528 4556 1291 477234 477237
5528 4556 1292 477235 477237
5528 4556 1293 477238
5528 4556 1294 477236 477239
5528 4556 1295 477237 477239
5528 4556 1296 477238 477240
5528 4556 1297 477238
5528 4556 1298 477239 477241
5528 4556 1299 477240 477242
5528 4556 1300 477240 477242
5528 4556 1301 477241 477243
5528 4556 1302 477241 477243
5528 4556 1303 477242 477244
5528 4556 1304 477242 477244
5528 4556 1305 477243 477245
5528 4556 1306 477245
5528 4556 1307 477244 477246
5528 4556 1308 477246
5528 4556 1309 477245 477247
5528 4556 1311 477246 477248
5528 4556 1313 477247 477249
5528 4556 1314 477247
5528 4556 1315 477248 477250
5528 4556 1316 477248
5528 4556 1317 477248 477251
5528 4556 1318 477249 477251
5528 4556 1319 477249 477252
5528 4556 1320 477249 477252
5528 4556 1321 477250 477252
5528 4556 1322 477250 477253
5528 4556 1323 477253
5528 4556 1324 477251
5528 4556 1325 477251 477254
5528 4556 1326 477252 477254-477255
5528 4556 1327 477252 477255
5528 4556 1328 477252 477255-477256
5528 4556 1329 477253 477256
5528 4556 1330 477253 477256-477257
5528 4556 1331 477253 477257
5528 4556 1332 477254 477257-477258
5528 4556 1333 477254 477258
5528 4556 1334 477254-477255 477258-477259
5528 4556 1335 477255 477259
5528 4556 1336 477256 477260
5528 4556 1337 477256-477257 477260-477261
5528 4556 1338 477257 477261
5528 4556 1339 477257-477258 477261-477262
5528 4556 1340 477258 477262
5528 4556 1341 477258-477259 477262-477263
5528 4556 1342 477259 477263
5528 4556 1343 477260 477263-477264
5528 4556 1344 477264
5528 4556 1345 477261 477265
5528 4556 1346 477262 477265-477266
5528 4556 1347 477263 477266
5528 4556 1348 477263 477266
5528 4556 1349 477264 477267
5528 4556 1350 477265 477267
5528 4556 1352 477266 477268
5528 4556 1353 477267
5528 4556 1354 477267 477269
5528 4556 1355 477268 477270
5528 4556 1356 477270
5528 4556 1357 477269 477271
5528 4556 1358 477271
5528 4556 1359 477270 477272
5528 4556 1361 477271 477273
5528 4556 1363 477272 477274
5528 4556 1364 477273
5528 4556 1365 477273 477275
5528 4556 1366 477274
5528 4556 1367 477274 477276
5528 4556 1368 477275 477277
5528 4556 1369 477277
5528 4556 1370 477276 477278
5528 4556 1372 477277 477279
5528 4556 1374 477278 477280
5528 4556 1375 477279
5528 4556 1376 477279 477281
5528 4556 1377 477280
5528 4556 1378 477280 477282
5528 4556 1379 477281 477283
5528 4556 1380 477283
5528 4556 1381 477282 477284
5528 4556 1382 477284
5528 4556 1383 477283 477285
5528 4556 1385 477284 477286
5528 4556 1387 477285 477287
5528 4556 1388 477286 477288
5528 4556 1389 477286 477288
5528 4556 1390 477287 477289
5528 4556 1392 477288 477290
5528 4556 1393 477289 477291
5528 4556 1394 477289 477291
5528 4556 1395 477290 477292
5528 4556 1397 477291 477293
5528 4556 1398 477291
5528 4556 1399 477292 477294
5528 4556 1400 477292 477295
5528 4556 1401 477293
5528 4556 1402 477293 477296
5528 4556 1403 477293-477294 477296
5528 4556 1404 477294 477297
5528 4556 1405 477294 477297
5528 4556 1406 477295 477298
5528 4556 1407 477295 477298
5528 4556 1408 477296 477298
5528 4556 1409 477296 477299
5528 4556 1410 477296 477299
5528 4556 1411 477297 477300
5528 4556 1412 477297 477300
5528 4556 1413 477298 477301
5528 4556 1414 477298 477301
5528 4556 1415 477298 477301
5528 4556 1416 477299 477302
5528 4556 1417 477299 477302
5528 4556 1418 477300 477303
5528 4556 1419 477300 477303
5528 4556 1420 477301 477303
5528 4556 1421 477301 477304
5528 4556 1422 477301 477304
5528 4556 1423 477302 477305
5528 4556 1424 477302 477305
5528 4556 1425 477303 477305-477306
5528 4556 1426 477303 477306
5528 4556 1427 477303 477306
5528 4556 1428 477304 477307
5528 4556 1429 477304 477307
5528 4556 1430 477305 477308
5528 4556 1431 477305 477308
5528 4556 1432 477306 477308-477309
5528 4556 1433 477306 477309
5528 4556 1434 477307 477310
5528 4556 1435 477307 477310
5528 4556 1436 477308 477311
5528 4556 1437 477308 477311-477312
5528 4556 1438 477309 477312
5528 4556 1439 477309 477313
5528 4556 1440 477310 477313
5528 4556 1441 477310-477311 477314
5528 4556 1442 477311 477314-477315
5528 4556 1443 477312 477315
5528 4556 1444 477312 477315-477316
5528 4556 1445 477313 477316
5528 4556 1446 477313-477314 477317
5528 4556 1447 477314 477317
5528 4556 1448 477315 477318
5528 4556 1449 477315 477318-477319
5528 4556 1450 477316 477319
5528 4556 1451 477316-477317 477320
5528 4556 1452 477317 477320
5528 4556 1453 477318 477321
5528 4556 1454 477318 477321-477322
5528 4556 1455 477319 477322
5528 4556 1456 477319-477320 477323
5528 4556 1457 477320 477323
5528 4556 1458 477320-477321 477324
5528 4556 1459 477321 477324
5528 4556 1460 477322 477325
5528 4556 1461 477322 477325-477326
5528 4556 1462 477323 477326
5528 4556 1463 477323-477324 477327
5528 4556 1464 477324 477327
5528 4556 1465 477325 477328
5528 4556 1466 477325 477328-477329
5528 4556 1467 477326 477329
5528 4556 1468 477326 477329-477330
5528 4556 1469 477327 477330
5528 4556 1470 477327-477328 477331
5528 4556 1471 477328 477331-477332
5528 4556 1472 477328-477329 477332
5528 4556 1473 477329 477333
5528 4556 1474 477329-477330 477333-477334
5528 4556 1475 477330 477334
5528 4556 1476 477330-477331 477335
5528 4556 1477 477331-477332 477335-477336
5528 4556 1478 477331-477332 477336
5528 4556 1479 477332-477333 477337
5528 4556 1480 477332-477333 477337-477338
5528 4556 1481 477333-477334 477338
5528 4556 1482 477334 477338-477339
5528 4556 1483 477334-477335 477339-477340
5528 4556 1484 477335-477336 477340
5528 4556 1485 477335-477336 477340-477341
5528 4556 1486 477336-477337 477341
5528 4556 1487 477336-477337 477341-477342
5528 4556 1488 477337-477338 477342-477343
5528 4556 1489 477338 477342-477343
5528 4556 1490 477338-477339 477343
5528 4556 1491 477339-477340 477343-477344
5528 4556 1492 477339-477340 477344
5528 4556 1493 477340-477341 477344-477345
5528 4556 1494 477340-477341 477345
5528 4556 1495 477341-477342 477345-477346
5528 4556 1496 477342 477346
5528 4556 1497 477342-477343 477346
5528 4556 1498 477343 477346-477347
5528 4556 1499 477343-477344 477347
5528 4556 1500 477344 477347-477348
5528 4556 1501 477345 477348
5528 4556 1502 477345 477348-477349
5528 4556 1503 477346 477349
5528 4556 1504 477347 477349
5528 4556 1505 477347 477349-477350
5528 4556 1506 477348 477350
5528 4556 1507 477349 477351
5528 4556 1508 477349
5528 4556 1509 477350 477352
5528 4556 1510 477351 477353
5528 4556 1511 477351
5528 4556 1512 477352 477354
5528 4556 1513 477353 477355
5528 4556 1515 477354 477356
5528 4556 1516 477355 477357
5528 4556 1518 477356 477358
5528 4556 1519 477357 477359
5528 4556 1520 477360
5528 4556 1521 477358 477360
5528 4556 1522 477359 477361
5528 4556 1524 477360 477362
5528 4556 1525 477361
5528 4556 1526 477361 477363
5528 4556 1527 477361
5528 4556 1528 477361 477364
5528 4556 1529 477362 477364
5528 4556 1530 477362 477365
5528 4556 1531 477362 477365
5528 4556 1532 477362 477365
5528 4556 1533 477363 477365
5528 4556 1534 477363 477366
5528 4556 1535 477363 477366
5528 4556 1536 477363 477366
5528 4556 1537 477364 477366
5528 4556 1538 477364 477367
5528 4556 1539 477364 477367
5528 4556 1540 477364 477367
5528 4556 1541 477365 477367
5528 4556 1542 477365 477368
5528 4556 1543 477365 477368
5528 4556 1544 477365 477368
5528 4556 1545 477366 477368
5528 4556 1546 477366 477369
5528 4556 1547 477369
5528 4556 1548 477367 477369
5528 4556 1549 477369
5528 4556 1550 477368 477370
5528 4556 1551 477370
5528 4556 1552 477369 477371
5528 4556 1553 477372
5528 4556 1554 477370 477372
5528 4556 1555 477373
5528 4556 1556 477371 477374
5528 4556 1557 477372 477374
5528 4556 1558 477373 477375
5528 4556 1559 477373 477376
5528 4556 1560 477374
5528 4556 1561 477375 477377
5528 4556 1562 477375 477378
5528 4556 1563 477376 477379
5528 4556 1564 477377 477379
5528 4556 1565 477377 477380
5528 4556 1566 477378 477381
5528 4556 1567 477379 477381
5528 4556 1568 477379 477382
5528 4556 1569 477380 477383
5528 4556 1570 477381 477383
5528 4556 1571 477381 477384
5528 4556 1572 477382 477385
5528 4556 1573 477383 477386
5528 4556 1574 477384 477386
5528 4556 1575 477384 477387
5528 4556 1576 477385 477388
5528 4556 1577 477386 477388
5528 4556 1578 477386 477389
5528 4556 1579 477387 477390
5528 4556 1580 477388 477390
5528 4556 1581 477388 477391
5528 4556 1582 477389 477392
5528 4556 1583 477389-477390 477393
5528 4556 1584 477390-477391 477393
5528 4556 1585 477391 477394
5528 4556 1586 477391-477392
5528 4556 1587 477392 477395
5528 4556 1588 477392-477393 477395
5528 4556 1589 477393
5528 4556 1590 477393-477394 477396
5528 4556 1591 477394 477396
5528 4556 1592 477394 477396
5528 4556 1594 477395 477397
5528 4556 1595 477395 477397
5528 4556 1596 477395 477397
5528 4556 1598 477398
5528 4556 1599 477396 477398
5528 4556 1600 477396 477398
5528 4556 1601 477396
5528 4556 1603 477397 477399
5528 4556 1604 477397 477399
5528 4556 1606 477398
5528 4556 1607 477398 477400
5528 4556 1608 477398 477400
5528 4556 1610 477399 477401
5528 4556 1611 477399 477401
5528 4556 1612 477399 477401
5528 4556 1614 477400 477402
5528 4556 1615 477400 477402
5528 4556 1616 477400 477402
5528 4556 1618 477401 477403
5528 4556 1619 477403
5528 4556 1620 477402-477403
5528 4556 1622 477403
5528 4556 1623 477405
5528 4556 1625 477405-477406
5528 4556 1627 477406-477407
5528 4556 1629 477407
5528 4556 1630 477409
5528 4556 1631 477408 477410
5528 4556 1632 477409 477411
5528 4556 1633 477410 477412
5528 4556 1634 477411 477413
5528 4556 1635 477412
5528 4556 1637 477415
5528 4556 1638 477416
5528 4556 1639 477415 477417
5528 4556 1640 477416 477418
5528 4556 1641 477417 477419
5528 4556 1642 477418 477420
5528 4556 1643 477419
5528 4556 1645 477422
5528 4556 1646 477423
5528 4556 1647 477422 477424
5528 4556 1648 477423 477425
5528 4556 1649 477424 477426
5528 4556 1650 477425
5528 4556 1651 477426
5528 4556 1652 477428
5528 4556 1653 477427 477429
5528 4556 1654 477428
5528 4556 1655 477430
5528 4556 1656 477431
5528 4556 1657 477430
5528 4556 1658 477431
5528 4556 1659 477433
5528 4556 1660 477434
5528 4556 1661 477433
5528 4556 1662 477433-477434
5528 4556 1663 477434 477436
5528 4556 1664 477434 477437
5528 4556 1665 477434-477435
5528 4556 1666 477435 477438
5528 4556 1667 477435 477439
5528 4556 1668 477435-477436 477439
5528 4556 1669 477436 477439-477440
5528 4556 1670 477436 477440
5528 4556 1671 477436-477437 477440
5528 4556 1672 477437 477440-477441
5528 4556 1673 477437 477441
5528 4556 1674 477437-477438 477441
5528 4556 1675 477438 477441-477442
5528 4556 1676 477438 477442
5528 4556 1677 477438-477439 477442
5528 4556 1678 477439 477442-477443
5528 4556 1679 477439-477440 477443
5528 4556 1680 477440 477443-477444
5528 4556 1681 477440 477444
5528 4556 1682 477440-477441 477444
5528 4556 1683 477441 477444-477445
5528 4556 1684 477441 477445
5528 4556 1685 477441-477442 477445
5528 4556 1686 477442 477445-477446
5528 4556 1687 477442 477446
5528 4556 1688 477442-477443 477446
5528 4556 1689 477443 477446-477447
5528 4556 1690 477443 477447
5528 4556 1691 477444 477447
5528 4556 1692 477444 477447-477448
5528 4556 1693 477445 477448
5528 4556 1694 477448
5528 4556 1695 477446 477448-477449
5528 4556 1696 477447 477449
5528 4556 1698 477448 477450
5528 4556 1699 477449 477451
5528 4556 1700 477449 477451
5528 4556 1701 477450 477452
5528 4556 1702 477451-477452
5528 4556 1703 477451 477453
5528 4556 1704 477452-477453
5528 4556 1705 477453-477454
5528 4556 1706 477453-477455
5528 4556 1707 477454-477455
5528 4556 1708 477454-477456
5528 4556 1709 477455-477456
5528 4556 1710 477456-477457
5528 4556 1711 477456-477457
5528 4556 1712 477457-477458
5528 4556 1713 477458
5528 4556 1714 477458-477459
5528 4556 1715 477459
5528 4556 1716 477460
