90 4049 2942 237790-237792
90 4049 2943 237791-237793
90 4049 2944 237791-237795
90 4049 2945 237792-237796
90 4049 2946 237793-237794 237797
90 4049 2947 237794 237798
90 4049 2948 237794-237795 237799
90 4049 2949 237795-237796 237800
90 4049 2950 237795-237796 237801
90 4049 2951 237796-237797 237802
90 4049 2952 237796-237798 237802-237803
90 4049 2953 237797-237800 237803-237804
90 4049 2954 237798-237804
90 4049 2955 237800-237805
90 4049 2956 237803-237805
400 1973 3169 676582
400 1973 3170 676582-676583
400 1973 3171 676583-676584
400 1973 3172 676583-676584
400 1973 3173 676584-676585
400 1973 3174 676584 676586
400 1973 3176 676585 676587
400 1973 3177 676585 676588
400 1973 3178 676585 676589
400 1973 3179 676585-676586 676589
400 1973 3180 676586 676590
400 1973 3181 676586 676591
400 1973 3182 676586 676592
400 1973 3183 676586 676593
400 1973 3184 676586 676594
400 1973 3185 676587 676595
400 1973 3186 676587
400 1973 3187 676587 676596
400 1973 3188 676587 676597
400 1973 3189 676587 676597-676598
400 1973 3190 676588 676598-676599
400 1973 3191 676588 676599-676600
400 1973 3192 676588-676589 676599-676601
400 1973 3193 676588-676589 676600-676601
400 1973 3194 676588-676590 676600-676602
400 1973 3195 676589-676590 676601-676602
400 1973 3196 676589-676591 676601-676603
400 1973 3197 676590-676592 676602-676603
400 1973 3198 676591-676592 676602-676604
400 1973 3199 676591-676593 676603-676605
400 1973 3200 676592-676593 676604-676605
400 1973 3201 676592-676594 676604-676606
400 1973 3202 676593-676594 676605-676606
400 1973 3203 676593-676595 676605-676607
400 1973 3204 676594-676595 676606-676607
400 1973 3205 676595-676596 676606-676608
400 1973 3206 676596-676597 676607-676608
400 1973 3207 676596-676597 676607-676609
400 1973 3208 676597-676598 676608-676609
400 1973 3209 676598 676608-676610
400 1973 3210 676599 676609-676610
400 1973 3211 676599-676600 676609-676610
400 1973 3212 676600-676601 676610-676611
400 1973 3213 676601 676610-676611
400 1973 3214 676602 676611
400 1973 3215 676603 676611
400 1973 3216 676603-676604 676611-676612
400 1973 3217 676604-676605 676611-676612
400 1973 3218 676605 676612
400 1973 3219 676606 676612-676613
400 1973 3220 676606-676607 676612-676613
400 1973 3221 676607-676608 676612-676613
400 1973 3222 676608-676609 676613
400 1973 3223 676609-676610 676613-676614
400 1973 3224 676610 676613-676614
400 1973 3225 676610-676611 676614
400 1973 3226 676611-676612 676614-676615
400 1973 3227 676612-676615
400 1973 3228 676612-676616
400 1973 3229 676613-676616
400 1973 3230 676614-676616
400 1973 3231 676614-676617
400 1973 3232 676615-676617
400 1973 3233 676616-676617
400 1973 3234 676617-676618
400 1973 3235 676617-676618
2623 2693 147 387150
2623 2693 148 387149-387153
2623 2693 149 387148-387157
2623 2693 150 387148-387149 387151-387160
2623 2693 151 387147-387149 387154-387163
2623 2693 152 387146-387148 387157-387166
2623 2693 153 387145-387147 387161-387170
2623 2693 154 387144-387146 387164-387173
2623 2693 155 387144-387146 387167-387174
2623 2693 156 387131-387133 387143-387145 387170-387176
2623 2693 157 387131-387135 387142-387145 387174-387178
2623 2693 158 387132-387139 387142-387144 387177-387179
2623 2693 159 387133-387144 387149-387152 387179-387181
2623 2693 160 387135-387144 387147-387155 387180-387183
2623 2693 161 387136-387158 387182-387185
2623 2693 162 387137-387149 387153-387162 387183-387187
2623 2693 163 387139-387147 387156-387166 387185-387189
2623 2693 164 387140-387146 387159-387170 387186-387191
2623 2693 165 387141-387144 387162-387178 387187-387192
2623 2693 166 387166-387194
2623 2693 167 387170-387196
2623 2693 168 387176-387197
2623 2693 169 387182-387185 387189-387199
2623 2693 170 387192-387200
2623 2693 171 387196-387201
2821 3595 2913 77491
2821 3595 2914 77490-77492
2821 3595 2915 77490-77493
2821 3595 2916 77489-77494
2821 3595 2917 77489-77490
2821 3595 2918 77488-77490
2821 3595 2919 77488-77489
2821 3595 2920 77487-77489
2821 3595 2921 77487-77488
2821 3595 2922 77486-77488
2821 3595 2923 77486-77487
2821 3595 2924 77485-77487
2821 3595 2925 77484-77486
2821 3595 2926 77483-77485
2821 3595 2927 77483-77485
2821 3595 2928 77482-77484 77505-77506
2821 3595 2929 77481-77483 77504-77507
2821 3595 2930 77458-77461 77481-77482 77503-77506
2821 3595 2931 77449-77463 77480-77482 77499-77505
2821 3595 2932 77442-77465 77480-77481 77491-77504
2821 3595 2933 77441-77467 77479-77481 77491-77504
2821 3595 2934 77431-77463 77466-77470 77479-77480 77490-77503
2821 3595 2935 77427-77458 77468-77472 77478-77480 77489-77500
2821 3595 2936 77426-77441 77443-77453 77471-77474 77478-77479 77488-77490
2821 3595 2937 77425-77439 77473-77479 77488-77489
2821 3595 2938 77424-77441 77476-77478 77487-77489
2821 3595 2939 77423-77443 77487-77488
2821 3595 2940 77421-77445 77486-77488
2821 3595 2941 77417-77432 77443-77447 77486-77487
2821 3595 2942 77414-77431 77445-77448 77468-77474 77485-77487
2821 3595 2943 77413-77430 77446-77476 77484-77486
2821 3595 2944 77412-77429 77448-77485
2821 3595 2945 77411-77426 77450-77474 77477-77485
2821 3595 2946 77410-77416 77452-77470
2821 3595 2947 77409-77414 77454-77466
2821 3595 2948 77409-77412
2821 3595 2949 77408-77410
2821 3595 2985 76145
2821 3595 2986 76142-76147 76203-76206
2821 3595 2987 76040-76042 76141-76150 76202-76208
2821 3595 2988 76039-76049 76141-76143 76147-76152 76201-76210
2821 3595 2989 76038-76055 76140-76142 76149-76155 76199-76211
2821 3595 2990 76037-76056 76115 76140-76142 76152-76157 76198-76205 76210-76213
2821 3595 2991 76036-76039 76046-76058 76113-76117 76139-76141 76154-76160 76195-76203 76211-76215 76426
2821 3595 2992 76036-76038 76051-76059 76112-76119 76139-76140 76156-76163 76180-76185 76190-76202 76213-76216 76425-76429
2821 3595 2993 76035-76037 76056-76061 76111-76121 76138-76140 76159-76165 76177-76201 76215-76218 76424-76430
2821 3595 2994 76034-76036 76061-76063 76110-76123 76138-76139 76162-76168 76176-76199 76216-76220 76318-76319 76422-76432
2821 3595 2995 76033-76035 76063-76064 76109-76114 76121-76125 76137-76139 76164-76170 76174-76198 76218-76221 76316-76324 76421-76433
2821 3595 2996 76033-76035 76064-76066 76108-76112 76123-76128 76137-76138 76167-76197 76220-76223 76314-76327 76420-76435
2821 3595 2997 76032-76034 76066-76067 76107-76111 76125-76130 76133-76138 76169-76196 76221-76224 76312-76329 76419-76437
2821 3595 2998 76032-76034 76068-76069 76106-76110 76127-76137 76171-76196 76223-76226 76266-76269 76310-76330 76417-76438
2821 3595 2999 76031-76033 76069-76071 76105-76109 76129-76137 76173-76191 76224-76227 76266-76272 76309-76332 76414-76440
2821 3595 3000 76030-76032 76071-76073 76102-76107 76132-76137 76175-76188 76226-76228 76265-76274 76307-76317 76319-76333 76411-76428 76436-76441
2821 3595 3001 76030-76032 76072-76075 76099-76106 76134-76136 76177 76227-76230 76265-76276 76306-76315 76325-76335 76407-76427 76438-76443
2821 3595 3002 76027-76031 76074-76079 76086-76091 76096-76105 76136 76228-76232 76264-76278 76305-76313 76329-76336 76405-76426 76439-76444
2821 3595 3003 76024-76030 76077-76083 76085-76104 76230-76235 76263-76281 76303-76312 76331-76338 76357-76359 76381-76386 76404-76424 76441-76446
2821 3595 3004 76024-76029 76080-76103 76232-76237 76263-76283 76302-76310 76333-76339 76356-76361 76381-76389 76403-76423 76442-76447
2821 3595 3005 76083-76100 76234-76251 76261-76285 76301-76309 76335-76341 76355-76362 76380-76391 76402-76419 76444-76449
2821 3595 3006 76087-76097 76236-76256 76259-76265 76278-76288 76300-76308 76336-76342 76354-76364 76380-76394 76401-76416 76445-76450 76479-76484 76523-76527
2821 3595 3007 76088-76090 76238-76264 76280-76290 76300-76306 76338-76344 76353-76366 76379-76384 76387-76397 76399-76412 76447-76452 76475-76487 76522-76529
2821 3595 3008 76240-76262 76283-76293 76296-76305 76339-76345 76352-76358 76362-76367 76378-76383 76390-76410 76448-76454 76474-76489 76521-76530
2821 3595 3009 76242-76261 76286-76304 76341-76357 76365-76369 76378-76383 76393-76409 76450-76456 76473-76491 76520-76532 76643-76645
2821 3595 3010 76244-76247 76255-76259 76288-76303 76342-76356 76366-76382 76395-76408 76451-76458 76472-76493 76519-76534 76642-76647
2821 3595 3011 76291-76302 76344-76355 76368-76382 76398-76407 76453-76460 76471-76496 76518-76536 76557-76559 76640-76649
2821 3595 3012 76293-76302 76345-76353 76369-76381 76401-76406 76455-76462 76471-76500 76517-76537 76556-76561 76639-76650
2821 3595 3013 76296-76301 76347-76349 76372-76380 76404 76457-76465 76470-76503 76516-76539 76556-76563 76637-76652
2821 3595 3014 76299-76300 76460-76506 76515-76525 76534-76541 76555-76565 76589-76595 76636-76654
2821 3595 3015 76462-76481 76487-76509 76513-76523 76536-76543 76555-76567 76588-76596 76634-76656
2821 3595 3016 76464-76474 76495-76522 76537-76545 76554-76569 76587-76598 76633-76658
2821 3595 3017 76466-76474 76498-76521 76539-76547 76550-76572 76585-76600 76632-76643 76648-76660 76767-76773
2821 3595 3018 76473 76501-76520 76541-76574 76584-76602 76631-76642 76652-76666 76766-76776
2821 3595 3019 76504-76519 76543-76577 76583-76604 76629-76640 76654-76670 76765-76780 76880-76882
2821 3595 3020 76507-76518 76545-76556 76559-76593 76598-76606 76627-76639 76656-76673 76714-76717 76764-76782 76878-76885
2821 3595 3021 76510-76517 76547-76551 76563-76591 76600-76608 76625-76637 76658-76675 76713-76728 76764-76785 76876-76889
2821 3595 3022 76513-76514 76568-76590 76602-76610 76622-76636 76660-76677 76712-76732 76763-76787 76874-76894
2821 3595 3023 76572-76589 76603-76611 76619-76636 76662-76679 76711-76735 76762-76791 76807-76813 76871-76902 76919-76921
2821 3595 3024 76575-76587 76605-76614 76617-76635 76674-76680 76710-76737 76761-76798 76800-76815 76869-76907 76915-76921
2821 3595 3025 76577-76586 76607-76634 76676-76682 76709-76740 76760-76770 76776-76818 76868-76880 76883-76920
2821 3595 3026 76580-76585 76609-76633 76678-76684 76708-76743 76760-76769 76780-76820 76867-76878 76888-76919
2821 3595 3027 76611-76632 76680-76685 76708-76717 76734-76745 76759-76768 76783-76822 76851-76852 76867-76876 76891-76917
2821 3595 3028 76613-76631 76681-76687 76707-76715 76736-76747 76754-76767 76785-76824 76847-76856 76866-76874 76902-76916
2821 3595 3029 76615-76630 76683-76688 76706-76713 76739-76766 76788-76811 76813-76828 76843-76859 76862-76872 76906-76914
2821 3595 3030 76618-76627 76685-76698 76705-76712 76742-76766 76791-76804 76815-76834 76839-76871 76909-76912
2821 3595 3031 76621-76625 76686-76711 76744-76765 76817-76871
2821 3595 3032 76688-76711 76746-76764 76819-76870
2821 3595 3033 76689-76710 76748-76763 76821-76869
2821 3595 3034 76691-76709 76750-76762 76823-76850 76854-76868
2821 3595 3035 76692-76708 76752-76761 76825-76847 76858-76868
2821 3595 3036 76694-76707 76754-76760 76832-76841 76861-76867
2821 3595 3037 76695-76707 76756-76759 76865
2821 3595 3038 76697-76706 76758
2821 3595 3039 76698-76705
2821 3595 3040 76700-76705
2821 3595 3041 76701-76704
3218 3835 3543 681970-681971
3218 3835 3544 681966-681972
3218 3835 3545 681965-681967 681969-681973
3218 3835 3546 681965-681966 681972-681974
3218 3835 3547 681965 681973-681974
3218 3835 3548 681965-681966 681973-681975
3218 3835 3549 681965-681966 681973-681975
3218 3835 3550 681966-681967 681973-681976
3218 3835 3551 681967-681968 681973-681976
3218 3835 3552 681968-681976
3218 3835 3553 681970-681972
3685 3113 892 683556-683557
3685 3113 893 683556-683557
3685 3113 894 683557-683558
3685 3113 895 683557-683559
3685 3113 896 683557-683560
3685 3113 897 683558-683561
3685 3113 898 683558-683561
3685 3113 899 683558-683562
3685 3113 900 683559-683563
3685 3113 901 683559-683564
3685 3113 902 683560-683561 683563-683564
3685 3113 903 683560-683561 683564-683565
3685 3113 904 683561-683562 683565-683566
3685 3113 905 683562 683566
3685 3113 906 683562-683563 683566-683567
3685 3113 907 683563 683567-683568
3685 3113 908 683563-683564 683568
3685 3113 909 683564 683569
3685 3113 910 683564-683565 683569-683570
3685 3113 911 683564-683565 683570
3685 3113 912 683565-683566 683571
3685 3113 913 683565-683566 683571
3685 3113 914 683566-683567 683572
3685 3113 915 683566-683567 683572
3685 3113 916 683567 683573
3685 3113 917 683567-683568 683573
3685 3113 918 683567-683568 683574
3685 3113 919 683568-683569 683574
3685 3113 920 683568-683569 683575
3685 3113 921 683569-683570 683575
3685 3113 922 683569-683570 683575
3685 3113 923 683570 683576
3685 3113 924 683570 683576
3685 3113 925 683571 683576
3685 3113 926 683571 683576-683577
3685 3113 927 683571 683577
3685 3113 928 683571-683572 683577
3685 3113 929 683572 683577-683578
3685 3113 930 683572 683578
3685 3113 931 683572 683578
3685 3113 932 683572-683573 683578-683579
3685 3113 933 683573 683579
3685 3113 934 683573 683579
3685 3113 935 683573-683574 683579
3685 3113 936 683574 683579-683580
3685 3113 937 683574 683580
3685 3113 938 683574-683575 683580
3685 3113 939 683575 683580
3685 3113 940 683575 683580-683581
3685 3113 941 683581
3685 3113 942 683581
3685 3113 943 683577 683581-683582
3685 3113 944 683578 683582
3685 3113 945 683582
3685 3113 946 683582
3685 3113 947 683580 683582-683583
3685 3113 948 683581 683583
3685 3113 950 683582 683584
3685 3113 951 683583 683585
3685 3113 952 683584
3685 3113 953 683586
3685 3113 954 683585 683587
3685 3113 955 683586-683587
3685 3113 956 683587-683588
3685 3113 957 683588-683589
3685 3113 958 683588-683589
3685 3113 959 683589-683590
3685 3113 960 683590-683591
3685 3113 961 683591-683592
3685 3113 962 683592
3685 3113 963 683593
3685 3113 964 683594
3685 3113 965 683594-683595
3685 3113 966 683595
3685 3113 967 683596
3835 4706 2013 681524-681525
3835 4706 2014 681523-681526
3835 4706 2015 681523-681527
3835 4706 2016 681523-681528
3835 4706 2017 681524-681529
3835 4706 2018 681524-681529
3835 4706 2019 681525-681529
3835 4706 2020 681526-681529
4049 505 552 234763-234765
4049 505 553 234762-234766
4049 505 554 234762-234767
4049 505 555 234762-234768
4049 505 556 234762-234769
4049 505 557 234762-234764 234766-234769
4049 505 558 234763-234764 234767-234770
4049 505 559 234763-234764 234768-234771
4049 505 560 234764-234765 234768-234772
4049 505 561 234764-234766 234769-234772
4049 505 562 234765-234773
4049 505 563 234766-234773
4049 505 564 234768-234774
4049 505 565 234769-234774
4049 505 566 234770-234774
4049 505 567 234772-234774
4049 505 568 234774
4760 3406 1416 652487-652491
4760 3406 1417 652487-652493
4760 3406 1418 652487-652489 652492-652494
4760 3406 1419 652487-652489 652494-652496
4760 3406 1420 652488-652489 652495-652497
4760 3406 1421 652488-652489 652496-652497
4760 3406 1422 652489-652490 652497-652498
4760 3406 1423 652490-652491 652498-652499
4760 3406 1424 652491-652492 652498-652499
4760 3406 1425 652492-652493 652498-652500
4760 3406 1426 652493-652500
4760 3406 1427 652494-652500
4760 3406 1428 652496-652499
4890 1709 2938 509928
4890 1709 2939 509927-509931
4890 1709 2940 509926-509932
4890 1709 2941 509926-509933
4890 1709 2942 509926-509934
4890 1709 2943 509926-509935
4890 1709 2944 509926-509929 509933-509936
4890 1709 2945 509926-509929 509935-509937
4890 1709 2946 509927-509929 509936-509938
4890 1709 2947 509927-509929 509937-509938
4890 1709 2948 509927-509929 509937-509939
4890 1709 2949 509928-509929 509938-509940
4890 1709 2950 509928-509929 509939-509940
4890 1709 2951 509928-509930 509939-509941
4890 1709 2952 509929-509930 509940-509941
4890 1709 2953 509929-509931 509941-509942
4890 1709 2954 509930-509931 509941-509943
4890 1709 2955 509930-509932 509942-509943
4890 1709 2956 509930-509932 509942-509943
4890 1709 2957 509931-509933 509942-509944
4890 1709 2958 509931-509934 509943-509944
4890 1709 2959 509932-509934 509943-509945
4890 1709 2960 509933-509935 509943-509945
4890 1709 2961 509933-509936 509943-509945
4890 1709 2962 509934-509937 509943-509945
4890 1709 2963 509934-509938 509943-509946
4890 1709 2964 509935-509946
4890 1709 2965 509936-509946
4890 1709 2966 509937-509946
4890 1709 2967 509937-509946
4890 1709 2968 509938-509945
4890 1709 2969 509939-509944
4890 1709 2970 509941-509944
5179 5118 67 572720-572722
5179 5118 68 572719-572723
5179 5118 69 572719-572724
5179 5118 70 572719-572724
5179 5118 71 572719-572725
5179 5118 72 572719-572726
5179 5118 73 572720-572721 572724-572726
5179 5118 74 572720-572721 572725-572727
5179 5118 75 572720-572721 572726-572727
5179 5118 76 572720-572721 572727-572728
5179 5118 77 572720-572721 572727-572728
5179 5118 78 572721-572722 572728-572729
5179 5118 79 572721-572722 572728-572729
5179 5118 80 572721-572722 572729
5179 5118 81 572721-572722 572729-572730
5179 5118 82 572722 572730
5179 5118 83 572722-572723 572730
5179 5118 84 572722-572723 572730-572731
5179 5118 85 572723 572730-572731
5179 5118 86 572723-572724 572731
5179 5118 87 572723-572724 572731-572732
5179 5118 88 572724 572731-572732
5179 5118 89 572724-572725 572732
5179 5118 90 572725 572732
5179 5118 91 572726 572732-572733
5179 5118 92 572726-572727 572732-572733
5179 5118 93 572727 572732-572733
5179 5118 94 572728 572732-572733
5179 5118 95 572728-572729 572732-572733
5179 5118 96 572729-572733
5179 5118 97 572730-572734
5179 5118 98 572731-572734
5179 5118 99 572732-572734
