4424 2878 981 223645-223651
4424 2878 982 223640-223663 223670-223674
4424 2878 983 223637-223676
4424 2878 984 223635-223678
4424 2878 985 223632-223680
4424 2878 986 223631-223682
4424 2878 987 223631-223650 223654-223687
4424 2878 988 223631-223648 223660-223688
4424 2878 989 223631-223647 223664-223689
4424 2878 990 223631-223645 223666-223690
4424 2878 991 223632-223645 223667-223690
4424 2878 992 223633-223644 223667-223690
4424 2878 993 223633-223644 223666-223690
4424 2878 994 223634-223644 223664-223690
4424 2878 995 223635-223645 223661-223689
4424 2878 996 223636-223646 223659-223689
4424 2878 997 223638-223648 223655-223688
4424 2878 998 223639-223688
4424 2878 999 223640-223671 223674-223687
4424 2878 1000 223642-223667 223676-223687
4424 2878 1001 223643-223663 223678-223686
4424 2878 1002 223645-223662 223680-223685
4424 2878 1003 223648-223660 223682-223683
4424 2878 1004 223650-223658
4424 2878 1005 223654
