4849727.215196176 -287192.53032826836 4124156.373088342
4132559.9389081686 590873.37242111 4828463.882423066
3532009.1935140733 1290085.8436748604 5155443.033264725
3174938.7662192564 1574810.262518949 5305643.5187946
3917094.762369649 94842.44743661722 5029219.391674666
3871538.3321332927 521870.060034428 5047384.812825175
3869184.6689564553 568936.6114904756 5044122.940384984
4080629.534557943 634924.0094494935 4860488.212517134
3509503.418909583 1340289.40896629 5157994.886798429
3475005.7362734675 1389199.6515694535 5168400.2031876175
2810967.0775491744 2153036.1542290044 5298746.604634575
3972616.9192439546 205067.50322619293 4990535.624902526
4383400.674991511 665666.1890373608 4590865.347145073
4186316.0303904302 239842.02986669715 4812325.877283721
4774945.559779939 195955.42011838572 4214706.743601988
3721849.8336414676 654521.2505304005 5129596.404196738
3791436.9913955447 534201.3875795736 5104419.466450084
3805452.6764825904 499848.7236053827 5098380.819178042
3785725.8755894178 539664.9595597691 5108854.287562044
3971562.2314287187 -92762.79144094625 4995552.383321891
4740390.3017570125 -72399.11973138919 4272811.470121187
4779887.330355353 -215047.12847553872 4219042.34164802
4784748.272388448 -216102.6152646487 4218168.243951459
3746772.322537619 762698.0551632793 5107410.237030134
3720734.5777731934 655463.287876571 5130389.457452325
3859889.1005425937 1137857.4587205676 4953786.051080069
3631236.6824730732 790542.6986284187 5182833.002572651
3190908.911440099 1009335.7670248856 5431545.57140207
3954673.0578808296 276.08826324827123 4998330.960895923
3972240.0053480663 158777.79963460765 4991158.654649298
3873593.073956118 347685.2794061115 5047814.700863384
4217130.18530077 1488396.006156101 4554319.503978576
4074665.6926900684 761154.5101282162 4849059.461018708
3648348.051547422 1422504.8217011462 5039028.90769959
3401143.6238278816 1659289.4992676955 5138547.155562446
3981962.8125039106 455025.01617272175 4959926.6617293805
3784773.330795652 416305.11056564417 5122453.892046166
3963123.941809036 10098.777829468923 4991816.873548784
3958128.0871078437 5250.262996740442 4997322.581433228
3938374.0642358176 144138.30171048484 5016593.636073752
3813385.2704797457 427672.2991509323 5092628.487869803
3635341.009471438 634599.3369911573 5207584.124435204
3153147.856077354 1071208.7786415452 5444953.933413953
3848870.368479225 389460.9449591413 5066047.83947587
2944278.6311587472 1191299.632700679 5534229.520621475
3096973.2538423534 884358.6568142251 5510355.652571515
3036095.78923869 1157733.1847727685 5493243.212408131
3193432.867840684 1121140.7639355545 5410897.6235198565
3155589.620880817 1152221.9936488452 5426986.556676747
3047933.0063510733 1169198.475764503 5483853.200246125
3058865.7045812844 992292.3242876037 5500519.566162577
2871353.902728523 1312245.0404583856 5537732.461364222
3484414.5074792136 736314.0308461682 5295872.335775426
3539115.9457143564 1677015.1051322215 5040190.979984562
2850300.131488689 1338637.5599598228 5540529.183157902
2901188.4973698487 1332312.3777440626 5519527.783956146
2779800.899295474 1898669.7513643766 5423007.153812266
2831724.501568463 2166113.4466461707 5280269.78104334
2779798.577876649 1901657.991948001 5419807.92532902
2763157.6443888014 1820721.536376464 5456000.019756842
3933492.760276689 -102933.4334700692 5017204.499312934
4017027.920709498 -10166.02439038609 4948612.0040476415
3885053.945238059 -110487.34749129547 5050166.249603525
3944374.7707996336 287649.6575849069 5003038.686835294
3411731.02271234 424046.5461864621 5377891.212820647
4068237.898943318 1136025.5109033159 4775900.702152644
4048805.5386306685 644093.1731210711 4891398.307173671
4442871.932709193 2316066.063616729 3953503.0900755343
3659655.4532616283 -380512.73848599585 5202354.325809259
3658559.894722444 -380527.9166931286 5203319.669048759
4040502.4835619545 -281405.6410692712 4931605.712250735
3845567.8016895186 496585.82783364714 5069355.815738781
3936337.1771784965 -32977.75272653566 5019290.492748108
3993538.0864681476 -3833.522540185607 4966784.417636249
3556284.032192208 -264090.32051451236 5280760.101203356
3603242.757082396 635024.7024665187 5229346.644796706
3944105.5506943637 47982.193569473246 5013155.129130075
3517788.4595353454 739390.8064012683 5263840.004647769
3496947.0219728495 784031.6715845913 5269189.14875491
3782052.3897431446 340999.2867199273 5128887.371537678
3993554.8424236714 -14637.208524108333 4965948.851407661
3188982.5408701883 833759.0667356352 5465208.542160604
5213595.9386232225 -709909.9894920033 3606543.7574840127
4707970.258895945 -334828.6728521243 4296099.116921342
4034060.0292041223 -14715.25988124524 4938179.302778329
4259168.049230309 -220306.5559147943 4748095.645052408
4001994.099408763 -32480.020872982543 4959711.869951977
4777361.505992107 15342.099303828842 4232921.433678492
4691652.304263056 -331116.97784179926 4313275.386349458
4092397.548524465 -142480.5955534179 4893424.934281785
4568092.184285097 518207.1171551684 4426023.231053712
4035634.5546802077 524567.1606171563 4914914.4686797075
4916506.728477301 -805020.7428392278 3972933.275922968
4202992.5039492585 1453527.407570404 4576865.351175191
3285769.831804253 815580.6339335188 5411798.778961913
3967352.868587438 -57545.275662783926 4988349.469321884
3842293.2701635594 272588.13453644054 5088021.264113365
3937381.899155504 18073.560064116733 5018334.543437116
3616514.2111895154 326392.1197247268 5247854.762345265
3647469.813917009 284307.91141405696 5229588.193424086
3966636.0114573077 -43271.00294540871 4987398.952474041
3637279.8278847737 299422.30944050517 5235838.179222198
3932829.1725879232 22308.505104375643 5022118.687064793
3697097.523576388 -172669.3084585822 5199147.283190464
4007892.6879752036 220287.03049647983 4962469.938475188
4921616.6323210215 -22419.64132673552 4046877.0031184377
4475862.323895731 301602.1979774237 4539730.418916402
4246005.590857602 360054.87227683363 4748067.257029612
4104257.6413996154 41046.96811031077 4884232.798029064
4023548.448739469 -17766.829989354635 4947141.162133878
4197630.624151975 750055.3209232782 4748765.5094208615
4848002.22796043 -750856.9666721966 4073600.1029745825
4872643.125071202 -781953.8820372174 4033777.8528055158
4556891.118838499 -466809.7775763795 4443232.40577329
4015800.5456424253 -98845.36240645684 4953351.02914277
4775810.099171319 -663378.0963853747 4178717.9946238715
4079193.204688257 330210.54606879497 4897397.409078734
4075277.9604395074 33857.23966605339 4908691.107877864
4377146.734927027 474660.0525573362 4605987.357280081
3969318.37042477 -32630.519771344978 4983854.861749979
4020872.065792984 -22386.839893032848 4949346.901881728
4128510.0841257535 792485.2635995392 4801379.958380562
4236504.779561374 1606167.3821134148 4494211.839200793
4231862.622146825 1584417.776440534 4506299.464372162
3752293.944857312 807368.0842849361 5097680.661558668
2818065.2609457592 2112173.819278161 5313939.870027757
3548729.240263493 1218324.0155449687 5161395.787473121
3572925.258882099 840259.2208078679 5220512.799705565
3618709.4842703147 -221646.72862538832 5253290.478444033
3447330.3077554405 -133035.63659643132 5357091.824630801
3892560.4860925153 -135251.00316139523 5051257.013719955
3959395.6538411267 -4975.525938517209 4993548.284093649
3798291.155805799 -164242.94494924982 5121796.721382238
3657049.540892938 -299957.3650913588 5214929.138451087
3856076.368750413 -73703.81909178743 5083147.042398136
3856548.7694204273 239795.42507643587 5077366.091183321
4863333.194923033 -17570.480059299363 4130274.0370846107
3846955.6011457336 227203.72287545758 5085665.765734217
3992088.994292364 290008.58386823157 4968112.560580378
4154562.8090743306 659207.4344091273 4799845.115064146
4101894.7503576525 1030857.5218391041 4777829.163235127
4200405.73064928 1438038.416661632 4584986.032133904
3390404.9528835635 1502845.4552298656 5194983.758196607
3601290.9266977594 768303.3172066677 5212119.480564373
4885209.0656987075 -775838.8876424971 4022007.268065638
3945372.452364809 -224172.64737694032 5010954.075700346
3805723.3922838178 -303193.065698061 5111513.020427549
3994338.281952134 3904.0050928167307 4964762.494368176
3919741.462724835 -113459.42124070316 5028722.881542836
3878837.074270624 -153891.6119626031 5062633.899605546
3873398.638112033 -136683.48523359845 5066782.065249821
3908862.3744076635 -88704.49628866027 5037122.41089238
3956022.196730385 -16501.997126945244 4997031.919340852
3905906.8560632863 -99551.11283354653 5039279.0010973215
3856486.040089636 299719.70828605484 5064778.774367512
3871066.6009572046 -424702.864225801 5053559.392061801
4252419.997727265 559615.1997004625 4727049.972864943
4720489.821999328 -672413.5977354312 4242439.804960143
3845517.8762887674 1093175.474070322 4973425.674762885
3414225.885897109 849743.22799026 5324168.841441807
3876630.477793788 -116545.55406335575 5062816.765938144
3839979.142293685 -546920.2350902675 5061626.466376422
3598567.7011075467 695124.6372863665 5225357.701120474
3511323.660792921 786997.5253367648 5257551.753625028
3948068.5100999847 205665.79456627308 5006798.40883646
3553033.184090549 743691.2274182648 5243602.96418536
3822561.004845883 392258.87840217154 5095461.40651956
3996397.2131708814 -11439.07873243006 4961840.5112094
3932397.4982072744 241617.9938268723 5020478.424449332
3866949.0339148818 332398.3242133321 5066140.851965028
3957044.1534330603 136246.92489820297 4999806.599895742
3995375.342953697 -2859.0311260894287 4963566.670156013
3812503.5865692254 396943.214375979 5102628.6456827
3743823.864295562 493016.7120455324 5144927.9881800935
3959688.967915585 68770.9752255888 4998250.2094928315
3950666.7579121985 63027.6047451781 5003227.859118212
3953241.3959490014 34706.42210172087 5000838.25293931
3934664.860287918 219293.04941500802 5020075.023815353
3721342.3633614965 524788.9592519774 5158833.254682913
3951529.0934415967 61799.642898173865 5004115.539835015
3754103.179883918 517719.64888083463 5134878.642000915
3510684.02754718 787562.0553544142 5258198.494600602
3516308.78163829 783990.8129764685 5255628.674741581
3470949.1149811987 824528.4268051877 5287899.595368788
3307958.8823089967 348847.98278233496 5444442.173317457
4219766.871002802 591096.9912498504 4751592.5336724315
4695935.831696325 -193780.2773750759 4318782.504764506
4161343.072820363 473242.3118850982 4809620.339729596
4815869.928767448 -252051.91493996044 4180589.236710241
3904118.2317498266 409719.33931438974 5032627.930041559
3926022.465903201 280112.2128461566 5024463.92485425
3927093.852564802 273644.9076540789 5023983.013942895
3390490.1410751804 1686595.7326037239 5136697.178173823
2826083.0892790807 2171117.0541534387 5281724.459402526
3630670.355519177 594024.5522445624 5215622.742071066
5017513.008048632 -668944.3917188947 3874603.305896825
3970489.632260417 307325.0088919554 4978101.085663699
3304226.704649664 1232377.0111795876 5319381.767743042
3721358.4728252776 552907.5330850316 5156628.971958846
3344103.9148663734 1159895.7025692568 5311944.189710653
3921262.683181676 576943.9181754037 5002817.973051914
3114630.3019813607 1674181.7786175094 5313158.491787499
3179957.753142947 1475480.1541397562 5327427.502931484
2821475.4041134813 2132858.922529207 5302988.39082514
5272360.662143932 -703483.1083578987 3507823.792498891
4621049.2418391695 -366606.0824835825 4388239.281721961
4827090.257322067 -326623.5193482386 4162916.0105626625
5222145.643891545 -651933.5987223707 3604513.032563825
3523544.991786421 604949.2696841339 5284769.034940832
5376644.040504018 -733640.7947374369 3344261.7888309304
5322304.277005942 -759940.3345809078 3432330.681310633
4162697.973935915 1250215.6293468634 4673998.228995241
3955111.3675057115 2208.951130351047 4998168.56670631
3983198.0299511743 301945.2305458038 4977200.934333244
4023139.5438571577 442382.00457227154 4934390.841985203
3682155.303660537 1093011.3360400808 5097490.708744495
4880130.631769534 -152000.16003211247 4104313.112277241
3129311.220525623 2179629.2323090807 5116865.65750755
3324541.3917743545 1785219.037041207 5146455.273269623
4011488.0229750494 315429.16651962476 4954373.953302321
4121217.8987261513 1180027.8581989182 4728045.322643881
4195587.581304837 1287605.799144436 4630733.720891998
3319127.490684423 1796592.525510496 5145245.30000531
4185499.6507096654 -134898.36432842546 4815159.724004468
4186132.6350123906 -135211.31679425368 4814541.01651071
4076670.2239076 -93295.66008914953 4903991.075998985
3980450.1668078466 90190.03519415997 4976805.618763411
5035433.790701741 -500827.9622574799 3872095.0439534797
4646240.007255637 115904.7672557797 4374247.006640746
4382924.196488179 802282.3270390468 4569003.81010831
4103644.83545637 898416.2791762523 4802807.10634441
3026561.00254656 1224530.8528165743 5483657.933210703
4549537.291258386 26044.92941239667 4477295.18861167
4684246.685330075 98693.52174274415 4332399.117596302
4411236.485899013 -58670.29691101145 4612472.595957369
4085766.016403827 -71531.30668207085 4898726.213268604
4317643.541514111 -71972.69166256173 4698358.002307331
4785993.138515006 172566.93897065485 4202593.203352257
4073597.8561260914 -80279.6881894394 4907625.064060836
4259825.685963376 -96817.74065144504 4752048.669616274
4543355.857601156 17921.10619268215 4482739.047934654
4710504.498624518 107718.86574812424 4302104.587370712
4686182.943195018 97588.76429418719 4329162.501456443
4365084.865418783 -65905.1212812818 4654404.8352555
3948653.706143152 -8407.887706495998 5005080.4433705425
3898806.608069096 296095.47210853425 5032256.2094728025
3802189.4346263604 -385072.5809860341 5100690.982696112
4218816.0906207375 98390.49366519025 4788461.674940698
4111345.3590775845 194461.4579124077 4878153.03844619
3713273.574260622 546673.090999284 5162750.65726053
5039451.243945619 -279896.27505555435 3906283.2641571164
5112558.175541501 -404432.1443337755 3796851.9515115875
4852139.265604785 -195306.15784894128 4132691.978810729
4819654.96845615 -253177.8667981001 4164186.8959258427
5090406.715783976 -350331.7798432918 3820870.042314606
5047659.854419201 -415436.65410403296 3873817.0090038558
4966501.909515315 -145406.92140809083 4005743.856842492
4991056.258980486 -243055.56110758393 3970357.80738152
4474227.752562783 537875.878151893 4517309.652549881
4926659.366932581 -785331.1566260848 3966185.887248452
4554583.587255948 626573.0308160911 4425490.743581063
4321618.561201887 897953.7177841949 4608588.27299227
3486175.5989757683 1680031.7225724552 5074422.091872155
4453175.946994652 567384.3401539859 4535326.016126769
3357626.8508154135 1770800.091369096 5130708.604892269
4565622.5654137805 613077.5313157128 4415102.862426347
4319593.322606314 900207.2043739159 4610056.788520967
4599190.050342714 -315315.5385600951 4415106.691897166
4447134.748683735 -281660.23727328895 4570426.691967919
4220649.997008406 -118778.09502388442 4784735.834183581
4233848.163810804 -185075.90983375584 4772580.800664468
4776497.801430632 -301432.4324996451 4220911.0768252015
4626715.888851434 -309252.7686055712 4385797.053636143
4608819.239569202 -311288.6338430616 4404456.560137798
3991764.338173742 -40130.9440133099 4968910.224262554
4750552.022189723 -300710.74528609036 4248963.811844438
4774451.689220362 -259661.54004973566 4222144.719102345
4098008.85482145 -118404.73411756134 4889666.594886051
4091947.9599909047 -117729.27392018122 4893683.173967488
4530925.724025162 -236345.61470583855 4488253.49579994
3986073.202569887 -33185.70516431483 4974181.596265962
4621687.903253817 -137652.90460184615 4398050.288541619
3781591.55957511 -396060.00588982296 5113053.329626618
4800625.392007299 -351440.80889905 4184435.05906773
3919215.1649618614 339854.32146079215 5024156.917362493
3978189.9491210803 299959.51871586376 4980935.201151262
5126479.1878550025 -439404.1688371747 3775158.483444375
4712093.439763502 -225596.20259467265 4297706.250234959
4609327.385910138 116513.42241706056 4412492.751345828
4786420.470992625 1092720.3574990043 4075567.7192620654
4462790.894154271 2647072.949743009 3716175.714161208
3578713.2573999674 1504426.0303071833 5064337.76884993
4175239.937882475 870960.262541014 4746210.009052974
4696400.027527175 -37378.03461261874 4320211.036713397
5069103.986732928 -400638.5704839939 3846665.1431880426
4481216.712620983 -220187.26061548502 4539555.851789141
4440586.88921324 -202888.48930280106 4579267.742844473
4311074.276771827 -169231.85267277336 4702729.832830843
3681328.506978976 -360373.6039134419 5197973.805352464
4200938.825708345 103622.47086612372 4804043.138262581
3841516.359832709 -376325.51675269555 5073643.480048875
4886146.014728067 -336274.15754543693 4081192.3342842017
5047451.969792527 -375267.6369485876 3882893.686432525
3188363.233147506 1879363.94187874 5199595.250806373
4006530.7106183893 10628.95211246024 4955800.8288608305
4768502.46032321 240894.40132339828 4235647.194942768
4319450.280657234 597375.5368684741 4660777.266465889
4284052.669497196 -123630.47549356773 4729603.862366507
4868292.769779507 6117.6803406436375 4121900.781132514
5032575.097853193 -503116.1776051136 3892252.3819870604
4911056.749414886 -61374.497642392744 4061220.0545484656
4908533.449582856 -69140.3187231055 4065137.2950709914
3781647.7794464207 909359.370214453 5046175.319349411
4028983.427417563 629337.1078894361 4897154.764192366
4151884.652100439 -129027.53504151522 4845398.518337778
3995432.5008523716 -2719.60505508016 4963637.558053258
4283112.64438797 -166037.9056086766 4728323.82666257
4806115.685438076 635638.7992327973 4150515.8647907823
4572494.680012895 582505.7786315671 4399040.014880019
4217880.991384676 235742.3118750093 4784470.333316286
3953912.5699755466 589011.4729016034 4976031.282914995
4307796.425186143 -77900.38933608288 4700091.551789047
4263413.7650998635 547668.6013281046 4706739.063432061
4003935.826101416 28162.855302746 4960483.0185322445
3983173.195274834 3267.4166188137083 4976262.751354344
3961528.703084544 265555.18115128914 4987390.356077014
4577030.344673169 108982.70533388834 4446635.488450017
4063834.3673094623 694059.9463240664 4863014.694108186
4423987.312918232 1859763.8851172905 4202241.254717769
4438551.296705323 1863698.9260135775 4181016.2606805693
4641888.043175065 2162378.413353567 3801823.7161992243
3991799.0730141685 720467.9268218337 4921029.994684576
4004842.1018512202 1261722.9320694779 4805318.794804242
3951361.577211944 174731.28988603983 5003870.246831337
3979165.9949963167 177213.36968949475 4984022.862655454
3947151.1486989893 225310.42468177574 5009870.220937661
3887837.517937013 929297.4853819974 4970822.833224401
4349808.281649909 479378.04120007425 4645312.822113172
4054409.9919441226 675638.836904073 4882891.02540847
3503418.024555457 793256.7956531142 5262666.604498056
3290816.827102409 1816703.4259895857 5157865.156941032
4393999.956541227 685803.6702799405 4566769.927437802
3435613.90234774 1716004.61022217 5097582.269705923
4256295.938777104 522230.400338937 4727416.964473027
4850307.324692996 -223220.2432638105 4130112.912935398
4568640.371699157 716492.0388117497 4398605.02132494
4930125.668401131 -51199.76115437807 4052752.311634037
3992750.0712304334 45507.34298152729 4979279.961716164
4477460.9835028015 660455.2768225033 4500388.311607282
4063853.8044152083 693844.2783765685 4862650.345311715
4537872.676062839 553241.7687418974 4454109.364313098
4649300.710440189 983490.8980652058 4248196.581765403
4060386.714564299 70448.98225939789 4917110.061649256
4391661.509209609 387541.9475127293 4615243.5920727765
4595333.184761595 691533.582552084 4374284.278099853
4473787.187264759 910934.1430622628 4459259.332989403
4588264.903912902 660279.9222739817 4386516.193537075
4604085.107804869 848247.6142724132 4337309.241317661
4642476.72195238 1005435.4069842849 4246486.690031257
3981196.127488906 -43151.862686841414 4976575.271915214
4049793.354991064 85821.06821070914 4928248.59942205
4397873.903945415 579225.3484473004 4588329.73199355
4607865.085943579 798318.5474182479 4342790.975326143
4403494.271981957 607588.9375010366 4579262.002597411
4653368.132025185 998445.2121047864 4237978.618133704
4775269.550377491 594960.5397717914 4190551.7389379656
4820274.842533925 -45936.18861904705 4181241.857694159
4589967.492336176 651614.5381413312 4386030.73785171
4737975.010568423 797881.4953808947 4201004.358875018
2974749.584079483 2090068.570189138 5241854.7212191485
3318754.371044212 1797663.9649736402 5146623.49491773
3725100.159599836 1512227.6574855044 4956044.861427829
4477486.025301289 3003417.291396355 3407450.2307879804
4533142.649876459 2616472.7441234477 3651597.644368167
4534633.09453015 2614168.6413987232 3651423.521411815
4216572.02165625 1547052.9955901667 4533951.2595312735
4492457.607853193 2334939.3727867855 3884285.84231658
3927275.3458924727 230365.4886584467 5023204.849253544
4430565.7658618055 3090460.6208629385 3377730.2245373083
4535295.545456494 2558741.6126686307 3691757.817601855
4107499.4307020763 987867.4268165411 4785154.802373795
4189906.854899468 2142607.4382864553 4309954.483568824
3996672.2781263115 1166664.6085529986 4836041.576555719
4535846.422443309 2422526.885697203 3779831.9328354336
4547315.89912858 2369301.561457105 3799722.994271209
4530339.9689666545 2810900.5635542898 3507753.561557367
4897283.524841307 -782401.52767348 4000293.4166659717
4475287.294750526 2733013.7287633237 3635457.4027151945
4399766.15537538 3018790.4211116373 3496856.18060251
4838236.034559931 954486.8634892956 4050913.9910071106
3781877.33685515 160888.08472912427 5138946.360748436
3883856.0540233613 489612.1371984211 5037763.999706028
4883358.608559212 -443990.7685866648 4084282.9676510487
4890929.137610838 -568841.2018380582 4059669.7304318664
3982961.9874188174 1630203.1746458842 4712951.423564667
4911613.902751028 -779944.4559205148 3987384.108489884
4289500.333249975 -18866.329481232486 4725399.195988024
4029282.226651524 612393.1537351018 4912342.192683396
4080587.174356723 -379981.32514558954 4892237.6387293385
4694467.011621938 -710641.8621039129 4265480.114517342
4121981.0880400683 -136164.02803482238 4869151.10329032
4905693.36919028 -790331.9264145471 3988145.6096753017
4147566.5299787456 -138820.92657047836 4848433.8453058405
3977294.092712139 -15063.534385133691 4979809.891114815
4889029.885477036 -748650.6758687905 4023821.4837294407
3971168.758885883 258056.78608607338 4982413.4956694115
4412590.381342173 -283029.40940004424 4602011.20040849
4325883.891632619 562141.3232421499 4658347.663071317
4919514.639205413 -147210.9177100415 4053833.004809104
4901724.705822107 -685926.5339749614 4019325.9445342664
4911692.901171444 -58553.09396440689 4058687.133294489
4645405.90156253 -391963.63057916303 4359337.035319387
4674590.27306138 447312.3310575225 4322681.1778783575
4829123.13988017 262973.0159340713 4163675.14323457
3672968.6560618374 1545482.7362351026 4984623.438717368
3718465.729099786 1325475.6911656163 5014936.3424044
3991444.890318847 1627334.6494115796 4704344.089286843
4119731.470183764 678988.6677742731 4827425.59425701
4337021.934221012 391341.9710961948 4662598.059119549
4337447.759227424 375358.6075286186 4665298.376879144
4296583.465222003 342298.7376038671 4703260.162671387
3981892.899979644 416.98285092282316 4976975.850732351
4084368.928436958 134707.47154585924 4898789.272688146
4161070.8212523367 661580.2826949368 4795095.542211405
4268415.860126398 617521.7543555751 4703191.959059298
4474484.634944434 337537.71398728865 4533960.587317275
4344632.325324866 2974720.461838516 3597224.4133874243
4011526.669831939 92785.55263071677 4953379.876665032
4007977.546581146 15179.74436398775 4957431.599362963
4270196.598191188 410420.97877050424 4724274.480885978
4273334.381815214 523033.9840695359 4708711.338733065
3716454.8441246715 737360.9521077778 5135943.281535825
3951535.4944127817 673248.0805805963 4965278.173002041
4570226.45096163 870164.0695464503 4366993.471668697
4900556.946068263 -785643.864738715 3995027.732221832
4721585.586318975 -300862.9156793407 4283639.896368839
4443833.942547706 358166.8895274229 4566140.681791043
4478189.7311862875 294065.53098795406 4537929.2523916075
4189412.7812849428 2396775.33996141 4176331.359681512
3651096.2943404857 2874058.245879563 4374431.159657888
3726158.4860438583 2861869.353563879 4318695.775606243
4181647.940789274 2652219.0783699476 4025089.837182805
4491607.632325521 -212447.3845584413 4528763.864000684
4033811.378064948 609840.574906005 4908555.321832695
5208894.686552971 -80009.17052242263 3687582.6150079058
4568716.93383392 2464322.3266995936 3711567.699288008
4636803.336870291 2182408.2862251326 3802491.6338071567
4355890.613418167 1442934.9837817235 4437262.185782843
4488328.584926089 2487921.1605187296 3795077.0638919175
3998235.143182686 2582814.4017037908 4252121.646060283
3685559.7797458484 1200498.5540791526 5069245.118293512
3293885.9236080395 1785011.5250116296 5156936.1621098695
3102199.090106758 2618407.5452792295 4924415.634463606
3089268.767139558 2643897.8833065927 4918131.373275012
3149252.560123768 2686580.376019417 4857371.800112202
3093552.0330198733 2489324.9659960032 4995486.829998914
2937763.912729508 2450781.439067519 5108109.252920336
2920695.5703288666 2374600.787033921 5152176.183594678
3517020.737127401 2895292.670098157 4467107.871709807
2982371.600126664 2482526.3878323226 5065996.062991277
3356516.758029392 2826549.684796843 4633173.341171548
2895501.319018791 2096532.5668242231 5279995.06212713
2891184.4719599867 2070724.468523524 5294439.780187458
3866291.8844303335 339956.67550911754 5066140.851965028
3919395.5148263243 247205.5649005091 5029822.192080106
3597542.948760579 709592.5546170991 5222638.880491741
3775887.1001133453 491072.25940932933 5120889.5537904585
2912164.150918198 1994075.0670387242 5314667.726423017
3816777.325103134 448098.1517878405 5090018.415871095
3863212.5281190025 319446.7581547185 5057117.330750575
3113130.4266426004 1556765.4965421436 5348522.5878981715
3243550.25358129 1341665.8235143388 5329998.234454711
2938108.410363086 1999436.2510466534 5300147.864420691
2853212.209124512 2139917.120958532 5283007.5922107445
4538378.894682193 595152.1781512016 4447749.173949686
4925815.034592418 184237.20157408516 4053984.507591075
3605357.6601138352 1543470.9560255536 5034755.433083523
4854321.757994727 -230622.2773056685 4123303.583783921
3063013.0146432957 1925971.7513775113 5256460.579400424
2866939.0407652105 2132827.94430926 5279094.341985734
4779474.0677263625 -529347.6003340578 4195486.290786302
2878908.590203328 2114613.8863980556 5283872.1597712785
2986249.1615182753 2339499.1700807773 5130980.488940369
4229082.996965823 2632269.918630421 3987971.0730660995
2897532.39881992 2245775.0610717745 5221737.276413085
2958710.742490673 2355573.3320288295 5140329.900106499
3266760.7463930827 2798963.7334226063 4715423.6897071395
3098819.2210134394 2580831.0863679238 4945918.780996976
3556669.8534864974 2970885.5403668256 4372728.407105642
2859601.3431345136 2146503.1555460845 5276352.2839243775
2988780.8582845093 2399522.2255587974 5101685.195898554
3530860.0142366253 2839594.6458935863 4493389.987887366
3571287.583538109 2862881.0181089896 4442064.988305976
2959987.3213482546 2331539.8005088707 5150542.076162919
2830897.147432013 2166420.549568658 5280367.822705908
3087278.6453852947 2557651.4986570743 4965160.2027919665
3513045.0226651984 2836087.5537304794 4510078.549041728
3096319.8835724415 2341898.243126953 5063440.774625179
3149963.7709311107 2385930.6760315597 5009489.826168134
3177243.2645779075 1429909.8199204656 5346966.406606024
