3999822.4199574552 343046.389859187 4948842.603701018
2975663.702359664 1297500.5254918577 5493031.951921683
3819026.62621833 -22062.91435347115 5110288.092630558
4436918.284899186 -284201.0485072278 4579763.351083073
3799871.3849133844 327300.5226018593 5117353.957930797
3972283.863352637 43679.30263951208 4987175.447993501
4816028.231346641 2101.388871008215 4187985.8222536948
4150534.800514465 -171781.96470826928 4845288.439604325
3905132.972031456 -39941.645561203935 5040722.574745274
3958175.6161762318 -45527.834376979765 4995379.631163767
3968440.580299259 -37333.510282674426 4985125.42908682
3904896.704764533 35713.32723161777 5043818.595962501
4024382.5904928497 -106506.76536283176 4947381.066553698
3431449.9241524558 1449289.4730517159 5182486.965354046
3946949.8439562335 -40162.664624593934 5005503.5289189555
2888922.3520494984 2091615.2566503852 5285730.696319303
3979748.1290108995 292743.2783318668 4981671.4595873095
4956048.1817580825 -429153.14292811946 3999819.259525525
3972784.4533920884 -31480.18765602715 4981411.885291184
3731486.0807202784 745285.8656898519 5124247.612529838
3083782.6749622766 1968068.6667352202 5229031.07107259
4800747.593512105 184090.47043278784 4189855.8299826467
3316568.54914732 1590741.8914413291 5214940.052948309
3997870.3024940663 -43541.945431379034 4964830.347712603
3531985.0646239594 744305.9942960988 5254296.831406481
3266949.4504013355 787763.4044895017 5425141.15662381
4920256.760064673 -769963.7724229202 3978011.495533183
4034092.0003998564 -54287.98955378076 4938280.87538377
4845007.060373418 -280888.54140176903 4145414.734419335
4274243.4065752905 -94980.94622205455 4738711.190020702
4236931.92874721 1368246.7404881085 4571454.009962927
4181785.758264395 275041.62669321796 4812330.014781097
3888392.2639652784 675346.7333116704 5016140.486276699
5048865.232461845 -197576.16197205917 3898154.6899632383
4248891.246560487 445601.7958946638 4741089.413118162
4301745.348861117 743427.047118301 4656121.20639634
4042249.133345772 436701.9108021459 4914322.530519045
4327525.319977757 330097.9562313085 4679009.142225234
4704988.086658947 1316400.7828047809 4106548.1739111915
4337353.459979056 862831.9414582055 4603045.308583349
4327265.481973688 -343071.05663434113 4679159.198693587
4567261.677924571 -326984.7736713111 4445533.52612853
4331728.356648004 386139.23017713457 4667221.20110305
4081214.0825923337 473078.81226283597 4878012.824548844
4237765.070192525 1541666.5381379738 4504915.036530968
4064723.99601791 1278483.4200160739 4737521.671112565
2853396.511430813 2233089.5065495735 5245074.104728516
3962776.6485179476 7123.848177907395 4992623.727759984
2987803.168332263 2393082.4452272463 5106062.58283943
2959783.6590055246 2329036.425578554 5151035.936544817
