3914232.1923802607 321120.6954316002 5027724.486188612
3068615.11849362 1014490.9418270517 5494019.348274926
3155938.5194234643 1002335.2881323447 5449967.223230235
3906191.3897849056 748255.2140631436 4986450.160206416
4731568.437175617 -353277.0658622728 4268584.428990509
4618559.19705705 70619.04329546743 4404246.087440253
3950555.1665812368 373715.6788884667 4999080.260795503
3184252.1429539337 1118229.760678789 5412301.057004362
3926808.0462397323 211637.28515023508 5024877.816875762
3878948.086624832 345299.79639496026 5043528.667145668
4275562.889563687 154610.84747898392 4735118.1532725915
3891363.9565991093 -94559.22704355555 5047602.035829118
3756535.145721959 882816.8099219949 5073392.611783544
5389044.144084811 -1222976.1056158445 3188164.5907636117
4266102.58627321 -269895.5027459949 4739302.1475444585
3956821.8035217472 -209030.26222062172 4994570.350247545
4075400.836324275 -249476.37974200942 4903561.99846675
4749200.513735459 -716383.8856619536 4203016.573061273
3714664.7900975104 -304095.64877230267 5174970.092139333
3907862.8915512008 -60366.29153041992 5043311.500013157
4390935.159820955 91363.6224427536 4630023.425034399
3867083.888993825 -300203.85277523997 5063805.765536361
3489929.019787334 802570.5119383273 5270700.002309206
3522576.2924962686 779646.4179117307 5251772.169589009
4103642.7131473646 558991.9114485059 4856839.608277865
3958163.702427826 503752.6271995358 4980447.756737984
3846251.206837798 -550896.0161282575 5056007.998067427
3922116.902969216 923535.9389368782 4949498.971983341
3961391.463633846 14934.164733504555 4993948.143751254
4891808.041664957 -696730.0355089377 4030211.894047604
3962946.65416361 -202557.20165979743 4994691.302403904
3891617.9634854817 -14195.666221285564 5058514.388045827
3824875.473213303 -41123.69351273771 5109021.057010059
3743147.907732561 500174.009062537 5145485.66106443
3650967.809158023 622038.4640989936 5197213.350346244
3626293.8212703257 717367.8132450454 5200809.121729587
3696092.9673113036 1283717.1197023378 5038559.944545273
3132223.339425954 960666.2571843142 5473536.046392936
3145690.3831098094 1565642.3011023644 5326489.353217403
4949496.289309555 -710676.311023943 3966708.7931664893
3977874.27389245 -16732.006474699614 4979653.425782556
3406411.7573633958 689575.8071607612 5350790.672992077
5247513.745416612 -678180.588382853 3557520.192015839
5271755.420960724 -703589.647913171 3508503.1174169765
3988605.4685417796 282408.41361422767 4973243.909274761
3061077.135120435 1978556.9941265795 5234683.571930176
2921250.94312766 2098899.8226988856 5266427.199941754
4180243.3050788487 1199139.2407785857 4669597.045388116
4673122.3004871365 -287048.4210827993 4328992.5079103215
4031973.782994615 661272.6848311478 4889904.911612934
4689313.551172711 95361.35696218748 4327462.431103281
4513237.159789701 -8822.346253595812 4513088.243367725
5091871.6752778515 -189113.21431100773 3826138.47041323
4284389.051671737 546942.9064157171 4689324.074241605
4803585.073669408 135183.13168351582 4191354.948933901
4726436.0025748415 705021.299663441 4229498.266110796
4696552.4656497175 -198978.88277134628 4316522.784649078
4407092.537870843 16691.34553170905 4613403.756703229
5073407.054021056 -407305.44319968414 3838591.361631673
3930516.180984052 -9604.0819262878 5015491.673313983
3978286.0044153132 -15969.949334908515 4978917.399366601
4792642.4791865675 -250668.48918189228 4207742.430561987
3058376.723217603 1984008.816056777 5235683.957479743
4575086.377375594 585595.1241869758 4396639.9554005675
4003010.405153746 29413.99392997655 4962005.085853997
4397023.606545668 386081.6961803261 4609413.296303408
4326251.763824985 312917.8390797388 4680525.583522844
4240745.778539531 -115417.83373334397 4757791.872239102
3972530.8549471763 203394.65270438755 4986033.640176219
4256921.15862811 454482.76331875526 4733848.173795444
4115505.6855159677 160403.7545693832 4875294.088917077
4636668.652424349 919346.6497708448 4282814.865961579
4612157.494399345 752129.168617352 4347361.938698793
3879772.4114660714 337184.5236437623 5043125.302984538
4602177.872045941 972096.2514507927 4306092.240602263
2918860.0255766697 2100737.1724560177 5266734.498891705
3860566.2822383414 323230.8617942011 5059022.079290839
3954463.199087514 147837.21701873507 5003531.064351126
3912605.6626410056 592145.0780179854 5007039.818498812
3838825.8292880426 970516.8331645605 5005105.387273998
3582671.9884829805 -190518.8456117132 5268107.3484668275
4797353.782876783 -645729.0639142242 4158151.5599726853
4107451.3050888632 1011395.6093154545 4779453.270328858
3983478.781618491 -7717.264721698311 4975584.093377328
4333785.640188592 534118.336489892 4651069.057713552
4004074.523773939 1364268.0082872785 4772200.33417546
3367950.101416485 2841406.06088296 4615746.683832993
2866689.0270645353 2270399.4787487504 5226612.4330818895
3333380.1929584458 2817024.3916736236 4656448.933972343
3550775.39905934 2967435.1821889435 4380133.735567701
2991565.9309078236 1861723.604068367 5321098.111468187
3379788.233329932 1104228.060497386 5300477.796857441
3877918.5815718076 354351.3887845673 5044163.742306801
2866679.652559178 2111336.8896028013 5289676.2721110415
3095826.901526799 2574863.4638103987 4950930.189786794
3279215.1897420413 2787674.36736594 4712650.959452119
2879360.2905926593 2190071.6865753806 5253047.65514982
3066192.887699862 2515016.3847424663 4999892.955406217
2920931.618515167 2292444.1030215295 5190235.541543773
3383238.2292456958 2815708.027932148 4620733.04225995
