EBBR EIDW 2
EBBR EKCH 1
EBBR LEBB 1
EDDB EGKK 1
EDDB EGNX 1
EDDB EGPF 3
EDDB LEBL 1
EDDB LEZL 1
EDDB LFSB 1
EDDB LPPT 1
EDDB UUEE 4
EDDC EHAM 1
EDDC UUEE 6
EDDF EGLL 1
EDDF LEBL 1
EDDF LPPT 1
EDDF LRCL 1
EDDF LTBJ 1
EDDH EDDS 1
EDDH EGKK 1
EDDH EGLL 3
EDDH LEMD 1
EDDH LEZL 1
EDDH LPPT 1
EDDH LTAI 4
EDDM EBBR 1
EDDM EGLL 1
EDDS EGKK 1
EDDS EGLL 3
EDDS EKCH 1
EDDS LTAI 1
EDDS UUEE 4
EDDT LPPT 1
EDDT LTAI 1
EETN EGKK 3
EETN EKCH 2
EFHK EBBR 7
EFHK EDDF 1
EFHK EGKK 2
EFHK EGLL 18
EFHK EIDW 1
EFHK EKCH 10
EFHK ESSA 1
EFHK LEBL 1
EFHK LEMD 2
EFHK LPPT 4
EFHK LTAI 1
EFHK UUEE 4
EGAA EGGW 1
EGAA EGKK 2
EGAA EHAM 2
EGAC EGLL 3
EGBB GCRR 1
EGBB LOWW 1
EGBB LRCL 1
EGCC EBBR 2
EGCC EFHK 1
EGCC EGLL 1
EGCC EKCH 1
EGCC ESSA 1
EGCC LBSF 1
EGCC LEMI 2
EGCC LIRA 1
EGCC LPPT 2
EGCC LTAI 2
EGCC LZIB 1
EGGD EHAM 1
EGGD LEBL 1
EGGD LSGG 2
EGGP LRCL 1
EGGW EGAA 2
EGGW LBSF 1
EGGW LEVC 1
EGGW LLBG 1
EGGW LRCL 2
EGGW LRSM 1
EGKK EDDB 4
EGKK EFHK 2
EGKK EGAA 8
EGKK EIDW 2
EGKK EKCH 5
EGKK ESSA 1
EGKK GMMN 1
EGKK LEBL 1
EGKK LEMD 2
EGKK LEMI 2
EGKK LEZL 4
EGKK LPFR 1
EGKK LPPT 2
EGKK LSGG 1
EGLC EGPF 1
EGLL EDDF 2
EGLL EGPF 1
EGLL EGPH 1
EGLL EKCH 8
EGLL ESSA 7
EGLL GMMN 1
EGLL KEWR 1
EGLL LBSF 1
EGLL LFSB 2
EGLL LLBG 1
EGLL LOWW 2
EGLL LPPT 7
EGLL LSGG 3
EGLL LXGB 1
EGLL OLBA 3
EGLL UUEE 6
EGMC LEMI 1
EGPD EGLL 1
EGPD EHAM 1
EGPF EGLL 3
EGPH EGHI 1
EGPH EGKK 1
EGPH EGLL 4
EGPH EIDW 1
EGPH EKCH 1
EGPH LZIB 1
EGSS EGPF 1
EGSS LBSF 2
EGSS LEZL 2
EGSS LPPT 1
EGSS LUKK 1
EHAM EGAA 1
EHAM EGLL 2
EHAM EKCH 4
EHAM ESSA 2
EHAM LBSF 1
EHAM LEMD 1
EHAM LIRQ 1
EHAM LPPT 3
EHAM UUEE 5
EHEH LEAL 1
EHEH LEZL 1
EHEH LPPT 1
EICK EGLL 2
EIDW EBBR 4
EIDW EGGD 1
EIDW EGKK 6
EIDW EGLL 4
EIDW EGSS 1
EIDW EHAM 2
EIDW ESSA 2
EIDW LIMC 1
EIDW LIRA 1
EIDW LSGG 1
EIDW LUKK 1
EIDW LZIB 2
EIDW UUEE 1
EIKN EGGW 1
EINN EGLL 3
EKCH EBBR 2
EKCH EGCC 1
EKCH EGKK 9
EKCH EGLL 12
EKCH EHAM 1
EKCH EIDW 1
EKCH ESPC 1
EKCH ESSA 6
EKCH LEMD 2
EKCH LOWW 1
EKCH LPPT 1
EKCH LSGG 1
EKCH UUEE 1
ELLX EDDB 1
ELLX EGLL 1
ELLX EIDW 1
ENZV EKCH 1
EPBY EGGW 1
EPWA EBBR 3
EPWA EGLL 9
EPWA EKCH 2
EPWA LIRF 1
EPWA LSGG 2
EPWA OLBA 2
EPWA UUEE 5
ESSA EBBR 1
ESSA EGCC 1
ESSA EGKK 1
ESSA EGLL 3
ESSA EKCH 1
ESSA LLBG 1
ESSA UUEE 1
ESSL EHAM 1
EVRA EGKK 2
EVRA EGNM 1
EVRA EIDW 1
EVRA EKCH 4
EVRA LEMD 1
EVRA UUEE 5
FACT EGLL 1
GMMN EHAM 1
GMMN EKCH 1
GMMN LFPO 2
GMMN LPPT 1
GMMX EBBR 1
GMMX EGKK 1
GMMX EGLL 1
LBSF EBBR 2
LBSF EGGW 1
LBSF EGKK 3
LBSF EGLL 4
LBSF EGMC 1
LBSF EGSS 1
LBSF EKCH 3
LBSF LEMD 1
LBSF UUEE 1
LDZA EBBR 2
LDZA EGLL 4
LDZA EKCH 2
LDZA UUEE 1
LEAL EGKK 1
LEAM EGKK 1
LEBB EBBR 2
LEBB EGKK 2
LEBB LEZL 2
LEBB LPPT 1
LEBL EBBR 2
LEBL EDDB 2
LEBL EGCC 1
LEBL EGGW 3
LEBL EGKK 15
LEBL EGLL 4
LEBL EHAM 3
LEBL EIDW 2
LEBL EKCH 4
LEBL ESSA 2
LEBL LEMD 2
LEBL LEZL 3
LEBL LFPO 3
LEBL LFSB 3
LEBL LIRF 1
LEBL LPPT 1
LEBL LSGG 1
LEBL UUEE 7
LEMD EBBR 9
LEMD EGGW 1
LEMD EGKK 9
LEMD EGLL 12
LEMD EHAM 2
LEMD EIDW 3
LEMD EKCH 5
LEMD ESSA 1
LEMD LBSF 2
LEMD LEBL 1
LEMD LFPO 1
LEMD LFSB 1
LEMD LPPR 1
LEMD LPPT 4
LEMD LRCL 1
LEMD UUEE 3
LEMG EBBR 3
LEMG EBLG 1
LEMG EGCN 1
LEMG EGGP 1
LEMG EGGW 3
LEMG EGKK 7
LEMG EGLL 1
LEMG EGMC 2
LEMG EHAM 3
LEMG EKCH 4
LEMG ESSA 4
LEMG GMMN 2
LEMG LFPO 1
LEMG LPPT 2
LEMG LSGG 1
LEMG UUEE 1
LEMI EGKK 2
LEVC EDDK 2
LEVC EGCC 1
LEVC EGKK 4
LEVC EGLL 2
LEVC EHAM 1
LEVC LPPT 5
LEVC UUEE 2
LEZL EDDB 1
LEZL EGKK 3
LEZL EHAM 2
LEZL EIDW 1
LEZL LPPT 1
LFMN EDDB 1
LFMN EDDF 1
LFMN EGGW 2
LFMN EGKK 2
LFMN EGLL 2
LFMN EHAM 2
LFMN EKCH 1
LFMN LFPO 2
LFMN UUEE 4
LFSB EGKK 2
LFSB LPPT 1
LGTS EGKK 4
LGTS ESSA 1
LGTS LGIR 1
LHBP EBBR 1
LHBP EDDF 1
LHBP EGCC 1
LHBP EGGW 2
LHBP EGKK 1
LHBP EKCH 1
LHBP UUEE 1
LIEE LIPH 1
LIMC EGKK 3
LIMC EGLL 1
LIMC EHAM 1
LIMC UUEE 3
LIML LIEE 1
LIPZ EBBR 3
LIPZ EGKK 3
LIPZ LEMD 1
LIRA EIDW 1
LIRF EBBR 1
LIRF EDDF 1
LIRF EGKK 9
LIRF EGLL 10
LIRF EHAM 3
LIRF EKCH 1
LIRF EPWA 1
LIRF ESSA 3
LIRF LBSF 1
LIRF LEMD 1
LIRF LFPO 3
LIRF LPPT 4
LIRF LSGG 1
LIRF OLBA 1
LIRF UUEE 15
LIRN LFSB 1
LIRQ EGKK 1
LLBG EBBR 3
LLBG EDDB 6
LLBG EDDT 1
LLBG EGCC 1
LLBG EGGW 5
LLBG EGKK 1
LLBG EGLL 6
LLBG EHAM 2
LLBG EKCH 1
LLBG ESSA 1
LLBG LEMD 4
LLBG LIRF 1
LLBG LOWW 1
LLBG LPPT 5
LLBG UUEE 7
LMML EGLL 1
LOWW EBBR 1
LOWW LBSF 2
LOWW LEMD 1
LPPT EBBR 5
LPPT EDDB 3
LPPT EGGW 2
LPPT EGKK 3
LPPT EGLL 10
LPPT EHAM 4
LPPT EIDW 1
LPPT EKCH 1
LPPT ESSA 3
LPPT LEZL 1
LPPT LFPO 2
LPPT LFSB 3
LPPT LOWW 1
LPPT LSGG 1
LPPT UUEE 4
LRCL EGGW 2
LRTR EGGW 1
LSGG EGGW 1
LSGG EGKK 2
LSGG EGLL 14
LSGG EGNM 1
LSGG LEMD 4
LSGG UUEE 1
LSZH EGGW 1
LSZH EGKK 1
LSZH EGLL 17
LSZH EHAM 3
LSZH EKCH 4
LSZH EPWA 2
LSZH GMMN 1
LSZH LEMG 2
LSZH LEVC 1
LSZH LOWW 1
LSZH LPPT 1
LSZH LTBJ 1
LTAF LTAI 1
LTAI EGCC 1
LTAI EGPF 1
LTAI LFSB 2
LTAI UUEE 7
LUKK LIPH 1
LUKK UUEE 4
LXGB EGKK 2
LXGB EGLL 1
LYBE EGLL 2
LYBE ESSA 1
OLBA EGLL 7
OLBA EKCH 1
OLBA GMMN 1
OLBA LFPO 1
OLBA LIRF 1
OLBA UUEE 1
UMMS EHAM 2
UMMS LLBG 1
UMMS LUKK 1
UMMS UUEE 3
URKK UUEE 4
URSS UUEE 12
UUEE EBBR 1
UUEE EDDB 3
UUEE EDDF 2
UUEE EDDV 1
UUEE EGLL 7
UUEE EHAM 3
UUEE EKCH 2
UUEE ESSA 1
UUEE LBSF 2
UUEE LEBL 1
UUEE LEMD 5
UUEE LEVC 1
UUEE LIMC 1
UUEE LIPZ 1
UUEE LPPT 2
UUEE LTAI 3
UUEE LUKK 2
UUEE URKK 3
UUEE URSS 6
UUOB UUEE 2
UUWW URKK 1
