EDDH EGKK 1
EDDH EGLL 1
EDDH LEZL 1
EDDH LTAI 1
EDDH UUEE 1
EDDS EKCH 1
EDDS LTAI 1
EDDS UUEE 1
EETN EGKK 1
EETN ESSA 1
EFHK EGLL 4
EFHK EKCH 2
EFHK LEMD 2
EGAC EGLL 1
EGBB EKCH 1
EGCC EKCH 1
EGGW EDDB 1
EGGW LEMG 1
EGKK EGPF 1
EGKK EIDW 1
EGKK GCRR 1
EGKK LEMD 1
EGKK LEZL 1
EGKK LSGG 1
EGLL EDDF 1
EGLL EGPF 1
EGLL EKCH 1
EGLL ESSA 3
EGLL LIRF 1
EGLL LLBG 1
EGLL LOWW 1
EGLL LSGG 2
EGLL UUEE 1
EGNM LZIB 1
EGNX EDDB 1
EGPD EHAM 1
EGPF EHAM 1
EGPH EDDB 1
EGPH EHAM 1
EGPH LBSF 1
EGSS LZIB 1
EHAM EGLL 1
EHAM LPPT 1
EHAM UUEE 1
EIDW EGKK 1
EIDW EGLL 2
EIDW EHEH 1
EINN EGLL 1
EKCH EFHK 1
EKCH EGKK 2
EKCH EGLL 3
EKCH ESSA 2
EKCH LEBL 1
EKCH UUEE 1
EPPO EGGW 2
EPWA EBBR 1
EPWA EHAM 1
EPWA OLBA 1
EPWA UUEE 1
EVRA EGKK 1
EVRA EKCH 1
EVRA ESSA 1
EVRA UUEE 1
GMMN EGKK 1
GMMN LSGG 1
GMMX EGKK 1
KDEN EGLL 1
LBSF EBBR 1
LBSF EDDB 1
LBSF EGKK 1
LBSF EGMC 1
LBSF EKCH 2
LBSF UUEE 1
LDZA EGLL 1
LEBB EGKK 1
LEBL EDDB 1
LEBL EGKK 1
LEBL EGLL 2
LEBL EHAM 1
LEBL EKCH 1
LEBL LEMD 1
LEBL LEZL 1
LEBL LSGG 1
LEBL UUEE 2
LEMD EBBR 1
LEMD EGGW 1
LEMD EGKK 2
LEMD EGLL 3
LEMD EHAM 1
LEMD EIDW 2
LEMD EKCH 1
LEMD LFPO 2
LEMD LIRQ 1
LEMD UUEE 1
LEMG EBBR 1
LEMG EGGP 1
LEMG EGKK 4
LEMG UUEE 1
LEVC EGKK 1
LEVC EHAM 1
LEVC GMMN 1
LEVC LPPT 1
LEZL EDDF 1
LEZL EGCC 1
LFMN EBBR 1
LFMN EGKK 1
LFMN UUEE 1
LFPO LEMD 1
LFRB LFPO 1
LFSB EGKK 1
LGTS EGKK 1
LGTS UUEE 1
LIMC UUEE 2
LIRF EGKK 2
LIRF EGLL 6
LIRF EHAM 1
LIRQ EDDF 1
LLBG EDDB 1
LLBG EGGW 2
LLBG EGLL 2
LLBG ESSA 1
LLBG LIRF 1
LLBG UUEE 3
LOWW UUEE 1
LPFR EGPH 1
LPPT EGKK 2
LPPT EGLL 2
LPPT EHAM 1
LPPT LEVC 1
LPPT LFPO 1
LPPT LSGG 1
LRCL EGGW 1
LRCL EGKK 1
LRCL EIDW 1
LSGG EGKK 1
LSGG EGLL 1
LSGG UUEE 1
LSZH EGGW 1
LSZH EGKK 1
LSZH EHAM 1
LSZH LEMD 1
LSZH LPPT 1
OLBA EGLL 1
OLBA GMMN 1
UMMS EGKK 1
UMMS UUEE 1
URKK UUEE 2
URSS UUEE 3
UUEE EGLL 1
UUEE EHAM 1
UUEE LEBL 1
UUEE LEMD 2
UUEE URKK 4
