EBBR ESSA 1
EBBR LEMD 1
EBBR LPPT 3
EBBR UUEE 2
EDDB EGKK 1
EDDB UUEE 1
EDDC LSZH 1
EDDF EGLL 1
EDDF LTBJ 1
EDDH EGLL 1
EDDH EIDW 1
EDDH ESSA 1
EDDH LPPT 1
EDDH LTAI 1
EDDH UUEE 1
EDDS EGLL 2
EDDS EKCH 1
EDDS LTAI 1
EDDT LPPT 1
EETN EGKK 2
EETN EKCH 2
EETN UUEE 1
EFHK EBBR 3
EFHK EGKK 1
EFHK EGLL 6
EFHK EHAM 2
EFHK EIDW 1
EFHK EKCH 2
EFHK ESSA 1
EFHK ESSB 1
EFHK LPPT 1
EGAA EGKK 1
EGAC EGLL 1
EGCC EGLL 1
EGCC EINN 1
EGCC ESSA 1
EGCC GCRR 1
EGCC LEZL 1
EGCC LOWW 1
EGCC LPPT 1
EGCC LTAI 1
EGGD LSGG 1
EGGP LBSF 1
EGGP LSGG 1
EGGW LBSF 1
EGGW LRTR 1
EGGW LUKK 1
EGKK EDDB 1
EGKK EGAA 3
EGKK EKCH 2
EGKK ESSA 1
EGKK GCRR 1
EGKK LEVC 1
EGKK LEZL 1
EGKK LPPT 1
EGLC EGPF 1
EGLL EDDF 1
EGLL EFHK 2
EGLL EGAC 1
EGLL EIDW 1
EGLL EKCH 5
EGLL ESSA 3
EGLL LBSF 1
EGLL LFSB 1
EGLL LIRF 1
EGLL LPPT 1
EGLL LSGG 3
EGLL LXGB 1
EGLL OLBA 1
EGLL UUEE 3
EGNM LZIB 1
EGPD EHAM 1
EGPH EBBR 1
EGPH EGLL 1
EGPH ESSA 1
EGSS EDDB 1
EGSS EKCH 1
EGSS LBSF 1
EGSS LEZL 1
EGSS LZIB 1
EHAM EIDW 2
EHAM EKCH 3
EHAM ESSA 3
EHAM LFMN 1
EHAM LPPT 2
EHAM UUEE 3
EICK EGKK 1
EIDW EBBR 1
EIDW EGKK 6
EIDW EGLL 4
EIDW EHAM 2
EIDW GCRR 1
EIDW LIMC 1
EIDW LPPT 1
EIDW LUKK 2
EIDW UUEE 1
EIKN EGKK 1
EINN EGLL 3
EINN EGSS 1
EKCH EDDF 1
EKCH EGKK 3
EKCH EGLL 12
EKCH ESSA 2
ELLX EDDB 1
ELLX LPPT 1
ENZV EGGW 1
ENZV EGLL 2
EPWA EGGW 2
EPWA EGLL 4
EPWA EHAM 1
EPWA EKCH 2
EPWA LBSF 1
EPWA LSGG 1
EPWA UUEE 1
ESSA EGKK 2
ESSA EGLL 1
ESSA LLBG 1
ESSA UUEE 1
ESTA ESSB 2
EVRA EDDS 1
EVRA EGKK 1
EVRA EHAM 1
EVRA UUEE 1
GMMN EGKK 1
GMMN EHAM 1
GMMN LPPT 1
GMMX EDDB 1
GMMX EGGP 1
GMMX LSGG 1
LBSF EGGW 1
LDZA EKCH 1
LEBB LEZL 1
LEBL EDDB 1
LEBL EFHK 1
LEBL EGGP 1
LEBL EGKK 4
LEBL EGLL 5
LEBL EGSS 1
LEBL EHAM 1
LEBL EIDW 1
LEBL EKCH 2
LEBL ESSA 1
LEBL LEZL 1
LEBL LFSB 2
LEBL LIRF 2
LEBL LPPT 3
LEBL UUEE 7
LEGR EGKK 2
LEMD EBBR 2
LEMD EGGP 1
LEMD EGKK 4
LEMD EGLL 5
LEMD EGPH 1
LEMD EHAM 2
LEMD EIDW 2
LEMD EKCH 3
LEMD ESSA 1
LEMD LBSF 1
LEMD LFPO 1
LEMD LIRF 1
LEMD LPPR 1
LEMD LPPT 1
LEMD LSGG 2
LEMD OLBA 1
LEMD UUEE 3
LEMG EBBR 2
LEMG EGCC 3
LEMG EGGW 1
LEMG EGKK 1
LEMG EHAM 1
LEMG EKCH 2
LEMG ESSA 2
LEMG LFPO 1
LEMG LPPT 2
LEVC EGGW 1
LEVC EGLL 1
LEVC EHAM 2
LEVC LPPT 1
LEVC UUEE 2
LEZL EGGW 1
LEZL EGKK 2
LFLL UUEE 1
LFMN EDDB 2
LFMN EGGW 1
LFMN LFPO 1
LFMN LFRN 1
LFMN UUEE 1
LFRB LFPO 1
LFSB EGKK 2
LFSB EGLL 2
LFSB LRCL 1
LGTS LZIB 1
LGTS UUEE 2
LIMC EGKK 1
LIMC EKCH 2
LIMC LEMD 1
LIMC LFPO 1
LIML EBBR 1
LIPZ EGKK 2
LIRA LEZL 1
LIRF EGKK 5
LIRF EGLL 7
LIRF EHAM 2
LIRF EKCH 3
LIRF GMMN 1
LIRF LEBL 1
LIRF LEMD 1
LIRF LEVC 1
LIRF LFPO 1
LIRF LPPT 1
LIRF UUEE 3
LIRQ EHAM 2
LLBG EDDB 1
LLBG EGGW 3
LLBG EGLL 7
LLBG EHAM 5
LLBG LOWW 1
LLBG LRCL 2
LLBG LUKK 1
LLBG UUEE 2
LOWW LBSF 1
LOWW LSZH 1
LOWW LUKK 1
LPPT EBBR 1
LPPT EGGW 1
LPPT EGKK 1
LPPT EGLL 2
LPPT EHAM 2
LPPT EKCH 1
LPPT LEZL 1
LPPT LFPO 1
LPPT LOWW 1
LPPT UUEE 1
LRCL EGCN 1
LRCL EGGW 1
LRCV LEMD 2
LSGG EGGP 1
LSGG EGGW 1
LSGG EGLL 4
LSGG EKCH 4
LSGG LEMD 2
LSZH EGLC 1
LSZH EGLL 4
LSZH EHAM 2
LSZH EKCH 1
LSZH ESSA 2
LSZH LEMD 2
LSZH LHBP 1
LSZH LPPT 1
LSZH LTAI 1
LTAI EGCC 1
LTAI EGPF 1
LTAI ESSA 1
LTAI LFSB 1
LUKK EDDB 1
LUKK UUEE 1
OLBA EGLL 1
OLBA LEMD 1
OLBA LFPO 1
OLBA UUEE 1
UMMS UUEE 1
URKK UUEE 2
URSS UUEE 8
UUEE EBBR 1
UUEE EDDB 1
UUEE EGLL 7
UUEE EHAM 1
UUEE EKCH 1
UUEE LBSF 1
UUEE LEBL 2
UUEE LEVC 1
UUEE LIRF 2
UUEE LPPT 1
UUEE LTAI 3
UUEE URKK 6
UUEE URMT 1
UUEE URSS 11
