47.467999999999996 8.314857142857143 3121.1428571428573
47.3855 -3.716375 11590.0
56.04966666666667 36.181333333333335 3972.3333333333335
56.883732558139535 23.95946511627907 923.6046511627907
51.45366666666666 2.7060000000000004 6705.0
51.468 -0.4843813059620004 0.0
48.17892307692308 0.36838461538461537 11574.0
42.511 1.549 10119.0
42.510999999999996 -3.2594736842105263 11887.0
48.37877777777778 40.39522222222222 11277.0
36.93955882352941 30.798352941176468 567.2058823529412
47.3862 -1.3386 10361.4
50.928681818181815 4.652409090909091 666.2272727272727
42.972 -2.153 11582.0
51.1575 -0.11624999999999999 340.5
54.66511111111111 8.839222222222222 11886.111111111111
53.019 7.1693999999999996 10725.6
46.351333333333336 5.741333333333333 5539.333333333333
53.175823529411765 8.145764705882353 9888.70588235294
38.843599999999995 32.0058 10363.0
56.011818181818185 36.70909090909091 4252.090909090909
54.0 3.8612941176470588 10974.823529411764
53.071266666666666 6.944533333333333 11229.266666666666
52.684571428571424 2.426428571428571 10668.0
48.54135714285714 5.841428571428572 11582.0
55.50618181818182 19.790181818181818 11582.0
48.209545454545456 16.53890909090909 793.5454545454545
51.854749999999996 1.98725 5848.0
47.231 40.4 10370.0
54.8995294117647 32.010176470588235 8843.529411764706
48.53364285714286 3.2677142857142853 11574.0
44.370636363636365 -0.8617272727272727 9921.454545454546
41.70245454545455 1.7175454545454545 8285.272727272728
52.47 5.413333333333333 2298.3333333333335
52.2844 -3.6462 9744.066666666668
43.692 1.318 10363.0
48.94681818181818 18.249363636363636 11277.0
38.55222222222222 -9.595333333333334 4585.555555555556
49.3934 40.452200000000005 11277.0
59.65414736842105 17.92102105263158 81.6842105263158
50.95275 4.757625 962.25
51.4975 3.768 6132.416666666667
51.541 10.953 11277.0
59.72336842105263 17.985315789473685 656.3684210526316
51.659 0.363 4145.0
53.84871428571429 4.992285714285714 11587.714285714286
43.47930769230769 0.5572307692307693 11574.0
45.189894736842106 17.628105263157895 11277.0
51.1518947368421 -0.16273684210526315 186.4736842105263
44.4597 0.2138 11590.0
53.40875 9.147375 5280.375
40.32831818181818 30.032318181818184 11574.0
40.3765 -0.14735714285714285 9914.42857142857
51.465 -0.356 617.0
53.42 -6.250192307692307 4.230769230769231
56.086 16.601 7315.0
46.69797142857143 -4.397714285714286 11277.0
49.751 2.013 10942.0
52.836800000000004 8.333 10972.0
52.35675 4.56825 12184.0
49.60127272727272 6.102 2152.7272727272725
55.445157894736845 7.907368421052632 12496.0
51.44241176470588 -0.3668235294117647 861.0588235294117
50.635333333333335 7.966333333333333 5539.333333333333
51.853750000000005 -0.40449999999999997 7893.75
34.2914 34.0998 8837.6
54.386947368421055 3.755315789473684 11887.0
51.885 -8.24 2590.0
41.053 -6.207666666666666 10363.0
52.98711111111111 25.59611111111111 10972.0
57.706 12.5984 10058.0
43.36475 -3.07125 2643.75
48.92694546607483 -8.450941027266964 11867.587824984148
40.50191549295775 -3.559056338028169 457.0
54.416411764705884 11.918294117647058 7976.0
45.33571428571429 1.076857142857143 10980.0
41.797 12.169833333333333 1025.6666666666667
43.641777777777776 1.331777777777778 10972.0
40.39509090909091 -2.8724545454545454 11271.90909090909
51.168461538461536 -0.040769230769230766 743.2307692307693
51.6574 0.3392 4100.5
43.236 -2.284 12192.0
39.657 -0.402 4305.0
55.77335294117647 12.836588235294117 1063.3529411764705
45.1237 9.8091 9753.0
51.7521 -0.58665 2743.0
55.08145454545454 13.356545454545456 10668.0
57.24945454545455 -1.9912727272727273 2229.4545454545455
56.95466666666667 14.256166666666665 10866.5
40.12228571428572 24.508977443609023 10972.0
60.33 24.946468085106382 141.48936170212767
40.80475 -2.91885 4437.0
48.228 4.850681818181818 8227.181818181818
51.584 0.323 3048.0
51.79853333333333 -0.5178 6030.266666666666
55.61836363636363 10.345636363636363 11277.0
50.04794444444444 -6.307222222222222 11277.0
50.774249999999995 25.124 11277.0
40.40354545454545 0.6699090909090909 9098.545454545454
50.29470588235294 -0.257 6471.235294117647
53.80871428571428 39.131142857142855 10363.0
53.66755555555556 38.56133333333333 10668.0
43.771166666666666 21.8095 11887.0
50.34347619047619 0.18566666666666667 11277.0
49.649090909090916 2.6460909090909093 11574.0
52.373999999999995 13.5115 277.5
48.455083333333334 2.99775 2377.25
56.152875 30.33825 11277.0
43.656 -1.4916666666666667 11590.0
55.678125 11.59 11567.0
53.349 -2.273 82.0
55.30878571428571 12.709857142857143 10058.0
50.332499999999996 1.3780000000000001 8842.5
54.381 8.92 9761.0
59.718777777777774 22.173333333333332 9829.555555555555
51.465553366174056 -0.434 0.0
47.858714285714285 -2.154857142857143 10363.0
48.998 -2.112 9761.0
52.153230769230774 2.3716923076923075 8734.692307692309
43.633526315789474 14.502315789473684 10980.0
49.70926315789474 2.0126842105263156 11269.0
55.703 34.018 10058.0
52.323 4.950692307692307 722.1538461538462
51.67 4.57 5577.0
48.629599999999996 -1.9785 10363.0
46.3382 -3.436 10668.0
53.54008695652174 -0.9683478260869565 494.0
51.733 -0.5712 4204.4
50.6902 6.080866666666667 10973.066666666668
51.478 -0.3281875 559.25
43.4907 9.79815 10973.2
46.52305 -0.85455 10980.0
53.513 -2.112 10355.0
47.44957142857143 -0.5251428571428571 10363.0
36.876423728813556 30.788864406779663 124.16949152542372
54.08347058823529 8.49464705882353 11582.0
52.458800000000004 5.1982 2194.4
55.71966666666667 13.336 1722.0
47.193 17.938750000000002 11582.0
44.590272727272726 1.2036363636363636 10977.09090909091
55.402692307692305 11.28353846153846 5470.2307692307695
54.179 -4.406666666666666 6639.0
51.594750000000005 8.848749999999999 10967.625
42.26266666666667 -2.512111111111111 10972.0
33.562444444444445 31.859222222222222 10364.555555555555
47.349642857142854 4.732571428571429 8534.0
52.4906 -8.4704 5813.8
44.921 5.9344 10774.6
33.224230769230765 -7.075076923076923 2414.6153846153848
50.949666666666666 4.860333333333333 1029.888888888889
46.720484848484844 40.15667845117845 12192.0
47.59276470588235 4.095941176470588 10972.0
39.331545454545456 -6.934636363636364 11723.818181818182
52.182874999999996 -1.3745625 5617.3125
33.149846153846156 32.138769230769235 10966.076923076924
52.1573 -1.2042 5026.4
41.15229411764706 -8.514705882352942 11582.0
57.14209090909091 15.101272727272727 11290.09090909091
51.598 -0.571 1920.0
48.117155056179776 16.57068988764045 6180.76404494382
55.933800000000005 37.6412 1229.2
41.742 3.579818181818182 9148.454545454546
49.725125 2.3053125 11582.0
43.39666666666667 22.108166666666666 7824.166666666667
46.364 6.2945 1636.5
54.593 30.821 10058.0
50.99242857142857 -0.288 4233.142857142857
51.25833333333333 3.5676666666666668 6926.0
56.20569230769231 16.22276923076923 10972.0
52.383 13.552 320.0
40.643 -1.8652000000000002 6169.8
58.199769230769235 13.379923076923077 10909.307692307691
49.85516666666667 1.9235 9144.0
51.20585714285714 1.1069285714285715 4123.642857142857
51.686263157894736 -4.929578947368421 11582.0
49.63609090909091 6.235 441.0
51.480636363636364 8.788636363636364 11373.90909090909
47.07581818181818 10.85909090909091 11583.454545454546
56.141000000000005 33.7834 10666.4
51.11071428571429 -0.411 1668.0
55.52155555555556 11.611333333333333 4248.333333333333
43.794 7.584076923076924 10976.307692307691
56.24444444444445 37.482166666666664 2281.722222222222
54.154199999999996 -4.4858 6776.6
51.960437500000005 -4.9580625 10060.5
56.41757894736842 37.04063157894737 2706.1052631578946
52.2228 19.2924 8564.4
51.73271428571429 5.064285714285715 11277.0
53.35508333333333 5.705666666666667 10668.0
53.474555555555554 -5.788333333333333 5435.555555555556
55.724636363636364 12.811 816.9090909090909
52.46425 -1.7878333333333334 7605.333333333333
46.056 19.3436 10363.0
43.871 7.077 5006.0
47.519125 8.42125 2089.125
45.2495 -0.262 11586.0
51.321285714285715 0.05142857142857143 2743.0
49.161 13.553727272727272 10668.0
46.812916666666666 4.768833333333333 11574.0
55.613727272727274 12.64690909090909 13.090909090909093
53.2458 6.4583 10668.0
51.12418181818182 39.61581818181818 10668.0
40.0586 29.7494 10363.0
33.6059 34.3068 9910.5
42.4354 10.6157 10972.0
39.651 -0.345 10670.333333333334
55.70141176470589 -3.9246470588235294 3657.0
54.71809090909091 10.166818181818181 9687.272727272728
46.29053333333333 11.5152 8965.133333333333
52.333386597938144 4.727809278350516 350.0
41.5568 -7.912599999999999 3920.6
49.332727272727276 1.6266363636363637 8823.0
56.544 36.3825 4690.0
55.67175 12.8724375 4951.3125
50.5216 5.2216000000000005 9515.2
40.55836363636364 -3.296818181818182 3681.090909090909
51.38785714285714 -0.048357142857142855 2173.714285714286
52.37466666666667 2.885333333333333 10668.0
55.550555555555555 6.668444444444445 11585.555555555555
47.634307692307694 16.16169230769231 10668.0
49.597818181818184 -1.659 10060.181818181818
50.335181818181816 6.872636363636364 6513.909090909091
52.28178571428572 -1.9396428571428572 7650.785714285715
50.748200000000004 -0.6564666666666666 3731.0666666666666
41.21009090909091 2.0307272727272725 1090.5454545454545
51.83445 3.38755 11552.85
51.3837 0.4542 5494.2
31.755 -7.838 3309.0
56.805499999999995 24.1625 2521.5
48.05513333333333 14.0576 8526.0
51.171 -0.0215 895.0
50.21677777777778 20.114888888888892 10058.0
55.47 12.807 2049.0
55.506869565217386 4.6466956521739124 10972.0
44.695 1.1065 11582.0
51.64963636363636 0.1851818181818182 3115.6363636363635
38.628 -9.217 952.0
43.74709090909091 11.099772727272727 633.375
39.0085 25.4555 10972.0
53.77172727272727 -3.2124545454545452 10972.0
48.474333333333334 8.727166666666667 6810.833333333333
51.541714285714285 -3.2642142857142855 9024.642857142857
47.77416666666667 6.253 10253.5
42.75125 -1.595875 11277.0
47.17266666666667 17.900777777777776 10966.555555555555
52.82071428571429 3.7647142857142857 11162.857142857143
52.5418 -7.37852 5779.96
55.615874999999996 12.642 0.0
46.1896 6.0388 642.4
46.106941176470585 -1.9541176470588235 11582.0
51.478 -0.23586666666666667 918.5333333333333
52.54447619047619 8.915000000000001 10668.0
37.1265 -4.5024999999999995 5131.5
55.674600000000005 35.751733333333334 6757.0
51.0079 -1.1676 4959.8
52.018571428571434 -0.2887142857142857 1678.4285714285713
53.6835 -3.893 8854.0
53.296 7.3965 11277.0
42.883 1.9025833333333333 11042.583333333334
56.75725 25.299750000000003 3979.0
51.934 2.0103 5479.8
55.856206896551726 -4.460586206896552 874.3004926108374
42.55513333333333 -1.8215333333333332 11277.0
46.89133333333333 5.356111111111112 8384.888888888889
50.638411764705886 -0.9442941176470587 4964.941176470588
45.9178 11.386 11277.0
48.54942857142857 2.7767142857142857 11283.857142857143
60.21975 24.24525 4328.875
40.521692307692305 8.55423076923077 11285.0
40.44527272727273 -3.3059090909090907 10974.90909090909
40.0093 0.2388 11277.0
52.41178947368421 3.0819473684210528 10675.0
51.69683333333333 0.8509444444444444 4116.611111111111
53.05 -1.399923076923077 10355.0
47.79636363636364 3.6983636363636365 11590.0
42.93378947368421 -2.153842105263158 10363.0
51.465 -0.25233333333333335 1027.0666666666666
49.114117647058826 40.42941176470588 10668.0
48.73075 2.51875 8228.0
51.64663636363636 0.07154545454545455 2672.4545454545455
51.466068965517245 -0.4342758620689655 0.0
37.09685714285714 -5.102714285714286 4876.0
51.646 0.24566666666666667 3423.8888888888887
52.59014285714286 -8.449 4143.857142857143
49.45345454545455 6.363363636363636 10961.363636363636
45.5015 16.08716666666667 10972.0
48.366846153846154 16.70169230769231 3997.076923076923
45.46057142857143 0.9948571428571429 9753.0
51.465 -0.3201428571428571 365.7142857142857
48.147 18.135 3078.0
56.284 12.032714285714286 10668.0
51.981818181818184 9.57618181818182 9444.181818181818
38.02245454545454 -4.2441818181818185 9374.454545454546
53.762375 -3.408875 10980.0
48.3136 40.392700000000005 10063.6
45.6390625 -2.5110625 11582.0
55.63607692307692 12.68423076923077 192.53846153846155
42.623 1.4813333333333334 9306.333333333334
57.2 -2.196 381.0
48.7335 2.4365 188.875
52.402 38.927 10668.0
59.336 18.0625 2689.5
52.12011111111111 5.407777777777778 10972.0
42.306785714285716 -3.0100714285714285 11582.0
41.82 26.609 11887.0
56.15019047619048 30.358285714285717 11277.0
56.593999999999994 -6.193250000000001 10980.0
39.4965 -5.4384999999999994 5486.0
40.789058823529416 -2.925705882352941 10980.0
32.7772380952381 34.034111111111116 7156.968253968254
39.30738461538461 -9.12776923076923 3595.230769230769
44.003 0.8049999999999999 11277.0
54.251 11.36725 10957.0
47.08725 4.216875 8846.0
39.90330769230769 -0.192 4178.846153846154
52.504105263157896 15.794210526315789 7156.0
52.60923076923077 5.859 11597.0
39.6186 -3.8731 7563.5
39.82547368421053 -8.704947368421053 6374.9473684210525
51.09953333333333 0.27673333333333333 4265.466666666666
51.68241666666667 -3.5460833333333337 9499.75
51.1972 -0.2798 1761.2
40.47363101604278 -3.572770053475936 445.86096256684493
51.71608333333334 1.8683333333333334 7224.833333333333
48.72866666666667 2.4109999999999996 220.33333333333334
36.58267151767152 33.47534927234928 9902.64656964657
54.344 37.525 10370.0
48.322 -2.859 10965.0
45.03181818181818 39.177 27.636363636363637
56.04071428571429 37.647 1007.5714285714286
36.815 -4.28 6096.0
56.59118181818182 -3.1180909090909092 7171.727272727273
47.24123076923077 8.19076923076923 10363.0
44.60916666666667 11.56775 11589.333333333334
57.9034 14.9467 11594.9
50.3038 19.0554 10988.0
51.478 -0.29938095238095236 661.047619047619
42.0225 35.09525 10364.75
52.09811111111111 1.5242222222222221 9643.0
46.2475 20.281875 11574.0
47.17523809523809 5.688380952380952 10972.0
50.23166666666666 8.442 11285.0
55.53933333333333 11.892 3921.0
39.74183333333333 -1.0643333333333334 6249.0
55.830555555555556 13.123666666666667 2149.4444444444443
55.021 5.256785714285714 10978.285714285714
54.3351 -5.4931 5155.8
49.354 -1.2536666666666667 10822.333333333334
39.75244444444444 28.321 12496.0
40.9492 0.7378 9599.2
54.543470588235294 20.204588235294118 10375.176470588236
55.808615384615386 12.952846153846155 1104.0
55.971 37.37810483870968 274.0
39.918619047619046 0.12252380952380953 10767.52380952381
51.164153846153845 -0.06992307692307692 576.0
40.94914285714286 0.04428571428571428 8839.0
52.89581818181818 39.595000000000006 10965.0
52.13786666666667 3.8861333333333334 11590.0
46.93691666666667 6.4665 12192.0
50.745000000000005 0.656 4111.0
52.702 25.795499999999997 10668.0
51.85336363636363 2.572363636363636 7315.0
48.741499999999995 2.4798333333333336 341.1666666666667
49.144866666666665 2.0652000000000004 11277.0
54.00706666666667 -5.709666666666666 4805.4
57.8126 13.424199999999999 10972.0
46.39125 5.874750000000001 6181.0
51.949894736842104 7.208473684210526 8982.578947368422
56.31373333333334 37.7252 2478.6
46.21957142857143 1.1744285714285714 10363.0
47.740375 1.85925 7779.25
44.97545454545454 0.08527272727272728 10972.0
47.72342857142857 -0.8811428571428571 9753.0
43.596 -7.41 11277.0
54.5203 9.6451 11222.0
52.20333333333333 4.196555555555555 11590.0
44.50044444444445 0.10166666666666667 11574.0
54.4605 38.0662 10660.0
54.2111 38.075900000000004 10668.0
48.4864 16.1246 2041.4
51.79066666666667 -0.26866666666666666 7684.777777777777
51.16416666666667 -0.06999999999999999 415.6666666666667
54.627428571428574 24.852999999999998 10668.0
51.2756 3.8638 10363.0
55.63644444444444 37.85133333333333 4577.444444444444
37.69992857142857 -4.1737142857142855 10148.0
55.82706666666667 10.060666666666666 9624.133333333333
49.734 2.569 10972.0
48.185432432432435 7.546027027027027 6656.4324324324325
39.0358947368421 -8.993842105263157 1506.9473684210527
51.65861538461538 -0.37553846153846154 2446.0
54.69345454545454 11.789818181818182 8142.545454545455
45.503099999999996 12.343 38.0
51.8498 -7.614800000000001 5038.9
53.08263636363637 0.6852727272727273 8229.0
51.15673913043478 -0.12421739130434782 411.04347826086956
46.23706882591093 6.10851012145749 443.8056680161943
51.416 21.669 10058.0
51.478 -0.26171428571428573 671.4285714285714
55.625 12.643857142857144 0.0
42.35733333333333 0.34400000000000003 11277.0
54.29194444444444 4.064722222222223 12192.0
42.38126666666667 1.5937333333333334 9427.333333333334
52.108 6.9742 11586.8
44.29563636363636 1.010909090909091 11292.0
49.93375 -6.33425 10668.0
46.724625 -1.3979374999999998 11277.0
51.941 0.027 2118.0
48.102333333333334 40.38633333333333 10357.666666666666
52.0376 -1.2334 4974.0
47.59788235294118 7.427235294117647 7881.941176470588
54.349714285714285 -5.077642857142857 4454.571428571428
44.16105882352941 6.983941176470588 10980.0
51.74628571428571 1.5935714285714286 8234.285714285714
50.306 7.612333333333333 10972.0
48.3484375 -2.0484999999999998 11574.0
56.71652631578947 24.98636842105263 6044.315789473684
51.64866666666667 2.0856 8643.333333333334
53.489333333333335 -6.248 3001.6666666666665
46.230666666666664 5.770238095238096 5134.0
47.82525 4.86875 10972.0
53.14936363636364 -2.7522727272727274 10058.0
36.88854545454546 -4.798227272727273 1980.9545454545455
56.35175 19.399 12192.0
47.455 8.561399999999999 2842.0
56.7335 28.244500000000002 10363.0
38.53685714285714 -5.298285714285715 8842.142857142857
54.3236 11.5558 9733.2
56.949909090909095 18.245 11582.0
47.0296875 -2.3659375000000002 10366.9375
55.131 10.725 8229.0
53.755857142857145 25.618857142857145 10972.0
54.652692307692305 -5.783846153846154 1649.5384615384614
49.947857142857146 18.143071428571428 10668.0
49.134454545454545 3.4413636363636364 11590.0
53.29891666666666 6.6005 11582.0
55.555 11.9225 3542.5
35.9725 -5.034 5558.0
47.6054 17.469 10363.0
48.322199999999995 3.3946 11574.0
32.19345454545454 34.14390909090909 6740.818181818182
48.215333333333334 1.4021333333333332 10357.133333333333
48.90175 2.3028750000000002 8838.0
46.0762 9.129000000000001 10160.4
44.09766666666667 6.999333333333333 11590.0
49.879999999999995 -7.5441666666666665 11879.0
52.30457142857143 1.4208571428571428 9351.57142857143
46.8782 7.4655 7770.6
37.6044 -7.4106 4572.0
42.956300000000006 9.7317 10972.0
51.4 -0.49544444444444447 1373.0
56.9175 23.97025 297.0
42.0129 -4.9333 5791.0
40.05792446043165 5.2737122302158275 10058.0
39.5995 -5.9017 11277.0
45.267545454545456 -0.33136363636363636 11582.0
55.8814 38.182199999999995 3597.8
53.42012944162437 -6.248 320.9060913705584
55.3842 11.741999999999999 2530.6
50.767 -0.551 3642.0
51.76533333333333 -0.6756666666666667 2946.0
55.2813 -4.0451999999999995 6589.1
46.680485714285716 39.95025714285714 10055.485714285714
55.921 3.802 11277.0
47.1104 4.3054 8844.6
48.85492857142857 6.590214285714286 5485.428571428572
45.771 5.147 6545.0
51.6224 0.09493333333333333 4976.866666666667
57.755842105263156 11.570473684210526 11887.0
43.58853333333334 -3.9145333333333334 11894.0
55.742799999999995 36.1638 5568.0
41.6825 -2.89025 9410.5
55.859 12.935 1554.0
58.8837 19.7451 11574.0
42.8754 0.8328 10363.0
48.578210526315786 15.882631578947368 6185.0526315789475
51.914 3.314 10972.0
52.211 2.4059999999999997 9151.0
35.039 -1.4929166666666667 10979.333333333334
48.3535 2.7265 8839.0
43.19266666666667 29.68875 10972.0
41.66438461538461 0.19030769230769232 11277.0
46.7998125 -0.4364375 11567.4375
47.85572727272727 6.188909090909091 10355.0
50.3708 13.0952 10988.0
57.591166666666666 15.13 10668.0
38.098 -0.789 4610.0
38.05023076923077 -0.8026153846153846 2150.3076923076924
40.60733333333333 -1.7321666666666666 8687.666666666666
51.78633333333333 3.542 9797.833333333334
50.24405882352941 10.69435294117647 11585.29411764706
56.026 12.982 2179.0
53.9502 38.153000000000006 10668.0
53.05471428571428 -2.922285714285714 10076.42857142857
46.4988 7.853400000000001 5484.4
50.9306 4.3994 1093.6
42.99229411764706 10.29670588235294 10972.0
49.753375 30.16375 10972.0
55.032 11.144 7833.0
50.7395294117647 3.1684117647058825 7747.058823529412
52.32028571428572 4.8748571428571426 467.85714285714283
54.84046153846154 31.758307692307692 9448.0
43.563523255813955 39.304872093023256 2634.1511627906975
46.1884 6.034999999999999 1677.2
49.32905 1.2662499999999999 10660.0
52.614599999999996 6.4675 11582.0
34.0066 -5.084 11582.0
51.5906 -0.9174 6569.6
52.047 -4.447 9940.0
53.283272727272724 27.184272727272727 10058.0
52.425999999999995 5.147600000000001 11590.0
54.069266666666664 -2.8830666666666667 11285.0
46.929050000000004 28.919 0.0
47.13813333333333 -4.547933333333334 11277.0
55.66642857142857 12.731333333333334 467.2857142857143
51.18792857142857 0.11535714285714285 1043.0
32.061181818181815 -7.523090909090909 9036.636363636364
50.879 9.096 7482.0
48.00338461538462 15.619 11277.0
46.82445454545455 0.5063636363636363 8986.818181818182
39.233 -7.37575 10965.0
47.271142857142856 -2.3154285714285714 10363.0
52.264384615384614 6.782307692307692 6893.115384615385
50.93 -0.9467 4420.8
55.864 16.314 10050.0
49.37385714285714 2.955 11574.0
43.81366666666667 11.097 1381.0
50.833636363636366 6.752454545454546 11264.545454545454
41.294000000000004 2.9153636363636366 6872.454545454545
52.844 3.822 11247.0
46.328133333333334 6.451733333333333 4936.133333333333
51.708615384615385 -0.5232307692307693 3352.0
47.0894 0.7342 10966.4
43.7946 -0.966 11277.0
55.763769230769235 12.883384615384616 1291.3846153846155
52.31206410256411 4.773115384615385 38.03846153846153
51.12646153846154 0.9126153846153846 3352.0
50.775 3.319 8138.0
46.9586 5.2452000000000005 10244.0
56.15511111111111 7.536888888888889 11590.0
57.4675 14.374749999999999 11582.0
58.530375 18.697499999999998 11574.0
54.713 -6.008 1104.0
54.39409090909091 12.31490909090909 7467.090909090909
49.66166666666667 2.2453333333333334 11582.0
51.174 1.068 4183.0
52.032000000000004 4.641285714285714 1526.0
54.9265 10.233625 9420.875
49.04636363636364 2.6143636363636364 10050.0
42.64953333333334 -2.9468 11158.666666666666
47.36714285714286 -1.1217857142857144 11582.0
44.968 -2.9421785714285713 10973.42857142857
43.936125000000004 -7.409125 11582.0
47.498294117647056 7.956470588235294 10970.35294117647
52.56781818181818 3.733363636363636 3345.3636363636365
37.03644444444445 -4.602111111111111 4236.555555555556
56.086333333333336 37.67766666666667 1076.3333333333333
56.92432310177706 23.971510500807753 180.75605815831986
50.79714285714286 -1.199857142857143 5379.285714285715
43.58708333333333 22.682833333333335 9328.833333333334
51.465 -0.0444 1332.0
52.89075 -2.746 10066.0
48.08745454545455 2.766272727272727 10668.0
41.239888888888885 2.0532222222222223 564.8888888888889
48.1428125 -2.4131875 10972.0
46.825 6.149818181818182 10370.0
54.591235294117645 9.821823529411764 10604.411764705883
56.13027272727273 36.789545454545454 4052.909090909091
51.42607692307692 4.424307692307692 7711.384615384615
47.701 1.229 6728.0
41.88578571428572 -4.392428571428571 10972.0
39.494571428571426 -0.4977142857142857 389.57142857142856
40.485 -7.649222222222222 6400.0
55.646 10.786 11582.0
49.19495238095238 1.445142857142857 12192.0
56.7055 10.9703 9448.0
51.4686 10.4992 10988.0
50.925 3.354 7932.0
53.43344444444444 -5.044888888888889 7564.444444444444
48.02976923076923 40.38376923076923 10356.846153846154
55.37566666666667 32.856 10058.0
37.418 -5.843333333333334 85.66666666666666
44.9022 10.5208 10735.1
54.39683333333333 9.644083333333334 10363.0
49.263111111111115 9.559555555555557 10370.0
55.623 12.664 190.0
43.91525 14.639375 10972.0
55.6505 35.6010625 6284.6875
53.35699319727891 -2.2759931972789116 373.0
39.97792307692308 0.15984615384615383 9938.615384615385
54.026777777777774 6.937444444444445 11277.0
40.7524 22.8582 2719.8
48.8085 -1.4093749999999998 11583.0
33.76645454545455 -7.737 3960.7272727272725
55.61794557823129 12.64 0.0
40.52206666666667 22.974555555555554 22.0
50.91 4.575 350.0
50.63438461538461 6.425461538461539 11574.0
44.929857142857145 8.24157142857143 12192.0
49.50566666666667 1.3716666666666666 8848.666666666666
51.948499999999996 -0.3067391304347826 10972.0
51.733909090909094 -1.2854545454545454 4572.0
41.571333333333335 3.650333333333333 10363.0
51.9298 -3.4166 11582.0
46.922000000000004 40.103249999999996 10668.0
54.083 -4.223 8717.0
56.309083333333334 37.552 2891.0
59.65038036809816 17.958822085889572 122.79754601226995
53.278000000000006 -5.8782 1558.8
59.043 4.977 9144.0
50.787058823529414 0.5738823529411764 3862.9411764705883
42.81076923076923 -1.6473846153846152 11887.0
54.486789473684205 10.136368421052632 10972.0
54.63722222222223 38.083888888888886 9918.888888888889
43.423 39.821 1192.5714285714287
55.260823529411766 33.617176470588234 11277.0
55.64341666666667 12.696166666666667 517.4166666666666
51.28733333333333 -0.48216666666666663 3658.3333333333335
51.29025 2.660875 8804.25
56.289 37.5625 2430.6666666666665
56.11833333333333 37.65091666666667 1188.0
55.47714285714286 12.808714285714286 823.2857142857143
48.23846666666667 13.4258 11879.0
48.767909090909086 4.072863636363636 11569.863636363636
53.52286666666667 5.677666666666667 10668.0
51.092888888888886 2.6765555555555554 6660.111111111111
38.607 -2.4025 10044.75
55.98416666666667 37.504999999999995 402.05555555555554
52.062999999999995 -1.3171818181818182 4834.454545454545
40.48870119521912 -3.580577689243028 451.9362549800797
37.22508333333333 -8.461166666666667 10250.75
52.2052 4.7927 1379.7
45.283076923076926 16.422461538461537 12496.0
47.334500000000006 0.838 11277.0
39.487631578947365 -0.25057894736842107 840.8947368421053
50.13358823529412 -7.374235294117647 10965.0
57.78911764705882 18.53464705882353 11582.0
40.278888888888886 -3.3393333333333333 1518.611111111111
36.711 -4.55 754.0
48.95070731707317 2.0114268292682924 8816.182926829268
52.1145 7.669499999999999 10972.0
48.5942 40.40286666666667 10363.0
46.66014 -3.4158 11582.0
56.128 30.567999999999998 11277.0
41.778636363636366 -5.730818181818182 10972.0
48.21036363636364 -2.0100909090909087 10972.0
49.488090909090914 9.247454545454545 7315.0
51.15875 -0.5832499999999999 3956.5
52.9456 -2.7482 5791.0
52.57484210526316 13.443526315789473 655.3157894736842
50.05271428571429 1.6232857142857142 10343.285714285714
50.10657894736842 8.789631578947368 1201.8947368421052
55.928333333333335 7.448666666666667 11274.333333333334
50.3932 5.273533333333333 10186.666666666666
53.297769230769234 -2.487923076923077 10973.846153846154
49.226333333333336 16.469 10972.0
48.544 9.105 11841.0
55.67733333333334 34.19841666666667 9943.916666666666
40.85057142857143 -2.7791428571428574 5023.9047619047615
36.77755555555555 -7.777666666666667 11574.0
38.764102996254685 -9.134029962546816 0.0
55.751 12.863800000000001 1086.2
51.805 -7.918333333333333 4919.333333333333
34.65946153846154 31.62830769230769 9753.0
52.37288888888889 39.86205555555555 10363.0
49.33247368421053 4.94278947368421 11582.0
40.335625 33.57390625 10363.0
60.35254545454545 25.20418181818182 2647.0
48.42126666666667 4.639333333333333 10972.0
47.726181818181814 0.7179090909090908 11282.818181818182
43.25363636363637 -6.372 11887.0
51.216 0.268 3657.0
45.31171428571429 -0.48392857142857143 11582.0
47.0506 7.469 6516.2
40.60575 -3.77075 3684.0
59.947250000000004 21.216833333333334 5486.0
56.23277777777778 18.316222222222223 12187.555555555555
51.3054 3.5698000000000003 9738.0
42.69571428571429 -2.588 10363.0
49.92872727272727 12.881 11582.0
48.35653846153846 -2.607846153846154 11582.0
52.631 -2.4396666666666667 9059.333333333334
54.89205882352941 10.77835294117647 9493.411764705883
48.29066666666667 14.193333333333333 2081.3333333333335
50.064142857142855 8.612857142857143 374.85714285714283
51.45492307692307 -2.991230769230769 3232.076923076923
45.46005704697987 9.278395973154362 79.27852348993288
48.56 -2.0125 10970.5
45.442166666666665 1.3496666666666666 11277.444444444445
53.431649851632045 -6.250501483679525 95.94065281899111
55.6080625 5.059 11285.0
51.1315 -0.759 3954.25
46.30642857142857 6.210142857142857 951.1428571428571
52.22481818181818 1.9436363636363636 9396.363636363636
51.3464375 22.783875000000002 10668.0
52.18533333333333 8.594666666666667 11582.0
52.08618181818182 39.08790909090909 10668.0
58.84730769230769 14.294846153846153 11277.0
47.7705 6.192500000000001 12192.0
43.9612 8.3384 10972.0
48.029 4.533 10972.0
47.98 7.138090909090908 5916.909090909091
51.379583333333336 -0.20266666666666666 2285.8333333333335
53.657333333333334 26.529333333333334 10058.0
48.5142 15.8504 3972.8
54.33172727272727 38.23581818181818 10058.0
42.004238095238094 2.3216666666666668 4473.0952380952385
40.79353846153846 -3.258538461538462 10363.0
52.0225 1.109 7322.5
51.308 -0.7083999999999999 3930.8
43.7303076923077 0.7297692307692307 11582.0
56.49275 17.5576875 11582.0
43.30733333333333 8.430916666666667 10976.666666666666
48.48046153846154 3.735076923076923 11567.0
52.96 -1.347 10980.0
54.193000000000005 8.724 11590.0
51.77133333333333 2.703333333333333 10972.0
50.2935 -1.5446666666666666 7529.0
53.38090909090909 -1.8555454545454546 10370.0
54.01576923076923 6.930923076923077 11277.0
54.349937499999996 -5.046375 4655.625
37.418 -5.842820512820513 88.48717948717949
44.994 20.211333333333332 2105.3333333333335
37.94209090909091 -4.466363636363637 7892.0
46.15578947368421 5.9823157894736845 2343.7368421052633
52.93385714285714 -1.9497142857142857 11277.0
39.28828571428571 -0.8180000000000001 10675.0
41.30566666666667 1.839 3466.6666666666665
51.166666666666664 -0.052333333333333336 487.3333333333333
49.458850000000005 3.17045 11277.0
46.9384705882353 40.11311764705882 10668.0
38.60072727272727 -2.4831818181818184 11277.0
53.7254 7.1778 11277.0
59.820764705882354 17.940176470588234 1025.3529411764705
53.56273684210526 -1.868421052631579 1626.9473684210527
32.430125000000004 33.636375 7095.6875
48.881 5.683999999999999 10972.0
51.464571428571425 -0.45242857142857146 0.0
56.54584615384615 14.006769230769232 6355.692307692308
54.45814285714285 24.51342857142857 10973.142857142857
51.0255 2.783125 9057.125
51.18307142857143 0.06678571428571428 1213.7142857142858
56.3624 37.4186 2133.0
53.4809 16.5435 10959.4
41.34890909090909 11.263363636363636 7049.090909090909
51.61933333333333 -0.5420476190476191 3345.0
51.911 5.115 11643.0
50.5558 11.793 11569.8
55.972 37.4419568 123.4272
53.4564 -5.4516 6009.8
43.387 -2.94 1303.0
53.81309090909091 21.355727272727272 10668.0
50.876285714285714 -0.19242857142857145 2857.9285714285716
56.8456 14.5114 10668.0
56.48 27.188 10744.0
52.581 -2.3113333333333332 9441.0
54.413999999999994 -3.148875 10058.0
50.1025 1.5842500000000002 9846.5
55.975245033112586 37.36790066225166 0.0
48.674 3.272818181818182 11574.0
54.78884615384615 9.582615384615385 11887.0
46.721199999999996 6.284 11582.0
58.23463636363636 6.719181818181818 8099.181818181818
46.339036585365854 6.017987804878048 4325.475609756098
49.4604 2.9884 10966.4
52.4388 4.3896 1726.4
51.928636363636365 4.4235454545454544 8069.363636363636
49.2115 11.5265 10966.75
51.5793 -1.1623 4572.0
51.596111111111114 -3.1822222222222223 9429.777777777777
44.52826666666667 -1.091 10972.0
50.906 4.419 914.0
52.34788888888889 2.339777777777778 10675.0
50.345666666666666 40.55022222222222 10972.0
42.5782 -2.3495999999999997 10363.0
58.5395 14.170083333333332 10668.0
51.3946923076923 0.053153846153846156 3111.846153846154
47.897 4.062 10965.0
56.6688 21.986 9876.5
42.9905 -4.797499999999999 11582.0
59.103272727272724 17.604454545454548 10957.0
47.787 9.039 5074.0
52.050666666666665 1.3363333333333334 8999.0
51.464 -0.4849090909090909 532.6363636363636
43.64255555555555 7.290444444444445 1119.6666666666667
39.959 -3.8511818181818183 6103.0
51.79906666666667 2.099666666666667 8055.533333333334
46.39911764705882 0.3130588235294118 11054.529411764706
49.782 5.302 11277.0
40.4139 -7.6827000000000005 5173.8
49.76869565217392 -6.886478260869565 11269.0
40.3984 -3.354 2387.2
47.9205 0.7353 10370.0
52.049708333333335 -0.06520833333333334 1615.0
52.08842857142857 6.137 11582.0
51.9605 40.068250000000006 10986.0
46.8564 6.2282 11582.0
45.72436206896552 39.643793103448274 6618.568965517241
51.65207142857143 -0.4465 1925.5
54.75 11.6425 10660.0
47.461528301886794 8.563471698113208 632.0
54.275125 38.879374999999996 9758.0
49.15075 3.1065 11582.0
46.153 -4.634 11879.0
38.768 -9.130715779467682 75.87262357414448
55.116285714285716 27.789714285714286 10480.0
46.55488888888889 9.919888888888888 10957.0
46.37370588235294 17.061117647058825 10660.0
56.4438 13.041 2258.0
49.049 2.7525454545454546 11590.0
51.478 -0.21 1104.0
38.5665 31.1607 10363.7
36.078 28.431 10972.0
36.78333333333333 -4.664666666666667 2345.1666666666665
52.6 3.9714 2133.0
55.29816666666667 12.695666666666668 3062.8333333333335
34.726 -6.6026 9870.8
46.47446153846154 6.42576923076923 1926.1538461538462
52.25311111111111 21.069555555555556 2266.5555555555557
46.940625 5.22025 9202.25
59.761 17.999 853.0
50.89261538461538 5.088923076923077 2431.076923076923
55.622125000000004 34.86425 7607.125
35.462818181818186 -5.450363636363636 5791.0
52.332692307692305 5.528307692307693 2761.6923076923076
42.24128571428571 -2.029464285714286 10668.0
55.5394 12.4992 1922.8
50.25194117647059 1.735529411764706 11319.411764705883
52.5315 12.131499999999999 10976.5
50.847 0.794 7231.0
53.245 -4.427666666666666 9577.666666666666
53.007222222222225 19.698555555555554 8809.888888888889
58.55041666666666 17.49625 8705.0
55.236 11.604947368421053 6591.736842105263
39.059000000000005 -8.809833333333334 2366.4166666666665
40.771 -2.6005000000000003 8534.0
51.465 -0.20441176470588235 1007.4117647058823
44.96226315789473 -2.8523684210526317 10362.578947368422
45.002 15.327 10980.0
51.295 3.705 6362.0
42.89925 0.93025 11582.0
49.71785714285714 -1.5912857142857144 9730.285714285714
48.628125000000004 -1.398375 11574.0
51.32811111111111 -0.35388888888888886 2743.0
45.002605381165914 39.5927264573991 2661.385650224215
45.36082352941176 -3.7333823529411765 12192.0
48.5471875 3.3825624999999997 11581.5
51.68013333333333 0.6091333333333333 4090.133333333333
50.05458064516129 0.7110322580645161 10668.0
54.1991 7.4771 10683.0
37.5158 -5.637 921.8
55.39625 38.008875 5675.25
55.490785714285714 5.8917142857142855 11269.0
52.50877777777778 5.631333333333333 3896.0
51.979 -0.7193333333333333 3837.3333333333335
44.77616666666667 9.334 8960.5
60.15654545454545 -3.5036363636363634 11277.0
50.041999999999994 40.058461538461536 10364.076923076924
55.40988888888889 12.11111111111111 5668.0
51.334 -0.034727272727272725 2438.0
52.153800000000004 -1.3147333333333333 5135.2
42.4924 1.5244 10376.8
47.20766666666667 15.991333333333333 11277.0
53.735875 37.976625 10972.0
49.849555555555554 2.756666666666667 11574.0
38.60941176470588 -8.848235294117647 2929.764705882353
58.054 13.414000000000001 10972.0
55.807500000000005 36.3805 2491.0
55.969 37.40056666666667 216.96666666666667
40.53426666666666 -1.9845333333333333 8528.933333333332
55.95368421052631 32.11526315789473 9448.0
42.1896 21.187 10972.0
43.155499999999996 -3.1931875 3927.625
54.198 -4.573 7970.0
55.567625 12.5635 1007.5
49.35415384615385 19.341461538461537 11277.0
49.68233333333333 2.141 11033.333333333334
46.67128 6.5002 3110.32
55.659142857142854 12.707628571428572 593.8857142857142
41.70776923076923 -5.538461538461538 11589.384615384615
44.7585 3.537 9692.0
55.28935714285714 11.763857142857143 6751.642857142857
51.87425806451613 -13.173354838709677 11277.0
53.383153846153846 -3.1582307692307694 8826.076923076924
50.21390909090909 39.919 10370.0
52.15623076923077 7.368153846153846 6124.461538461538
40.45769230769231 -3.587 6145.692307692308
53.407916666666665 -6.044666666666667 957.0833333333334
43.8652380952381 7.820523809523809 10972.0
50.665181818181814 8.906181818181818 8486.727272727272
53.4185 9.525500000000001 4503.0
51.478 -0.08766666666666667 1501.0
40.43142857142857 -3.279714285714286 11582.0
45.22125 -0.47041666666666665 12192.0
55.85016 36.64796 1558.64
51.396 0.1048 3140.2
43.2495 0.6764 11590.0
47.4465 -1.1118125 10355.0
36.471823529411765 -5.932705882352941 11582.0
53.9685 -3.9210000000000003 10024.0
40.75233333333333 -1.2193333333333334 8822.111111111111
49.385642857142855 3.1262142857142856 10364.5
48.30823076923077 16.572076923076924 1295.923076923077
35.983999999999995 33.6325 10972.0
48.635 -1.403 10355.0
55.61894385527137 12.649401746724891 78.13349968808484
49.13 -2.281 10927.0
40.83833333333334 -0.5084444444444445 9441.0
52.8025 26.043333333333333 10058.0
39.534363636363636 -0.5953636363636363 1413.1818181818182
52.170249999999996 13.04125 1870.375
49.3455294117647 3.7677647058823527 10995.058823529413
56.791117647058826 8.950823529411764 11582.0
52.27916804407714 4.705658402203857 583.8457300275483
52.0075 1.7951000000000001 7010.0
38.98088888888889 -3.5592777777777775 10347.0
60.256181818181815 24.067545454545453 6091.727272727273
54.72242857142857 -5.700428571428572 996.4285714285714
51.66366666666667 0.508888888888889 7474.222222222223
50.6385 3.1845 8781.5
41.782722222222226 1.6450555555555555 7460.444444444444
55.4064 13.395 2658.6
51.608 0.09711111111111112 3352.0
40.172538461538466 -3.5356923076923077 4167.615384615385
56.78672727272727 23.076999999999998 6542.545454545455
53.5776 7.777 10929.6
55.131 37.3595 7341.25
51.57142857142858 1.4948571428571429 5339.285714285715
51.47288235294118 11.695117647058824 8373.764705882353
55.7076 12.795 814.8
50.723285714285716 4.658857142857143 8980.285714285714
49.4851 28.9249 10058.0
45.051210526315785 3.24421052631579 10668.0
52.363388888888885 4.742944444444444 558.7777777777778
40.414049999999996 -3.4760500000000003 895.6
58.79118181818182 21.171454545454544 11582.0
32.05910501193318 34.739169451073984 13051.443914081145
53.96707142857143 16.23142857142857 11582.0
42.975875 -1.264125 10668.0
45.3797 4.0842 9200.5
53.227199999999996 -1.8572 11887.0
54.81081818181818 -1.3237272727272729 10468.181818181818
48.78195 9.551350000000001 1711.7
49.191 6.559 9441.0
52.904333333333334 6.601999999999999 10363.0
43.948470588235296 7.703 9448.0
48.04777272727273 40.38436363636364 10972.0
45.06060857908847 -5.309635388739946 11277.0
53.373909090909095 5.453272727272727 11267.727272727272
45.81158823529412 5.621411764705882 10972.0
48.031666666666666 5.608 10814.666666666666
37.66525 26.55 11582.0
54.701 8.9875 11887.0
40.338 -3.399 1478.0
55.97 5.124142857142857 11277.0
55.843999999999994 12.695 1782.5
46.376 40.487 10668.0
45.60130769230769 5.751230769230769 10957.0
54.10588235294118 8.163529411764706 11887.0
50.3735 0.066 8229.0
54.440384615384616 11.890153846153845 9280.538461538461
40.58914285714285 -4.151142857142857 5241.857142857143
51.7208 1.2 4881.2
41.884125000000004 3.29 5720.8125
50.38084615384616 1.9630769230769232 10976.923076923076
50.021984881209505 8.539984881209502 251.04967602591793
50.19778947368421 -1.9341052631578948 9460.473684210527
51.477 -0.4088333333333333 296.27777777777777
44.41825 -3.73225 11582.0
38.55128571428571 27.079142857142855 1445.142857142857
39.348 0.029 5890.0
52.01384210526316 -0.4391578947368421 9540.263157894737
42.445 -6.712272727272727 11595.727272727272
54.484 8.41 11277.0
55.3742 11.38355 4942.95
46.6743 10.8256 11581.2
44.196666666666665 -5.82 10668.0
49.849 2.569 10363.0
51.64553333333333 0.15266666666666667 2743.0
50.28857142857143 7.375142857142857 11278.142857142857
48.85466666666667 14.561 10668.0
38.68666666666667 29.08 11887.0
48.70877777777778 -1.4137777777777778 10370.0
51.93617647058824 0.044352941176470595 2324.6470588235293
48.109542857142856 16.575542857142857 1630.1714285714286
39.71605263157895 -8.674631578947368 8922.736842105263
46.28575 -2.71075 10972.0
46.83805882352941 13.568941176470588 12188.235294117647
50.75247368421052 1.0022631578947367 7490.736842105263
55.10785714285714 32.00521428571429 8987.285714285714
45.3583 5.9805 10972.0
39.10894117647059 -9.03029411764706 2649.0
50.98315384615385 4.890769230769231 1001.9230769230769
50.97666666666667 -4.243333333333333 10668.0
41.04627272727273 1.0681818181818183 6831.272727272727
48.4845 3.291333333333333 10978.666666666666
47.87975 0.9653125 10976.5
50.018055555555556 40.45944444444445 10363.0
47.5720625 10.6114375 8839.0
53.11272727272727 -2.6298181818181816 10050.0
