45.243315789473684 7.931315789473684 10977.052631578947
51.25653333333333 3.9261333333333335 4997.866666666667
47.24525 -1.0509166666666667 10363.0
52.22366666666667 4.798333333333334 1229.0
51.24357142857143 0.11642857142857142 3640.714285714286
55.551 12.509 1158.0
53.277 38.493 10668.0
60.31181818181818 24.800454545454546 1671.5454545454545
50.8672 0.872 5993.2
38.3824409221902 31.705651296829974 9002.665706051874
55.94309090909091 37.22845454545455 1410.1818181818182
52.017315789473685 -2.628631578947368 9188.947368421053
52.68611764705882 -2.5218823529411765 9916.941176470587
53.52766666666667 -5.98 10668.0
42.31113333333334 28.687666666666665 11277.0
42.660866666666664 22.625466666666668 12195.266666666666
43.324200000000005 8.1726 11262.0
37.76854545454545 -4.569090909090909 11277.0
51.40126315789473 0.023789473684210527 1947.0
52.508199999999995 -8.948 3424.2
51.92281818181818 3.524363636363636 9716.636363636364
46.361599999999996 1.0198 11590.0
56.51942857142857 24.188142857142857 11277.0
55.608 6.158818181818182 11285.0
49.211 16.191000000000003 6374.0
51.17765 0.0282 1109.05
43.78675 39.5681875 6647.0
51.411500000000004 -0.009999999999999998 1702.5
55.5716 11.966999999999999 3336.8
55.589749999999995 12.013250000000001 3288.5625
45.029981891348086 39.17839839034205 25.730382293762574
51.476 -0.6624666666666666 957.2666666666667
42.95463636363637 9.267636363636363 10980.0
53.42245454545454 -6.303454545454545 692.1818181818182
57.7717 16.3032 12189.6
57.534555555555556 11.007333333333333 11269.0
51.189571428571426 0.11628571428571428 1367.5714285714287
50.95522222222222 -0.156 2162.4444444444443
45.327333333333335 13.131933333333333 11277.0
51.8205 2.745 7315.0
46.14908333333333 39.96766666666667 10972.0
34.45442857142857 -10.342142857142857 11277.0
51.18936363636364 0.049727272727272724 3636.090909090909
46.213142857142856 6.072071428571428 488.64285714285717
53.59227272727273 -2.6134545454545455 7627.0
55.933 5.061 11887.0
38.58 -9.055 2286.0
52.22941176470589 9.689705882352941 10972.0
51.216 0.266 3817.0
54.92722222222222 32.12933333333333 10668.0
48.91327272727273 3.563909090909091 10972.0
46.0375 17.594 11290.833333333334
52.68942105263158 -0.13021052631578947 12192.0
48.834 -3.017 11269.0
45.94474418604651 -5.3786046511627905 11585.348837209302
55.7064 12.7936 844.2
38.784333333333336 26.579466666666665 10351.266666666666
49.08526666666667 3.7484666666666664 11589.466666666667
53.871 6.246 11894.0
52.3929 13.5924 454.7
51.12155 0.35525 4112.85
46.276 8.9227 11583.1
51.62533333333333 -0.04211111111111111 2350.6111111111113
51.181799999999996 0.0572 1051.0
53.4045 -6.4990000000000006 2872.0
37.8442 -4.0496 10278.8
47.548272727272725 -2.1409090909090907 10970.09090909091
57.89154545454546 20.612727272727273 11582.0
38.777 -9.1328 7232.0
52.398375 13.616375 1140.875
56.3675 16.433166666666665 10379.333333333334
55.212823529411764 10.967470588235294 7707.411764705882
56.778888888888886 23.27177777777778 5141.444444444444
51.30515384615384 3.003076923076923 10300.23076923077
55.974 -4.195384615384615 1145.1538461538462
55.251357142857145 12.618214285714284 3283.9285714285716
49.778727272727274 15.097454545454546 10370.0
42.66511764705882 1.1986470588235294 10363.0
51.47569264069264 -0.4428874458874459 41.904761904761905
43.108666666666664 -4.073 10652.0
43.39883333333333 -3.0100000000000002 2319.5
55.71006666666667 12.929333333333332 1385.2666666666667
49.54326666666667 2.1155333333333335 11593.266666666666
41.469727272727276 1.702 5195.181818181818
46.052800000000005 -1.9928000000000001 12192.0
41.58925000000001 -5.521875 5181.0
55.08909090909091 12.448818181818181 4839.818181818182
46.81285714285714 6.142357142857143 10970.5
59.1676875 18.1590625 2818.0
58.016 18.6354 13106.0
54.4095 37.9951 10675.0
50.577 3.741 10066.0
49.63193333333333 10.675733333333334 10972.0
50.49272727272727 -1.256 6852.636363636364
48.25009090909091 0.4062727272727273 11582.0
48.0212 5.3915999999999995 8243.533333333333
39.20411111111111 -8.939 4731.444444444444
37.783272727272724 -4.726454545454545 11277.0
48.7006 -1.9054 10219.4
51.345461538461535 -0.06907692307692306 2430.6153846153848
52.5132 7.175 8337.6
50.254599999999996 19.031200000000002 10363.0
55.045 29.347 10050.0
54.019999999999996 -4.0188 8398.45
51.477823529411765 -0.3518235294117647 347.2352941176471
48.9783125 3.8100625 11277.0
53.535833333333336 -3.574 8839.0
33.8075 35.407624999999996 998.625
57.74638461538461 20.344538461538463 11569.307692307691
37.34259340659341 31.014395604395602 5969.857142857143
39.69357142857143 24.261285714285716 10363.0
43.305882352941175 10.722764705882353 9448.0
49.784600000000005 2.2647999999999997 9753.0
51.5741 -0.6495 1931.6
53.5926923076923 38.65084615384615 10058.0
53.255199999999995 1.6802000000000001 10628.2
51.465 -0.08288235294117648 1361.7058823529412
52.82372727272727 3.8303636363636366 11888.90909090909
53.947500000000005 27.9235 10046.5
52.3176 10.9458 11582.0
45.83116666666667 9.374833333333333 10959.5
47.19766666666667 7.743 6364.666666666667
40.686571428571426 -6.699857142857143 8526.0
41.403285714285715 2.391714285714286 1297.4285714285713
51.47325 -0.07175000000000001 1405.125
55.774142857142856 12.59057142857143 1838.2857142857142
48.031 40.383 10668.0
47.84892307692308 -0.36053846153846153 11590.0
55.044466666666665 -3.5912 9145.0
33.308142857142855 -7.567642857142857 324.39285714285717
57.80266666666667 14.87625 11578.666666666666
46.19831818181818 40.40809090909091 10319.227272727272
52.85857142857142 11.033285714285714 10668.0
44.684636363636365 -0.9270909090909091 10979.272727272728
49.71333333333333 19.772888888888886 10668.0
53.46026666666667 -0.20986666666666667 11582.0
46.251200000000004 0.4012 10042.4
52.8965 -5.197 4045.5
49.911 6.8124 10972.0
54.6092 8.716000000000001 11887.0
50.64470588235294 5.090411764705882 11582.0
51.17372727272728 0.27672727272727277 4622.181818181818
57.986999999999995 19.032700000000002 11285.0
41.446222222222225 -6.689777777777778 11272.555555555555
58.39622222222222 20.25022222222222 7315.0
47.881181818181815 3.174 8531.818181818182
55.420153846153845 13.772692307692308 10376.76923076923
51.3676 -0.39440000000000003 2441.2
51.65881818181818 -0.47927272727272724 2743.0
47.295047619047615 -0.994095238095238 11582.0
54.136428571428574 38.25514285714286 10538.238095238095
38.9958 -9.151200000000001 3501.8
50.9557 40.5219 10058.0
51.2475 -0.32 2548.0
57.832727272727276 27.569636363636363 11887.0
39.2875 -4.686 11582.0
51.17958823529412 0.04123529411764706 1154.0588235294117
53.625 0.3925 10668.0
46.17881818181818 6.020181818181818 1794.6363636363637
43.85413333333334 1.2718666666666667 9448.0
48.28175 1.49675 10370.0
55.98760869565217 37.37465217391305 113.0
51.705363636363636 -4.647181818181818 10973.454545454546
54.4005 8.71 11277.0
52.179833333333335 5.2509999999999994 8553.333333333334
52.32946428571428 4.718285714285714 0.0
45.398 -3.013 11277.0
41.1622 10.927 9968.2
39.73533333333333 -0.129 11887.0
42.53066666666666 1.2623333333333333 10428.666666666666
45.400777777777776 -0.48466666666666663 10972.0
55.6734 34.229 10550.4
50.22085714285714 20.09942857142857 10660.0
59.7124 18.225 1976.4
45.6547 10.7111 10363.0
53.294666666666664 8.180666666666667 9283.0
42.977799999999995 0.9753999999999999 10370.0
55.60453846153846 34.693769230769234 8100.461538461538
53.1665 -0.40425 11277.0
56.277857142857144 37.62342857142857 1595.5714285714287
51.821384615384616 -7.2928461538461535 10265.923076923076
51.465 -0.06561904761904762 1276.1904761904761
51.66 -0.515 3055.0
46.3895 5.732 11871.0
45.648384615384614 19.14253846153846 10668.0
47.403636363636366 8.979363636363637 5798.272727272727
39.65811764705882 -4.552411764705882 10668.0
41.353 -0.45915384615384613 10858.384615384615
43.786699999999996 1.2988 10988.0
40.3195 -3.8033 3016.6
48.02489024390244 4.334731707317073 9753.0
48.51078571428572 4.739571428571429 11582.0
47.5708 21.903 10668.0
51.84876923076923 6.294307692307692 10660.0
53.061875 39.517875 10363.0
56.362307692307695 33.325923076923075 10972.0
50.02966666666667 10.829666666666666 11582.0
49.19757142857143 8.291642857142858 7353.214285714285
51.785 1.776 7315.0
51.48761538461538 -0.10276923076923077 5704.153846153846
45.59046153846154 12.139153846153846 6327.153846153846
41.84409090909091 12.650181818181817 5439.454545454545
48.31622222222222 16.64788888888889 3474.222222222222
50.76178947368421 0.6239473684210526 3930.684210526316
48.5823125 10.3819375 12192.0
43.287285714285716 24.10985714285714 10972.0
55.60269230769231 12.62023076923077 121.84615384615384
52.629888888888885 13.614 1744.0
52.35357647058824 9.99650588235294 12193.564705882352
50.97229411764706 8.994176470588236 10363.0
51.11375 0.36691666666666667 3990.0833333333335
40.487 -3.58972 136.36
54.878653846153846 26.462846153846154 11277.0
35.79485714285715 25.355857142857143 2647.285714285714
58.10676923076923 20.992461538461537 7315.0
50.049875 5.254625 10347.0
48.22633333333333 -1.1706666666666667 12192.0
47.134933333333336 -1.0098 11582.533333333333
50.729 -1.1827999999999999 5420.6
56.2515 36.0242 4664.2
53.349999999999994 7.97975 9235.25
47.2399 3.8377 11262.0
52.562599999999996 -1.8604 5791.0
52.188 -1.3993333333333333 11277.0
50.96115384615385 -0.932923076923077 4207.7692307692305
40.872 0.1573 9448.0
56.47329411764706 13.353470588235293 10972.0
55.612 16.012999999999998 11590.0
43.23525 19.197125 10965.0
40.624500000000005 -2.6454 5231.8
52.898 -5.158 4716.0
55.61671681415929 12.646141592920355 3433.407079646018
41.138777777777776 -3.1824444444444446 10363.0
43.71881818181818 -2.839409090909091 6284.363636363636
50.64357142857143 1.1169285714285715 8062.785714285715
52.90225 24.2915 10675.0
37.9992 -3.7361 10945.4
45.1668 17.5682 11575.6
54.2096 14.967 11184.2
46.24976425855513 6.1273422053231945 378.95817490494295
47.35907692307692 -0.3320769230769231 12192.0
46.14491666666667 6.176416666666666 3040.0
48.992 12.224 11574.0
59.117 20.894411764705882 11855.235294117647
44.2751875 0.2430625 10972.0
59.760625 17.9575 758.375
52.462315789473685 25.208 10668.0
42.09880952380952 36.798 10668.0
48.39464705882353 9.462 8117.764705882353
55.61017948717949 12.62825641025641 195.56410256410257
53.3814 -6.0092 4823.0
59.664968253968254 17.92404761904762 155.61904761904762
54.69873333333334 8.952466666666666 11738.466666666667
54.040090909090914 -6.2709090909090905 3879.7272727272725
51.534666666666666 0.027333333333333334 1884.3333333333333
49.94539130434783 -1.6955652173913043 9512.739130434782
40.397909090909096 -8.64481818181818 11130.454545454546
49.95 9.373 2133.0
39.74155555555556 -0.20427777777777775 2479.8333333333335
41.495400000000004 -5.2023 10363.0
42.15025 -4.017625 11887.0
50.43535714285714 1.5061428571428572 8531.142857142857
55.289428571428566 11.136285714285714 7068.428571428572
50.211666666666666 9.236888888888888 7010.0
53.431125 9.4 10357.5
47.684384615384616 3.2964615384615383 10451.23076923077
55.76535294117647 36.29982352941177 3954.0
55.902 36.298 4945.0
47.00541176470588 -4.689823529411765 11582.0
44.7752 -2.9626 10355.0
54.8975 26.551875 10668.0
41.530647058823526 -3.093588235294118 10972.0
49.974428571428575 -1.3612857142857142 8409.0
55.35471428571428 12.747571428571428 2159.8571428571427
47.44763636363637 -3.257090909090909 10965.0
53.48128571428572 -3.7112857142857143 10596.42857142857
51.04054545454545 0.2812727272727273 1966.7272727272727
43.567214285714286 21.825071428571427 8735.0
40.211 -2.136 10069.5
56.834 13.208782608695651 11573.0
56.2895 37.06316666666667 3039.6666666666665
55.955 -3.3542608695652176 85.30434782608695
55.62339534883721 12.663720930232557 80.5813953488372
53.384125000000004 -5.9025 1311.25
34.83625000000001 32.554833333333335 9752.333333333334
57.391999999999996 11.591444444444445 11277.0
52.53127272727273 -2.209 8721.272727272728
52.8537 14.5863 7711.4
52.9788 7.336 11475.0
42.39904347826087 1.9983478260869567 11292.0
53.335307591048704 -2.851 2759.2496709082934
56.185857142857145 13.616285714285715 7903.285714285715
42.251799999999996 -3.4668 11277.0
54.66 37.328 9250.0
40.6372 -3.6806 2568.8
51.17823076923077 0.11876923076923077 1268.6923076923076
51.813500000000005 5.0385 11277.0
59.18466666666667 32.58166666666667 11887.0
54.69155555555555 28.701444444444444 10972.0
52.40663636363636 13.652 676.8181818181819
45.52153846153846 39.23992307692308 11277.0
33.31188888888889 -7.567962962962963 405.8888888888889
47.22 7.547733333333333 2743.133333333333
46.2202304737516 6.082235595390525 1171.180537772087
41.967176470588235 12.074294117647058 2968.8823529411766
48.125 10.842 11582.0
50.632882352941174 36.62088235294117 736.8235294117648
43.59066666666667 0.7586666666666667 10668.0
52.325 13.298 1744.0
47.524 -4.063000000000001 11582.0
51.980000000000004 0.1165 2735.25
40.38545454545454 -2.4983636363636363 11885.545454545454
56.82431578947368 9.262105263157896 11575.263157894737
52.1466 6.7874 7799.4
52.41188888888889 -7.886555555555556 6589.555555555556
47.39355 16.30715 5203.8
52.392 13.05875 11582.0
38.00246153846154 -3.495076923076923 11105.538461538461
47.8165 5.8805 11498.0
47.285125 0.638 10363.0
59.242 15.664363636363635 7138.272727272727
55.49670588235294 13.056647058823529 1499.0588235294117
42.90242857142857 23.317285714285713 3305.285714285714
47.12355 28.18285 6833.7
50.91005882352941 4.572941176470588 356.52941176470586
50.11288888888889 -1.4732222222222222 8923.444444444445
38.246900000000004 -7.5597 11567.0
41.57683333333333 11.671833333333334 4693.666666666667
57.022555555555556 14.516777777777778 10860.0
51.558571428571426 14.429285714285713 6711.857142857143
53.226600000000005 -0.4409 8798.8
49.837125 2.7255 7021.375
47.888642857142855 40.37878571428571 10353.285714285714
51.178111111111114 0.2684444444444445 3464.1111111111113
40.7464 0.2276 8822.0
45.742 16.079426966292136 25.786516853932586
51.419937499999996 -2.08125 5425.75
56.02321428571429 15.994142857142856 11285.0
52.51014285714286 38.87571428571429 10668.0
56.67441176470589 25.728823529411766 8300.882352941177
50.7836 0.5853999999999999 3761.2
55.7445 13.069312499999999 1670.875
50.8525 -0.1780625 3530.3125
51.694529411764705 -0.7168823529411764 3048.0
47.138000000000005 8.065333333333333 11579.333333333334
43.3382 0.8477 10988.0
50.56675 14.36225 11277.0
59.7918 22.469 8305.6
56.229894736842105 4.855736842105263 12184.0
51.144400000000005 0.3342 1942.05
51.83533333333333 0.132 4088.6666666666665
43.4684 12.7486 9565.8
55.78672 12.7902 985.84
46.26036 6.1414 550.84
54.772 9.998 10805.0
49.708666666666666 3.4873333333333334 10972.0
59.59122222222222 31.041777777777778 10668.0
47.47166883116883 8.50687012987013 6733.11038961039
47.405928571428575 -2.2858571428571426 10972.0
53.142823529411764 -2.1548823529411765 10972.0
44.56333333333333 -3.938333333333333 11279.666666666666
52.27084615384616 2.4733846153846155 11597.923076923076
45.81 16.349 10668.0
37.197199999999995 24.96493333333333 11277.0
38.675 -9.194 1828.0
56.22 37.83733333333333 3545.3333333333335
39.034625 -8.7625 1913.25
50.986333333333334 -0.244 3601.0
51.57709090909091 -0.0920909090909091 1829.090909090909
53.419666666666664 -4.640666666666666 7124.333333333333
48.74780952380952 2.5166666666666666 786.952380952381
59.10227272727273 20.099363636363638 7315.0
51.376 -0.05885714285714286 2147.5714285714284
51.690571428571424 0.7672857142857143 4404.857142857143
44.003 6.8028 7022.4
47.9 2.4073529411764705 11292.0
55.6055 35.286625 5637.875
42.92341666666666 -2.910833333333333 11582.0
43.12855555555556 6.449222222222223 10972.0
51.66166666666667 2.5883333333333334 9865.0
51.17466666666667 0.006999999999999999 908.6666666666666
45.6742 19.394399999999997 11571.2
55.148 30.7962 9448.0
49.6376 -4.7562 11277.0
49.96261904761905 12.35852380952381 11577.809523809523
51.525 13.917 7989.8
32.245823529411766 34.13917647058823 6031.058823529412
50.25066666666667 40.54066666666667 10972.0
43.060545454545455 6.417 9144.0
34.48025 -6.24175 11182.375
45.68528571428571 -0.29542857142857143 10363.0
37.50354545454545 -4.142545454545455 10668.0
46.349000000000004 -0.4358 11582.0
35.492666666666665 -5.957 10972.0
60.0608 21.936933333333332 11246.0
52.0968 37.1242 10058.0
44.57228571428571 -4.209142857142857 11277.0
46.18576923076923 -4.566923076923077 10675.0
52.25118181818181 8.650363636363636 8534.0
44.02585714285714 -3.1518571428571427 10355.0
51.17975 0.0419375 968.375
51.251636363636365 -0.023 2787.909090909091
39.3902 -0.7202 11277.0
51.8954 23.9365 10675.0
53.4202 -6.2576 320.0
48.173500000000004 18.275 3207.5
45.888397260273976 -4.850027397260273 11277.0
46.22233333333333 18.904 11582.0
37.71 31.263 8907.0
56.04341176470588 37.68694117647058 1002.3529411764706
40.292 -2.925 10972.0
52.3065 -1.6503333333333334 6421.0
34.586999999999996 -7.7761538461538455 8760.0
41.15472727272727 1.9402727272727274 1990.0
53.8265294117647 6.495470588235294 11887.0
42.633 23.468 2377.0
55.7729 11.1389 12192.0
44.42845454545455 8.744909090909092 11582.0
43.176500000000004 38.12116666666667 10668.0
52.21245454545455 3.0295454545454548 11181.272727272728
56.46989473684211 37.333789473684206 2438.0
44.007200000000005 -3.9856000000000003 11277.0
38.97535294117647 32.219058823529416 10668.0
45.76981818181818 -0.4097272727272727 10972.0
55.520818181818186 32.57763636363636 10980.0
35.82627272727273 28.497545454545456 11582.0
50.189800000000005 1.6834 9684.8
43.09215384615385 -2.101153846153846 8534.0
51.971000000000004 -0.024999999999999998 5516.333333333333
49.76375 -1.6323333333333332 10034.75
48.376 -1.346 11574.0
46.22576 -2.9182 7620.0
41.468 -8.848333333333333 10972.0
55.37964705882353 -0.18176470588235294 10972.0
48.96071428571429 40.41585714285714 10363.0
56.669124999999994 29.372374999999998 9753.0
33.95872727272727 34.35116363636364 9933.454545454544
55.6935 34.087 11690.75
42.64692 4.59904 11277.0
52.209 10.645 10363.0
57.948 15.982 6400.0
48.05031578947368 17.39721052631579 1130.0
47.563 -1.7375 11582.0
50.536 11.329 7414.0
51.02838461538462 0.04807692307692307 2207.230769230769
59.034600000000005 22.8502 9276.4
49.09792307692308 -2.3233076923076923 10363.0
45.159 39.6515 10972.0
51.708 1.987 8001.0
49.666880000000006 -1.686 10678.84
44.969 0.36066666666666664 11582.0
51.62875 3.926 4548.75
44.238 0.094 10972.0
37.781357142857146 -4.196785714285714 6096.0
44.73914285714286 39.52628571428571 10378.0
44.0006 24.0424 11887.0
48.96784615384615 11.412 11582.0
51.25142857142857 18.800071428571428 11277.0
33.865375 -6.7235000000000005 5791.0
49.9706 41.0126 10972.0
52.17144827586207 20.945896551724136 292.34482758620686
48.554 2.012 3352.0
42.32241176470588 12.001235294117647 5515.235294117647
50.895823529411764 0.7561176470588236 6461.35294117647
55.733333333333334 12.413 2443.3333333333335
42.3136 -2.5084 10972.0
44.918352941176465 12.742764705882353 10063.64705882353
49.50875 5.888249999999999 10972.0
53.17754545454545 11.190909090909091 11282.818181818182
46.27482608695652 6.163119565217391 702.7608695652174
51.76595833333333 1.375375 6083.541666666667
55.94681818181818 37.249818181818185 1358.2727272727273
40.10422222222222 0.3358888888888889 10427.333333333334
38.76534814814815 -9.134 15.0
44.0962 1.7053333333333334 11277.0
41.204750000000004 -3.143 11582.0
50.019333333333336 40.5155 10972.0
47.80222222222222 16.184444444444445 9753.0
47.64454285714286 7.490885714285715 360.45714285714286
54.724333333333334 -5.648333333333333 1960.0
49.34825 17.60725 10668.0
40.96490909090909 0.7082727272727273 8296.272727272728
53.68454545454546 28.281909090909092 9448.0
52.18223076923077 20.87930769230769 895.6153846153846
51.324999999999996 0.04757142857142858 2743.0
52.098083333333335 4.40625 2133.0
52.00381818181818 0.9041818181818182 6920.545454545455
51.72671428571428 1.287 6702.714285714285
54.105 11.475999999999999 10664.0
46.10815625 -3.77259375 12192.0
55.4066 12.5236 3222.8
48.620461538461534 -1.9867692307692308 10363.0
49.20915789473685 18.95036842105263 10064.315789473685
51.464576271186445 -0.4422542372881356 214.94915254237287
42.973 9.509 10972.0
53.42176923076923 -6.281923076923077 427.6923076923077
48.467 9.037285714285714 11594.0
51.75585714285714 -0.08385714285714287 3317.4285714285716
40.973 -0.48240000000000016 6977.6
51.648 -0.13032 2748.04
