48.433058823529414 3.9047647058823527 10980.0
38.4285 -8.975285714285715 2898.785714285714
46.9015 19.0365 11887.0
41.031375 -8.34325 1741.875
47.88739130434783 -2.1429565217391304 8839.0
49.063809523809525 -2.215666666666667 11586.952380952382
52.45633333333333 3.529333333333333 10382.666666666666
56.608 36.897000000000006 4857.5
43.9636 20.527 10668.0
48.5642 3.925 10972.0
45.398375 1.0923749999999999 11587.5
41.115 22.043625 8360.0
52.117666666666665 -1.3283333333333334 5356.166666666667
50.11311111111111 1.549111111111111 10524.444444444445
52.08616666666667 6.454666666666667 10363.0
44.464 17.509 10972.0
39.218 -9.174 2705.0
45.045818181818184 5.826545454545454 11576.181818181818
52.70225 39.69775 10185.5
47.908727272727276 8.59890909090909 3040.7272727272725
54.4925 9.214714285714287 10660.0
54.79244444444444 11.215777777777777 11277.0
35.997 33.679 10363.0
38.95782352941176 -1.3728235294117648 10058.0
47.855399999999996 -2.1842 11285.0
55.04474999999999 9.35825 12192.0
51.19213157894737 -3.667855263157895 3031.7368421052633
55.3112 15.464 10668.0
54.48578571428571 9.296642857142857 11277.0
46.93058333333333 29.10258333333333 668.9166666666666
41.117599999999996 -1.8666 8420.8
37.79588118811881 31.616168316831683 11887.0
47.417 8.391 2209.0
52.483222222222224 38.88755555555556 10668.0
59.37292307692308 21.31738461538462 10972.0
51.1772 0.1518 1450.6
56.1075 30.753500000000003 10066.0
46.12973684210526 5.951052631578947 1219.2105263157894
55.863615384615386 12.749307692307692 1206.6923076923076
47.280857142857144 7.689285714285714 2397.8571428571427
52.7635 38.835928571428575 10666.285714285714
51.18342105263158 0.20489473684210527 1569.7894736842106
48.21063636363637 2.899090909090909 8223.90909090909
52.52372727272727 -1.7776363636363637 8072.181818181818
44.60892857142857 6.206428571428572 10713.07142857143
40.727357142857144 -7.261928571428571 5791.0
47.60016666666667 7.521083333333333 130.0
51.435 0.046 1935.0
48.8795 40.411100000000005 10667.2
41.89328571428571 -3.491142857142857 10147.57142857143
