EDDB UUEE 1
EDDF LTBJ 1
EDDH EGLL 2
EDDS UUEE 1
EFHK EBBR 1
EFHK EKCH 1
EFHK ESSA 1
EFHK UUEE 2
EGCC ESSA 1
EGCC LTAI 1
EGGW LBSF 1
EGKK EDDB 1
EGKK EKCH 2
EGKK LEMI 1
EGLL EKCH 1
EGLL LFSB 1
EGLL LIRF 1
EGLL LPPT 1
EGLL LSGG 1
EGLL UUEE 2
EGPH EGSS 1
EGPH EIDW 1
EHAM ESSA 1
EIDW EGKK 1
EIDW EGLL 1
EIDW LUKK 1
EKCH EGGP 1
EKCH EGKK 1
EKCH EGLL 3
EKCH EHAM 2
EKCH ESSA 1
EKCH LEBL 1
EKCH LEMD 1
ELLX EGLL 1
EPWA EGLL 1
EPWA LBSF 1
EPWA LSZH 1
EVRA EGKK 1
EVRA EKCH 2
LDZA EGLL 2
LDZA EHAM 1
LEBB LPPT 1
LEBL EDDB 1
LEBL EGGW 1
LEBL EGKK 1
LEBL EKCH 1
LEBL LEZL 1
LEBL LIRF 1
LEGR LEBL 1
LEMD EGLL 2
LEMD EHAM 1
LEMD EIDW 2
LEMD LFPO 1
LEMD UUEE 1
LEMG EGKK 2
LEVC EGKK 2
LFPO LEMD 1
LIMC UUEE 1
LIPZ LSGG 1
LIRF UUEE 1
LIRQ EHAM 1
LLBG EGKK 1
LLBG EGLL 4
LLBG LIRF 1
LOWW EGLL 1
LPPT EGLL 3
LPPT EHAM 1
LSGG EGLL 1
LSGG EGPF 1
LSZH EGLL 1
LSZH EHAM 1
OLBA EHAM 1
UKLL EGGW 1
URSS UUEE 2
UUEE EDDB 2
UUEE EHAM 1
UUEE LIRF 1
UUEE URSS 1
